17:45:07.945 [main                     ] DEBUG Logger               - Configured Logger
17:45:07.987 [main                     ] DEBUG GameApplication      - Logging settings
Title: 2023 Tank
Version: Version 1.0
Width: 816
Height: 672
Fullscreen: false
Intro: false
Profiling: false
Single step:false
App Mode: DEVELOPER
Menu Key: ESCAPE
Stage Style: DECORATED
Scene Factory: class com.wjy_chy.tank.TankApp$1

17:45:08.535 [JavaFX Application Thread] DEBUG FXGLApplication      - Initializing FXGL
17:45:08.540 [JavaFX Application Thread] INFO  Engine               - FXGL-17.1 (24.03.2022 17.34) on WINDOWS (J:21.0.1 FX:18)
17:45:08.541 [JavaFX Application Thread] DEBUG Engine               - JRE Vendor Name: Oracle Corporation
17:45:08.541 [JavaFX Application Thread] DEBUG Engine               - Running on OS: Windows 10 version 10.0
17:45:08.541 [JavaFX Application Thread] DEBUG Engine               - Architecture: amd64
17:45:08.541 [JavaFX Application Thread] INFO  Engine               - Source code and latest versions at: https://github.com/AlmasB/FXGL
17:45:08.541 [JavaFX Application Thread] INFO  Engine               -       Ask questions and discuss at: https://github.com/AlmasB/FXGL/discussions
17:45:08.542 [JavaFX Application Thread] INFO  Engine               -              Join the FXGL chat at: https://gitter.im/AlmasB/FXGL
17:45:08.698 [JavaFX Application Thread] DEBUG PrimaryStageWindow   - Creating a JavaFX scene
17:45:08.757 [JavaFX Application Thread] DEBUG PrimaryStageWindow   - Target settings size: 816.0 x 672.0
17:45:08.757 [JavaFX Application Thread] DEBUG PrimaryStageWindow   - Scaled scene size:    816.0 x 672.0
17:45:08.758 [JavaFX Application Thread] DEBUG PrimaryStageWindow   - Scaled ratio: (1.0, 1.0)
17:45:08.759 [JavaFX Application Thread] DEBUG PrimaryStageWindow   - Set initial scene to GameStartupScene
17:45:08.768 [JavaFX Application Thread] DEBUG PrimaryStageWindow   - Opening main window
17:45:08.939 [JavaFX Application Thread] DEBUG PrimaryStageWindow   - Window border size: (14.66668701171875, 37.33331298828125)
17:45:08.940 [JavaFX Application Thread] DEBUG PrimaryStageWindow   - Scaled size: 816.0 x 672.0
17:45:08.940 [JavaFX Application Thread] DEBUG PrimaryStageWindow   - Scaled ratio: (1.0, 1.0)
17:45:08.940 [JavaFX Application Thread] DEBUG PrimaryStageWindow   - Scene size: 816.0 x 672.0
17:45:08.941 [JavaFX Application Thread] DEBUG PrimaryStageWindow   - Stage size: 830.6666870117188 x 709.3333129882812
17:45:08.950 [FXGL Background Thread 1 ] DEBUG Engine               - Initializing environment variables
17:45:09.009 [FXGL Background Thread 1 ] DEBUG FXGLAssetLoaderServi - User app class for loading assets: class com.wjy_chy.tank.TankApp
17:45:09.009 [FXGL Background Thread 1 ] DEBUG GameApplicationServi - Applying CSS: fxgl_dark.css
17:45:09.010 [FXGL Background Thread 1 ] DEBUG FXGLAssetLoaderServi - Loading from file system: jar:file:///C:/Users/胡/.m2/repository/com/github/almasb/fxgl/17.1/fxgl-17.1.jar!/fxglassets/ui/css/fxgl_dark.css
17:45:09.033 [FXGL Background Thread 1 ] DEBUG GameApplicationServi - Applying CSS: tankApp.css
17:45:09.033 [FXGL Background Thread 1 ] DEBUG FXGLAssetLoaderServi - Loading from file system: file:/D:/IDEAproject/tankGame/target/classes/assets/ui/css/tankApp.css
17:45:09.034 [FXGL Background Thread 1 ] DEBUG GameApplicationServi - Initializing application scenes
17:45:09.038 [FXGL Background Thread 1 ] DEBUG GameWorld            - Game world initialized
17:45:09.118 [FXGL Background Thread 1 ] DEBUG PhysicsWorld         - Physics world initialized: appHeight=672, physics.ppm=50.0
17:45:09.118 [FXGL Background Thread 1 ] DEBUG PhysicsWorld         - Using strategy: BRUTE_FORCE
17:45:09.122 [FXGL Background Thread 1 ] DEBUG GameScene            - Game scene initialized: 816x672
17:45:09.125 [FXGL Background Thread 1 ] DEBUG FXGLAssetLoaderServi - Loading from file system: file:/D:/IDEAproject/tankGame/target/classes/assets/textures/ui/logo.png
17:45:09.147 [FXGL Background Thread 1 ] DEBUG FXGLAssetLoaderServi - Loading from file system: file:/D:/IDEAproject/tankGame/target/classes/assets/textures/ui/icon.png
17:45:09.157 [FXGL Background Thread 1 ] DEBUG FXGLAssetLoaderServi - Loading from file system: file:/D:/IDEAproject/tankGame/target/classes/assets/textures/ui/tankLoading.png
17:45:09.173 [FXGL Background Thread 1 ] DEBUG FXGLAssetLoaderServi - Loading from file system: file:/D:/IDEAproject/tankGame/target/classes/assets/textures/ui/fxgl.png
17:45:09.232 [FXGL Background Thread 1 ] DEBUG FXGL.DefaultMenu     - createMenuBodyGameMenu()
17:45:09.243 [FXGL Background Thread 1 ] DEBUG FXGL.DefaultMenu     - createOptionsMenu()
17:45:09.250 [FXGL Background Thread 1 ] DEBUG FXGLAssetLoaderServi - Loading from file system: jar:file:///C:/Users/胡/.m2/repository/com/github/almasb/fxgl/17.1/fxgl-17.1.jar!/fxglassets/textures/particles/smoke.png
17:45:09.338 [FXGL Background Thread 1 ] DEBUG FXGLAssetLoaderServi - Loading from file system: jar:file:///C:/Users/胡/.m2/repository/com/github/almasb/fxgl/17.1/fxgl-17.1.jar!/fxglassets/textures/particles/trace_horizontal.png
17:45:09.368 [FXGL Background Thread 1 ] DEBUG GameApplicationServi - Application scenes initialized
17:45:09.380 [FXGL Background Thread 1 ] DEBUG SystemBundleService  - Loading FXGL system data
17:45:09.384 [FXGL Background Thread 1 ] DEBUG FileSystemAccess     - Reading from: D:\IDEAproject\tankGame\system\fxgl.bundle
17:45:09.394 [FXGL Background Thread 1 ] DEBUG SystemBundleService  - Bundle FXGL: {}
17:45:09.394 [FXGL Background Thread 1 ] DEBUG UpdaterService       - Checking for updates
17:45:09.398 [FXGL Background Thread 4 ] DEBUG FXGLApplication      - Loading fonts
17:45:09.399 [FXGL Background Thread 1 ] DEBUG FXGLApplication      - Loading default localization
17:45:09.399 [FXGL Background Thread 4 ] DEBUG FXGLAssetLoaderServi - Loading from file system: jar:file:///C:/Users/胡/.m2/repository/com/github/almasb/fxgl/17.1/fxgl-17.1.jar!/fxglassets/ui/fonts/VarelaRound-Regular.ttf
17:45:09.399 [FXGL Background Thread 1 ] DEBUG FXGLAssetLoaderServi - Loading from file system: jar:file:///C:/Users/胡/.m2/repository/com/github/almasb/fxgl/17.1/fxgl-17.1.jar!/fxglassets/languages/english.lang
17:45:09.426 [FXGL Background Thread 1 ] INFO  FXGLApplication      - FXGL initialization took: 0.476 sec
17:45:09.433 [FXGL Background Thread 4 ] DEBUG FXGLAssetLoaderServi - Loading from file system: jar:file:///C:/Users/胡/.m2/repository/com/github/almasb/fxgl/17.1/fxgl-17.1.jar!/fxglassets/ui/fonts/Abel-Regular.ttf
17:45:09.436 [FXGL Background Thread 4 ] DEBUG FXGLAssetLoaderServi - Loading from file system: jar:file:///C:/Users/胡/.m2/repository/com/github/almasb/fxgl/17.1/fxgl-17.1.jar!/fxglassets/ui/fonts/TerminalLandMono-Regular.otf
17:45:09.439 [JavaFX Application Thread] DEBUG Input                - Registered new binding: action0 - W
17:45:09.440 [JavaFX Application Thread] DEBUG Input                - Registered new binding: action1 - Up
17:45:09.440 [FXGL Background Thread 4 ] DEBUG FXGLAssetLoaderServi - Loading from file system: jar:file:///C:/Users/胡/.m2/repository/com/github/almasb/fxgl/17.1/fxgl-17.1.jar!/fxglassets/ui/fonts/Courier-Prime.ttf
17:45:09.440 [JavaFX Application Thread] DEBUG Input                - Registered new binding: action2 - S
17:45:09.441 [JavaFX Application Thread] DEBUG Input                - Registered new binding: action3 - Down
17:45:09.441 [JavaFX Application Thread] DEBUG Input                - Registered new binding: action4 - A
17:45:09.442 [JavaFX Application Thread] DEBUG Input                - Registered new binding: action5 - Left
17:45:09.442 [JavaFX Application Thread] DEBUG Input                - Registered new binding: action6 - D
17:45:09.442 [JavaFX Application Thread] DEBUG Input                - Registered new binding: action7 - Right
17:45:09.443 [JavaFX Application Thread] DEBUG Input                - Registered new binding: action8 - Space
17:45:09.443 [JavaFX Application Thread] DEBUG Input                - Registered new binding: action9 - F
17:45:09.450 [JavaFX Application Thread] DEBUG FXGLAssetLoaderServi - Loading from file system: file:/D:/IDEAproject/tankGame/target/classes/assets/textures/ui/cursor.png
17:45:09.453 [JavaFX Application Thread] DEBUG Input                - Registered new binding: Screenshot - CTRL+8
17:45:09.454 [JavaFX Application Thread] DEBUG Input                - Registered new binding: System info dump - CTRL+9
17:45:09.455 [JavaFX Application Thread] DEBUG Input                - Registered new binding: Restart - CTRL+R
17:45:09.455 [JavaFX Application Thread] DEBUG Input                - Registered new binding: Toggle Debug Camera - CTRL+7
17:45:09.458 [JavaFX Application Thread] DEBUG LoopRunner           - Starting loop
17:45:09.458 [JavaFX Application Thread] DEBUG LoopRunner           - Initializing JavaFX AnimationTimerLoop
17:45:09.462 [JavaFX Application Thread] DEBUG Input                - Clearing active input actions
17:45:09.471 [JavaFX Application Thread] DEBUG GameApplicationServi - Removing overlay from GameStartupScene and adding to FXGLMainMenuDummyScene
17:45:09.472 [JavaFX Application Thread] DEBUG PrimaryStageWindow   - GameStartupScene -> FXGLMainMenuDummyScene
17:45:09.472 [JavaFX Application Thread] DEBUG PrimaryStageWindow   - Push state: GameMainMenu
17:45:09.472 [JavaFX Application Thread] DEBUG FXGLAssetLoaderServi - Loading from file system: file:/D:/IDEAproject/tankGame/target/classes/assets/sounds/mainMenuLoad.wav
17:45:09.579 [JavaFX Application Thread] DEBUG Input                - Clearing active input actions
17:45:09.584 [JavaFX Application Thread] DEBUG GameApplicationServi - Removing overlay from FXGLMainMenuDummyScene and adding to GameMainMenu
17:45:09.584 [JavaFX Application Thread] DEBUG PrimaryStageWindow   - FXGLMainMenuDummyScene -> GameMainMenu
17:45:09.585 [JavaFX Application Thread] DEBUG FXGLApplication      - Registering font factories with UI factory
17:45:10.491 [FXGL Background Thread 2 ] INFO  UpdaterService       - Your current version:  17.1
17:45:10.492 [FXGL Background Thread 2 ] INFO  UpdaterService       - Latest stable version: 17.3
17:45:11.596 [JavaFX Application Thread] DEBUG FXGLAssetLoaderServi - Loading from file system: file:/D:/IDEAproject/tankGame/target/classes/assets/sounds/mainMenuHover.wav
17:45:12.397 [FXGL Background Thread 3 ] DEBUG Engine               - Logging environment variables
17:45:12.400 [FXGL Background Thread 3 ] DEBUG Engine               - achievements: []
17:45:12.400 [FXGL Background Thread 3 ] DEBUG Engine               - actualHeight: 672.0
17:45:12.400 [FXGL Background Thread 3 ] DEBUG Engine               - actualHeightProperty: ReadOnlyDoubleProperty [value: 672.0]
17:45:12.401 [FXGL Background Thread 3 ] DEBUG Engine               - actualWidth: 816.0
17:45:12.401 [FXGL Background Thread 3 ] DEBUG Engine               - actualWidthProperty: ReadOnlyDoubleProperty [value: 816.0]
17:45:12.401 [FXGL Background Thread 3 ] DEBUG Engine               - appIcon: ui/icon.png
17:45:12.401 [FXGL Background Thread 3 ] DEBUG Engine               - applicationMode: DEVELOPER
17:45:12.402 [FXGL Background Thread 3 ] DEBUG Engine               - cSSList: [fxgl_dark.css, tankApp.css]
17:45:12.402 [FXGL Background Thread 3 ] DEBUG Engine               - collisionDetectionStrategy: BRUTE_FORCE
17:45:12.402 [FXGL Background Thread 3 ] DEBUG Engine               - configClass: Optional.empty
17:45:12.402 [FXGL Background Thread 3 ] DEBUG Engine               - credits: []
17:45:12.403 [FXGL Background Thread 3 ] DEBUG Engine               - defaultCursor: CursorInfo(imageName=ui/cursor.png, hotspotX=0.0, hotspotY=0.0)
17:45:12.404 [FXGL Background Thread 3 ] DEBUG Engine               - devBBoxColorProperty: ObjectProperty [value: 0xff0000ff]
17:45:12.404 [FXGL Background Thread 3 ] DEBUG Engine               - devEnableDebugCameraProperty: BooleanProperty [value: false]
17:45:12.405 [FXGL Background Thread 3 ] DEBUG Engine               - devSensorColorProperty: ObjectProperty [value: 0xffff00ff]
17:45:12.405 [FXGL Background Thread 3 ] DEBUG Engine               - devShowBBoxProperty: BooleanProperty [value: false]
17:45:12.405 [FXGL Background Thread 3 ] DEBUG Engine               - devShowPositionProperty: BooleanProperty [value: false]
17:45:12.405 [FXGL Background Thread 3 ] DEBUG Engine               - enabledMenuItems: []
17:45:12.406 [FXGL Background Thread 3 ] DEBUG Engine               - engineServices: [class com.almasb.fxgl.app.services.FXGLAssetLoaderService, class com.almasb.fxgl.app.FXGLApplication$GameApplicationService, class com.almasb.fxgl.app.services.FXGLDialogService, class com.almasb.fxgl.app.services.IOTaskExecutorService, class com.almasb.fxgl.io.FileSystemService, class com.almasb.fxgl.localization.LocalizationService, class com.almasb.fxgl.app.services.SystemBundleService, class com.almasb.fxgl.profile.SaveLoadService, class com.almasb.fxgl.ui.FXGLUIFactoryServiceProvider, class com.almasb.fxgl.ui.FXGLDialogFactoryServiceProvider, class com.almasb.fxgl.audio.AudioPlayer, class com.almasb.fxgl.notification.impl.NotificationServiceProvider, class com.almasb.fxgl.achievement.AchievementService, class com.almasb.fxgl.cutscene.CutsceneService, class com.almasb.fxgl.minigames.MiniGameService, class com.almasb.fxgl.net.NetService, class com.almasb.fxgl.app.services.UpdaterService, class com.almasb.fxgl.dev.DevService]
17:45:12.406 [FXGL Background Thread 3 ] DEBUG Engine               - fontGame: Abel-Regular.ttf
17:45:12.406 [FXGL Background Thread 3 ] DEBUG Engine               - fontMono: TerminalLandMono-Regular.otf
17:45:12.406 [FXGL Background Thread 3 ] DEBUG Engine               - fontText: Courier-Prime.ttf
17:45:12.407 [FXGL Background Thread 3 ] DEBUG Engine               - fontUI: VarelaRound-Regular.ttf
17:45:12.407 [FXGL Background Thread 3 ] DEBUG Engine               - fullScreen: BooleanProperty [value: false]
17:45:12.407 [FXGL Background Thread 3 ] DEBUG Engine               - gameDifficulty: MEDIUM
17:45:12.407 [FXGL Background Thread 3 ] DEBUG Engine               - gameDifficultyProperty: ObjectProperty [value: MEDIUM]
17:45:12.407 [FXGL Background Thread 3 ] DEBUG Engine               - globalMusicVolume: 0.5
17:45:12.408 [FXGL Background Thread 3 ] DEBUG Engine               - globalMusicVolumeProperty: DoubleProperty [value: 0.5]
17:45:12.409 [FXGL Background Thread 3 ] DEBUG Engine               - globalSoundVolume: 0.5
17:45:12.409 [FXGL Background Thread 3 ] DEBUG Engine               - globalSoundVolumeProperty: DoubleProperty [value: 0.5]
17:45:12.409 [FXGL Background Thread 3 ] DEBUG Engine               - height: 672
17:45:12.410 [FXGL Background Thread 3 ] DEBUG Engine               - is3D: false
17:45:12.410 [FXGL Background Thread 3 ] DEBUG Engine               - isAndroid: false
17:45:12.410 [FXGL Background Thread 3 ] DEBUG Engine               - isBrowser: false
17:45:12.410 [FXGL Background Thread 3 ] DEBUG Engine               - isClickFeedbackEnabled: false
17:45:12.411 [FXGL Background Thread 3 ] DEBUG Engine               - isCloseConfirmation: false
17:45:12.411 [FXGL Background Thread 3 ] DEBUG Engine               - isDesktop: true
17:45:12.411 [FXGL Background Thread 3 ] DEBUG Engine               - isDeveloperMenuEnabled: false
17:45:12.412 [FXGL Background Thread 3 ] DEBUG Engine               - isEmbedded: false
17:45:12.412 [FXGL Background Thread 3 ] DEBUG Engine               - isEntityPreloadEnabled: true
17:45:12.412 [FXGL Background Thread 3 ] DEBUG Engine               - isExperimentalTiledLargeMap: false
17:45:12.412 [FXGL Background Thread 3 ] DEBUG Engine               - isFileSystemWriteAllowed: true
17:45:12.413 [FXGL Background Thread 3 ] DEBUG Engine               - isFullScreenAllowed: false
17:45:12.413 [FXGL Background Thread 3 ] DEBUG Engine               - isFullScreenFromStart: false
17:45:12.413 [FXGL Background Thread 3 ] DEBUG Engine               - isGameMenuEnabled: true
17:45:12.414 [FXGL Background Thread 3 ] DEBUG Engine               - isIOS: false
17:45:12.415 [FXGL Background Thread 3 ] DEBUG Engine               - isIntroEnabled: false
17:45:12.415 [FXGL Background Thread 3 ] DEBUG Engine               - isLinux: false
17:45:12.415 [FXGL Background Thread 3 ] DEBUG Engine               - isMac: false
17:45:12.416 [FXGL Background Thread 3 ] DEBUG Engine               - isMainMenuEnabled: true
17:45:12.416 [FXGL Background Thread 3 ] DEBUG Engine               - isManualResizeEnabled: false
17:45:12.416 [FXGL Background Thread 3 ] DEBUG Engine               - isMobile: false
17:45:12.417 [FXGL Background Thread 3 ] DEBUG Engine               - isNative: false
17:45:12.417 [FXGL Background Thread 3 ] DEBUG Engine               - isPauseMusicWhenMinimized: true
17:45:12.418 [FXGL Background Thread 3 ] DEBUG Engine               - isPreserveResizeRatio: false
17:45:12.418 [FXGL Background Thread 3 ] DEBUG Engine               - isProfilingEnabled: false
17:45:12.418 [FXGL Background Thread 3 ] DEBUG Engine               - isScaleAffectedOnResize: true
17:45:12.418 [FXGL Background Thread 3 ] DEBUG Engine               - isSingleStep: false
17:45:12.419 [FXGL Background Thread 3 ] DEBUG Engine               - isUserProfileEnabled: false
17:45:12.419 [FXGL Background Thread 3 ] DEBUG Engine               - isWindows: true
17:45:12.419 [FXGL Background Thread 3 ] DEBUG Engine               - language: ObjectProperty [value: ENGLISH]
17:45:12.420 [FXGL Background Thread 3 ] DEBUG Engine               - menuKey: ESCAPE
17:45:12.420 [FXGL Background Thread 3 ] DEBUG Engine               - mouseSensitivity: 0.2
17:45:12.421 [FXGL Background Thread 3 ] DEBUG Engine               - notificationViewClass: class com.almasb.fxgl.notification.view.XboxNotificationView
17:45:12.421 [FXGL Background Thread 3 ] DEBUG Engine               - pixelsPerMeter: 50.0
17:45:12.421 [FXGL Background Thread 3 ] DEBUG Engine               - platform: WINDOWS
17:45:12.421 [FXGL Background Thread 3 ] DEBUG Engine               - prefHeightProperty: ReadOnlyDoubleProperty [value: 672.0]
17:45:12.422 [FXGL Background Thread 3 ] DEBUG Engine               - prefWidthProperty: ReadOnlyDoubleProperty [value: 816.0]
17:45:12.422 [FXGL Background Thread 3 ] DEBUG Engine               - profileDir: profiles/
17:45:12.422 [FXGL Background Thread 3 ] DEBUG Engine               - profileName: StringProperty [value: DEFAULT]
17:45:12.422 [FXGL Background Thread 3 ] DEBUG Engine               - randomSeed: -1
17:45:12.423 [FXGL Background Thread 3 ] DEBUG Engine               - runtimeInfo: RuntimeInfo(platform=WINDOWS, version=17.1, build=24.03.2022 17.34)
17:45:12.423 [FXGL Background Thread 3 ] DEBUG Engine               - saveFileExt: sav
17:45:12.424 [FXGL Background Thread 3 ] DEBUG Engine               - scaledHeightProp$fxgl: DoubleProperty [bound, value: 672.0]
17:45:12.424 [FXGL Background Thread 3 ] DEBUG Engine               - scaledWidthProp$fxgl: DoubleProperty [bound, value: 816.0]
17:45:12.425 [FXGL Background Thread 3 ] DEBUG Engine               - sceneFactory: com.wjy_chy.tank.TankApp$1@5417a351
17:45:12.425 [FXGL Background Thread 3 ] DEBUG Engine               - secondsIn24h: 60
17:45:12.425 [FXGL Background Thread 3 ] DEBUG Engine               - soundMenuBack: menu/back.wav
17:45:12.426 [FXGL Background Thread 3 ] DEBUG Engine               - soundMenuPress: menu/press.wav
17:45:12.426 [FXGL Background Thread 3 ] DEBUG Engine               - soundMenuSelect: menu/select.wav
17:45:12.426 [FXGL Background Thread 3 ] DEBUG Engine               - soundNotification: core/notification.wav
17:45:12.427 [FXGL Background Thread 3 ] DEBUG Engine               - stageStyle: DECORATED
17:45:12.427 [FXGL Background Thread 3 ] DEBUG Engine               - supportedLanguages: [ENGLISH, FRENCH, GERMAN, HUNGARIAN, RUSSIAN]
17:45:12.427 [FXGL Background Thread 3 ] DEBUG Engine               - ticksPerSecond: -1
17:45:12.427 [FXGL Background Thread 3 ] DEBUG Engine               - title: 2023 Tank
17:45:12.428 [FXGL Background Thread 3 ] DEBUG Engine               - urlGithub: https://github.com/AlmasB/FXGL
17:45:12.428 [FXGL Background Thread 3 ] DEBUG Engine               - urlLeaderboard: http://fxgl-top.herokuapp.com/
17:45:12.428 [FXGL Background Thread 3 ] DEBUG Engine               - urlPOM: https://raw.githubusercontent.com/AlmasB/FXGL/release/README.md
17:45:12.429 [FXGL Background Thread 3 ] DEBUG Engine               - userAppClass: class com.wjy_chy.tank.TankApp
17:45:12.429 [FXGL Background Thread 3 ] DEBUG Engine               - version: Version 1.0
17:45:12.429 [FXGL Background Thread 3 ] DEBUG Engine               - versionCheckDays: 7
17:45:12.429 [FXGL Background Thread 3 ] DEBUG Engine               - width: 816
17:45:12.429 [FXGL Background Thread 3 ] DEBUG Engine               - Logging services
17:45:12.429 [FXGL Background Thread 3 ] DEBUG Engine               - class com.almasb.fxgl.app.services.FXGLAssetLoaderService
17:45:12.429 [FXGL Background Thread 3 ] DEBUG Engine               - class com.almasb.fxgl.app.FXGLApplication$GameApplicationService
17:45:12.429 [FXGL Background Thread 3 ] DEBUG Engine               - class com.almasb.fxgl.app.services.FXGLDialogService
17:45:12.430 [FXGL Background Thread 3 ] DEBUG Engine               - class com.almasb.fxgl.app.services.IOTaskExecutorService
17:45:12.430 [FXGL Background Thread 3 ] DEBUG Engine               - class com.almasb.fxgl.io.FileSystemService
17:45:12.430 [FXGL Background Thread 3 ] DEBUG Engine               - class com.almasb.fxgl.localization.LocalizationService
17:45:12.430 [FXGL Background Thread 3 ] DEBUG Engine               - class com.almasb.fxgl.app.services.SystemBundleService
17:45:12.430 [FXGL Background Thread 3 ] DEBUG Engine               - class com.almasb.fxgl.profile.SaveLoadService
17:45:12.430 [FXGL Background Thread 3 ] DEBUG Engine               - class com.almasb.fxgl.ui.FXGLUIFactoryServiceProvider
17:45:12.431 [FXGL Background Thread 3 ] DEBUG Engine               - class com.almasb.fxgl.ui.FXGLDialogFactoryServiceProvider
17:45:12.431 [FXGL Background Thread 3 ] DEBUG Engine               - class com.almasb.fxgl.audio.AudioPlayer
17:45:12.431 [FXGL Background Thread 3 ] DEBUG Engine               - class com.almasb.fxgl.notification.impl.NotificationServiceProvider
17:45:12.431 [FXGL Background Thread 3 ] DEBUG Engine               - class com.almasb.fxgl.achievement.AchievementService
17:45:12.431 [FXGL Background Thread 3 ] DEBUG Engine               - class com.almasb.fxgl.cutscene.CutsceneService
17:45:12.432 [FXGL Background Thread 3 ] DEBUG Engine               - class com.almasb.fxgl.minigames.MiniGameService
17:45:12.432 [FXGL Background Thread 3 ] DEBUG Engine               - class com.almasb.fxgl.net.NetService
17:45:12.432 [FXGL Background Thread 3 ] DEBUG Engine               - class com.almasb.fxgl.app.services.UpdaterService
17:45:12.432 [FXGL Background Thread 3 ] DEBUG Engine               - class com.almasb.fxgl.dev.DevService
17:45:15.966 [JavaFX Application Thread] DEBUG FXGLAssetLoaderServi - Loading from file system: file:/D:/IDEAproject/tankGame/target/classes/assets/sounds/select.wav
17:45:16.008 [JavaFX Application Thread] DEBUG Menu                 - fireNewGame()
17:45:16.009 [JavaFX Application Thread] DEBUG GameApplicationServi - Starting new game
17:45:16.009 [JavaFX Application Thread] DEBUG PrimaryStageWindow   - Pop state: GameMainMenu
17:45:16.009 [JavaFX Application Thread] DEBUG Input                - Clearing active input actions
17:45:16.012 [JavaFX Application Thread] DEBUG GameApplicationServi - Removing overlay from GameMainMenu and adding to FXGLMainMenuDummyScene
17:45:16.013 [JavaFX Application Thread] DEBUG PrimaryStageWindow   - FXGLMainMenuDummyScene <- GameMainMenu
17:45:16.014 [JavaFX Application Thread] DEBUG Input                - Clearing active input actions
17:45:16.080 [JavaFX Application Thread] DEBUG GameApplicationServi - Removing overlay from FXGLMainMenuDummyScene and adding to GameLoadingScene
17:45:16.081 [JavaFX Application Thread] DEBUG PrimaryStageWindow   - FXGLMainMenuDummyScene -> GameLoadingScene
17:45:16.081 [JavaFX Application Thread] DEBUG GameApplicationServi - Clearing previous game
17:45:16.082 [JavaFX Application Thread] DEBUG GameScene            - Clearing game scene
17:45:16.082 [JavaFX Application Thread] DEBUG GameWorld            - Clearing game world
17:45:16.082 [JavaFX Application Thread] DEBUG PhysicsWorld         - Clearing physics world
17:45:16.087 [FXGL Background Thread 2 ] DEBUG FXGLApplication      - Initializing game
17:45:16.091 [FXGL Background Thread 2 ] DEBUG FXGLAssetLoaderServi - Loading from file system: file:/D:/IDEAproject/tankGame/target/classes/assets/properties/game.properties
17:45:16.107 [FXGL Background Thread 2 ] DEBUG FXGLAssetLoaderServi - Loading from file system: file:/D:/IDEAproject/tankGame/target/classes/assets/textures/map/stone.png
17:45:16.110 [FXGL Background Thread 2 ] DEBUG FXGLAssetLoaderServi - Loading from file system: file:/D:/IDEAproject/tankGame/target/classes/assets/textures/map/brick.png
17:45:16.121 [FXGL Background Thread 2 ] DEBUG FXGLAssetLoaderServi - Loading from file system: file:/D:/IDEAproject/tankGame/target/classes/assets/textures/map/sea_anim.png
17:45:16.123 [FXGL Background Thread 2 ] DEBUG FXGLAssetLoaderServi - Loading from file system: file:/D:/IDEAproject/tankGame/target/classes/assets/textures/explode/explode_level_2.png
17:45:16.151 [FXGL Background Thread 2 ] INFO  FXGLApplication      - Game initialization took: 0.065 sec
17:45:16.152 [JavaFX Application Thread] DEBUG Input                - Clearing active input actions
17:45:16.173 [JavaFX Application Thread] DEBUG GameApplicationServi - Removing overlay from GameLoadingScene and adding to GameScene
17:45:16.173 [JavaFX Application Thread] DEBUG PrimaryStageWindow   - GameLoadingScene -> GameScene
17:45:17.707 [JavaFX Application Thread] WARN  TMXLevelLoader       - TiledMap generated from 1.8.4. Supported version: 1.4.2. Some features may not be parsed fully.
17:45:17.731 [JavaFX Application Thread] DEBUG TMXLevelLoader       - Parsed TiledMap: file:/D:/IDEAproject/tankGame/target/classes/assets/levels/level1.tmx
17:45:17.732 [JavaFX Application Thread] DEBUG TMXLevelLoader       - Creating tile layer entities
17:45:17.733 [JavaFX Application Thread] DEBUG TMXLevelLoader       - Creating object layer entities
17:45:17.825 [JavaFX Application Thread] DEBUG GameWorld            - Clearing removable entities
17:45:17.826 [JavaFX Application Thread] DEBUG GameWorld            - Setting level: com.almasb.fxgl.entity.level.Level@42cd3e34
17:45:17.840 [JavaFX Application Thread] DEBUG FXGLAssetLoaderServi - Loading from file system: file:/D:/IDEAproject/tankGame/target/classes/assets/sounds/start.wav
17:45:17.852 [JavaFX Application Thread] DEBUG FXGLAssetLoaderServi - Loading from file system: file:/D:/IDEAproject/tankGame/target/classes/assets/textures/tank/H1U.png
17:45:17.856 [JavaFX Application Thread] DEBUG FXGLAssetLoaderServi - Loading from file system: file:/D:/IDEAproject/tankGame/target/classes/assets/textures/item/armed_helmet.png
17:45:17.860 [JavaFX Application Thread] DEBUG FXGLAssetLoaderServi - Loading from file system: file:/D:/IDEAproject/tankGame/target/classes/assets/textures/ui/enemy_pre.png
17:45:17.863 [JavaFX Application Thread] DEBUG FXGLAssetLoaderServi - Loading from file system: file:/D:/IDEAproject/tankGame/target/classes/assets/textures/ui/levelFlag.png
17:45:17.864 [JavaFX Application Thread] DEBUG FXGLAssetLoaderServi - Loading from file system: file:/D:/IDEAproject/tankGame/target/classes/assets/textures/ui/bulletLevel.png
17:45:17.868 [JavaFX Application Thread] DEBUG FXGLAssetLoaderServi - Loading from file system: file:/D:/IDEAproject/tankGame/target/classes/assets/textures/tank/spawnTank.png
17:45:17.869 [JavaFX Application Thread] DEBUG FXGLAssetLoaderServi - Loading from file system: file:/D:/IDEAproject/tankGame/target/classes/assets/textures/tank/E6U.png
17:45:17.872 [JavaFX Application Thread] DEBUG FXGLAssetLoaderServi - Loading from file system: file:/D:/IDEAproject/tankGame/target/classes/assets/textures/tank/E9U.png
17:45:17.873 [JavaFX Application Thread] DEBUG FXGLAssetLoaderServi - Loading from file system: file:/D:/IDEAproject/tankGame/target/classes/assets/textures/tank/E7U.png
17:45:19.005 [JavaFX Application Thread] DEBUG FXGLAssetLoaderServi - Loading from file system: file:/D:/IDEAproject/tankGame/target/classes/assets/sounds/normalFire.wav
17:45:19.049 [JavaFX Application Thread] DEBUG FXGLAssetLoaderServi - Loading from file system: file:/D:/IDEAproject/tankGame/target/classes/assets/textures/bullet/normal.png
17:45:19.202 [JavaFX Application Thread] DEBUG FXGLAssetLoaderServi - Loading from file system: file:/D:/IDEAproject/tankGame/target/classes/assets/sounds/normalBomb.wav
17:45:23.498 [JavaFX Application Thread] DEBUG FXGLAssetLoaderServi - Loading from file system: file:/D:/IDEAproject/tankGame/target/classes/assets/textures/tank/E5U.png
17:45:29.516 [JavaFX Application Thread] DEBUG FXGLAssetLoaderServi - Loading from file system: file:/D:/IDEAproject/tankGame/target/classes/assets/textures/tank/E4U.png
17:45:35.517 [JavaFX Application Thread] DEBUG FXGLAssetLoaderServi - Loading from file system: file:/D:/IDEAproject/tankGame/target/classes/assets/textures/tank/E3U.png
17:45:41.532 [JavaFX Application Thread] DEBUG FXGLAssetLoaderServi - Loading from file system: file:/D:/IDEAproject/tankGame/target/classes/assets/textures/tank/E8U.png
17:45:41.538 [JavaFX Application Thread] DEBUG FXGLAssetLoaderServi - Loading from file system: file:/D:/IDEAproject/tankGame/target/classes/assets/textures/tank/E12U.png
17:45:47.550 [JavaFX Application Thread] DEBUG FXGLAssetLoaderServi - Loading from file system: file:/D:/IDEAproject/tankGame/target/classes/assets/textures/tank/E2U.png
17:45:47.588 [JavaFX Application Thread] DEBUG FXGLAssetLoaderServi - Loading from file system: file:/D:/IDEAproject/tankGame/target/classes/assets/textures/tank/E10U.png
17:45:53.547 [JavaFX Application Thread] DEBUG FXGLAssetLoaderServi - Loading from file system: file:/D:/IDEAproject/tankGame/target/classes/assets/textures/tank/E11U.png
17:46:04.571 [JavaFX Application Thread] DEBUG FXGLAssetLoaderServi - Loading from file system: file:/D:/IDEAproject/tankGame/target/classes/assets/textures/ui/GameOver.png
17:46:04.572 [JavaFX Application Thread] DEBUG PrimaryStageWindow   - Push state: FailedScene
17:46:04.572 [JavaFX Application Thread] DEBUG FXGLAssetLoaderServi - Loading from file system: file:/D:/IDEAproject/tankGame/target/classes/assets/sounds/GameOver.wav
17:46:04.611 [JavaFX Application Thread] DEBUG Input                - Clearing active input actions
17:46:04.611 [JavaFX Application Thread] DEBUG GameApplicationServi - Removing overlay from GameScene and adding to FailedScene
17:46:04.611 [JavaFX Application Thread] DEBUG PrimaryStageWindow   - GameScene -> FailedScene
17:46:05.618 [JavaFX Application Thread] DEBUG FXGLApplication      - Exiting FXGL
17:46:05.619 [JavaFX Application Thread] DEBUG LoopRunner           - Stopping loop
17:46:05.619 [JavaFX Application Thread] DEBUG SystemBundleService  - Saving FXGL system data
17:46:05.626 [JavaFX Application Thread] DEBUG FileSystemAccess     - Writing to: D:\IDEAproject\tankGame\system\fxgl.bundle
17:46:05.635 [JavaFX Application Thread] DEBUG Async                - Shutting down background threads
17:46:05.636 [JavaFX Application Thread] DEBUG PrimaryStageWindow   - Closing main window
17:46:05.758 [JavaFX Application Thread] DEBUG Logger               - Closing Logger
