15:51:25.140 [main                     ] DEBUG Logger               - Configured Logger
15:51:25.166 [main                     ] DEBUG GameApplication      - Logging settings
Title: 2023 Tank
Version: Version 1.0
Width: 816
Height: 672
Fullscreen: false
Intro: false
Profiling: false
Single step:false
App Mode: DEVELOPER
Menu Key: ESCAPE
Stage Style: DECORATED
Scene Factory: class com.wjy_chy.tank.TankApp$1

15:51:26.423 [JavaFX Application Thread] DEBUG FXGLApplication      - Initializing FXGL
15:51:26.434 [JavaFX Application Thread] INFO  Engine               - FXGL-17.1 (24.03.2022 17.34) on WINDOWS (J:21.0.1 FX:18)
15:51:26.435 [JavaFX Application Thread] DEBUG Engine               - JRE Vendor Name: Oracle Corporation
15:51:26.435 [JavaFX Application Thread] DEBUG Engine               - Running on OS: Windows 10 version 10.0
15:51:26.435 [JavaFX Application Thread] DEBUG Engine               - Architecture: amd64
15:51:26.436 [JavaFX Application Thread] INFO  Engine               - Source code and latest versions at: https://github.com/AlmasB/FXGL
15:51:26.436 [JavaFX Application Thread] INFO  Engine               -       Ask questions and discuss at: https://github.com/AlmasB/FXGL/discussions
15:51:26.436 [JavaFX Application Thread] INFO  Engine               -              Join the FXGL chat at: https://gitter.im/AlmasB/FXGL
15:51:26.618 [JavaFX Application Thread] DEBUG PrimaryStageWindow   - Creating a JavaFX scene
15:51:26.685 [JavaFX Application Thread] DEBUG PrimaryStageWindow   - Target settings size: 816.0 x 672.0
15:51:26.685 [JavaFX Application Thread] DEBUG PrimaryStageWindow   - Scaled scene size:    816.0 x 672.0
15:51:26.686 [JavaFX Application Thread] DEBUG PrimaryStageWindow   - Scaled ratio: (1.0, 1.0)
15:51:26.687 [JavaFX Application Thread] DEBUG PrimaryStageWindow   - Set initial scene to GameStartupScene
15:51:26.694 [JavaFX Application Thread] DEBUG PrimaryStageWindow   - Opening main window
15:51:26.858 [JavaFX Application Thread] DEBUG PrimaryStageWindow   - Window border size: (14.66668701171875, 37.33331298828125)
15:51:26.858 [JavaFX Application Thread] DEBUG PrimaryStageWindow   - Scaled size: 816.0 x 672.0
15:51:26.859 [JavaFX Application Thread] DEBUG PrimaryStageWindow   - Scaled ratio: (1.0, 1.0)
15:51:26.859 [JavaFX Application Thread] DEBUG PrimaryStageWindow   - Scene size: 816.0 x 672.0
15:51:26.859 [JavaFX Application Thread] DEBUG PrimaryStageWindow   - Stage size: 830.6666870117188 x 709.3333129882812
15:51:26.869 [FXGL Background Thread 1 ] DEBUG Engine               - Initializing environment variables
15:51:26.957 [FXGL Background Thread 1 ] DEBUG FXGLAssetLoaderServi - User app class for loading assets: class com.wjy_chy.tank.TankApp
15:51:26.958 [FXGL Background Thread 1 ] DEBUG GameApplicationServi - Applying CSS: fxgl_dark.css
15:51:26.958 [FXGL Background Thread 1 ] DEBUG FXGLAssetLoaderServi - Loading from file system: jar:file:///C:/Users/胡/.m2/repository/com/github/almasb/fxgl/17.1/fxgl-17.1.jar!/fxglassets/ui/css/fxgl_dark.css
15:51:26.982 [FXGL Background Thread 1 ] DEBUG GameApplicationServi - Applying CSS: tankApp.css
15:51:26.983 [FXGL Background Thread 1 ] DEBUG FXGLAssetLoaderServi - Loading from file system: file:/D:/IDEAproject/tankGame/target/classes/assets/ui/css/tankApp.css
15:51:26.984 [FXGL Background Thread 1 ] DEBUG GameApplicationServi - Initializing application scenes
15:51:26.988 [FXGL Background Thread 1 ] DEBUG GameWorld            - Game world initialized
15:51:27.064 [FXGL Background Thread 1 ] DEBUG PhysicsWorld         - Physics world initialized: appHeight=672, physics.ppm=50.0
15:51:27.064 [FXGL Background Thread 1 ] DEBUG PhysicsWorld         - Using strategy: BRUTE_FORCE
15:51:27.070 [FXGL Background Thread 1 ] DEBUG GameScene            - Game scene initialized: 816x672
15:51:27.074 [FXGL Background Thread 1 ] DEBUG FXGLAssetLoaderServi - Loading from file system: file:/D:/IDEAproject/tankGame/target/classes/assets/textures/ui/logo.png
15:51:27.111 [FXGL Background Thread 1 ] DEBUG FXGLAssetLoaderServi - Loading from file system: file:/D:/IDEAproject/tankGame/target/classes/assets/textures/ui/icon.png
15:51:27.122 [FXGL Background Thread 1 ] DEBUG FXGLAssetLoaderServi - Loading from file system: file:/D:/IDEAproject/tankGame/target/classes/assets/textures/ui/tankLoading.png
15:51:27.143 [FXGL Background Thread 1 ] DEBUG FXGLAssetLoaderServi - Loading from file system: file:/D:/IDEAproject/tankGame/target/classes/assets/textures/ui/fxgl.png
15:51:27.199 [FXGL Background Thread 1 ] DEBUG FXGL.DefaultMenu     - createMenuBodyGameMenu()
15:51:27.213 [FXGL Background Thread 1 ] DEBUG FXGL.DefaultMenu     - createOptionsMenu()
15:51:27.222 [FXGL Background Thread 1 ] DEBUG FXGLAssetLoaderServi - Loading from file system: jar:file:///C:/Users/胡/.m2/repository/com/github/almasb/fxgl/17.1/fxgl-17.1.jar!/fxglassets/textures/particles/smoke.png
15:51:27.335 [FXGL Background Thread 1 ] DEBUG FXGLAssetLoaderServi - Loading from file system: jar:file:///C:/Users/胡/.m2/repository/com/github/almasb/fxgl/17.1/fxgl-17.1.jar!/fxglassets/textures/particles/trace_horizontal.png
15:51:27.386 [FXGL Background Thread 1 ] DEBUG GameApplicationServi - Application scenes initialized
15:51:27.400 [FXGL Background Thread 1 ] DEBUG SystemBundleService  - Loading FXGL system data
15:51:27.405 [FXGL Background Thread 1 ] DEBUG FileSystemAccess     - Reading from: D:\IDEAproject\tankGame\system\fxgl.bundle
15:51:27.414 [FXGL Background Thread 1 ] DEBUG SystemBundleService  - Bundle FXGL: {}
15:51:27.415 [FXGL Background Thread 1 ] DEBUG UpdaterService       - Checking for updates
15:51:27.419 [FXGL Background Thread 4 ] DEBUG FXGLApplication      - Loading fonts
15:51:27.419 [FXGL Background Thread 4 ] DEBUG FXGLAssetLoaderServi - Loading from file system: jar:file:///C:/Users/胡/.m2/repository/com/github/almasb/fxgl/17.1/fxgl-17.1.jar!/fxglassets/ui/fonts/VarelaRound-Regular.ttf
15:51:27.419 [FXGL Background Thread 1 ] DEBUG FXGLApplication      - Loading default localization
15:51:27.420 [FXGL Background Thread 1 ] DEBUG FXGLAssetLoaderServi - Loading from file system: jar:file:///C:/Users/胡/.m2/repository/com/github/almasb/fxgl/17.1/fxgl-17.1.jar!/fxglassets/languages/english.lang
15:51:27.444 [FXGL Background Thread 1 ] INFO  FXGLApplication      - FXGL initialization took: 0.574 sec
15:51:27.457 [JavaFX Application Thread] DEBUG Input                - Registered new binding: action0 - W
15:51:27.458 [JavaFX Application Thread] DEBUG Input                - Registered new binding: action1 - Up
15:51:27.459 [JavaFX Application Thread] DEBUG Input                - Registered new binding: action2 - S
15:51:27.459 [JavaFX Application Thread] DEBUG Input                - Registered new binding: action3 - Down
15:51:27.459 [JavaFX Application Thread] DEBUG Input                - Registered new binding: action4 - A
15:51:27.460 [JavaFX Application Thread] DEBUG Input                - Registered new binding: action5 - Left
15:51:27.460 [JavaFX Application Thread] DEBUG Input                - Registered new binding: action6 - D
15:51:27.460 [JavaFX Application Thread] DEBUG Input                - Registered new binding: action7 - Right
15:51:27.461 [JavaFX Application Thread] DEBUG Input                - Registered new binding: action8 - Space
15:51:27.461 [JavaFX Application Thread] DEBUG Input                - Registered new binding: action9 - F
15:51:27.462 [FXGL Background Thread 4 ] DEBUG FXGLAssetLoaderServi - Loading from file system: jar:file:///C:/Users/胡/.m2/repository/com/github/almasb/fxgl/17.1/fxgl-17.1.jar!/fxglassets/ui/fonts/Abel-Regular.ttf
15:51:27.466 [FXGL Background Thread 4 ] DEBUG FXGLAssetLoaderServi - Loading from file system: jar:file:///C:/Users/胡/.m2/repository/com/github/almasb/fxgl/17.1/fxgl-17.1.jar!/fxglassets/ui/fonts/TerminalLandMono-Regular.otf
15:51:27.467 [JavaFX Application Thread] DEBUG FXGLAssetLoaderServi - Loading from file system: file:/D:/IDEAproject/tankGame/target/classes/assets/textures/ui/cursor.png
15:51:27.468 [JavaFX Application Thread] DEBUG Input                - Registered new binding: Screenshot - CTRL+8
15:51:27.469 [JavaFX Application Thread] DEBUG Input                - Registered new binding: System info dump - CTRL+9
15:51:27.469 [JavaFX Application Thread] DEBUG Input                - Registered new binding: Restart - CTRL+R
15:51:27.470 [JavaFX Application Thread] DEBUG Input                - Registered new binding: Toggle Debug Camera - CTRL+7
15:51:27.470 [FXGL Background Thread 4 ] DEBUG FXGLAssetLoaderServi - Loading from file system: jar:file:///C:/Users/胡/.m2/repository/com/github/almasb/fxgl/17.1/fxgl-17.1.jar!/fxglassets/ui/fonts/Courier-Prime.ttf
15:51:27.472 [JavaFX Application Thread] DEBUG LoopRunner           - Starting loop
15:51:27.473 [JavaFX Application Thread] DEBUG LoopRunner           - Initializing JavaFX AnimationTimerLoop
15:51:27.475 [JavaFX Application Thread] DEBUG Input                - Clearing active input actions
15:51:27.487 [JavaFX Application Thread] DEBUG GameApplicationServi - Removing overlay from GameStartupScene and adding to FXGLMainMenuDummyScene
15:51:27.487 [JavaFX Application Thread] DEBUG PrimaryStageWindow   - GameStartupScene -> FXGLMainMenuDummyScene
15:51:27.488 [JavaFX Application Thread] DEBUG PrimaryStageWindow   - Push state: GameMainMenu
15:51:27.488 [JavaFX Application Thread] DEBUG FXGLAssetLoaderServi - Loading from file system: file:/D:/IDEAproject/tankGame/target/classes/assets/sounds/mainMenuLoad.wav
15:51:27.597 [JavaFX Application Thread] DEBUG Input                - Clearing active input actions
15:51:27.603 [JavaFX Application Thread] DEBUG GameApplicationServi - Removing overlay from FXGLMainMenuDummyScene and adding to GameMainMenu
15:51:27.604 [JavaFX Application Thread] DEBUG PrimaryStageWindow   - FXGLMainMenuDummyScene -> GameMainMenu
15:51:27.604 [JavaFX Application Thread] DEBUG FXGLApplication      - Registering font factories with UI factory
15:51:29.607 [JavaFX Application Thread] DEBUG FXGLAssetLoaderServi - Loading from file system: file:/D:/IDEAproject/tankGame/target/classes/assets/sounds/mainMenuHover.wav
15:51:29.779 [FXGL Background Thread 2 ] INFO  UpdaterService       - Your current version:  17.1
15:51:29.780 [FXGL Background Thread 2 ] INFO  UpdaterService       - Latest stable version: 17.3
15:51:30.418 [FXGL Background Thread 3 ] DEBUG Engine               - Logging environment variables
15:51:30.418 [FXGL Background Thread 3 ] DEBUG Engine               - achievements: []
15:51:30.418 [FXGL Background Thread 3 ] DEBUG Engine               - actualHeight: 672.0
15:51:30.419 [FXGL Background Thread 3 ] DEBUG Engine               - actualHeightProperty: ReadOnlyDoubleProperty [value: 672.0]
15:51:30.419 [FXGL Background Thread 3 ] DEBUG Engine               - actualWidth: 816.0
15:51:30.419 [FXGL Background Thread 3 ] DEBUG Engine               - actualWidthProperty: ReadOnlyDoubleProperty [value: 816.0]
15:51:30.419 [FXGL Background Thread 3 ] DEBUG Engine               - appIcon: ui/icon.png
15:51:30.419 [FXGL Background Thread 3 ] DEBUG Engine               - applicationMode: DEVELOPER
15:51:30.419 [FXGL Background Thread 3 ] DEBUG Engine               - cSSList: [fxgl_dark.css, tankApp.css]
15:51:30.419 [FXGL Background Thread 3 ] DEBUG Engine               - collisionDetectionStrategy: BRUTE_FORCE
15:51:30.419 [FXGL Background Thread 3 ] DEBUG Engine               - configClass: Optional.empty
15:51:30.419 [FXGL Background Thread 3 ] DEBUG Engine               - credits: []
15:51:30.419 [FXGL Background Thread 3 ] DEBUG Engine               - defaultCursor: CursorInfo(imageName=ui/cursor.png, hotspotX=0.0, hotspotY=0.0)
15:51:30.419 [FXGL Background Thread 3 ] DEBUG Engine               - devBBoxColorProperty: ObjectProperty [value: 0xff0000ff]
15:51:30.420 [FXGL Background Thread 3 ] DEBUG Engine               - devEnableDebugCameraProperty: BooleanProperty [value: false]
15:51:30.420 [FXGL Background Thread 3 ] DEBUG Engine               - devSensorColorProperty: ObjectProperty [value: 0xffff00ff]
15:51:30.420 [FXGL Background Thread 3 ] DEBUG Engine               - devShowBBoxProperty: BooleanProperty [value: false]
15:51:30.420 [FXGL Background Thread 3 ] DEBUG Engine               - devShowPositionProperty: BooleanProperty [value: false]
15:51:30.420 [FXGL Background Thread 3 ] DEBUG Engine               - enabledMenuItems: []
15:51:30.420 [FXGL Background Thread 3 ] DEBUG Engine               - engineServices: [class com.almasb.fxgl.app.services.FXGLAssetLoaderService, class com.almasb.fxgl.app.FXGLApplication$GameApplicationService, class com.almasb.fxgl.app.services.FXGLDialogService, class com.almasb.fxgl.app.services.IOTaskExecutorService, class com.almasb.fxgl.io.FileSystemService, class com.almasb.fxgl.localization.LocalizationService, class com.almasb.fxgl.app.services.SystemBundleService, class com.almasb.fxgl.profile.SaveLoadService, class com.almasb.fxgl.ui.FXGLUIFactoryServiceProvider, class com.almasb.fxgl.ui.FXGLDialogFactoryServiceProvider, class com.almasb.fxgl.audio.AudioPlayer, class com.almasb.fxgl.notification.impl.NotificationServiceProvider, class com.almasb.fxgl.achievement.AchievementService, class com.almasb.fxgl.cutscene.CutsceneService, class com.almasb.fxgl.minigames.MiniGameService, class com.almasb.fxgl.net.NetService, class com.almasb.fxgl.app.services.UpdaterService, class com.almasb.fxgl.dev.DevService]
15:51:30.420 [FXGL Background Thread 3 ] DEBUG Engine               - fontGame: Abel-Regular.ttf
15:51:30.420 [FXGL Background Thread 3 ] DEBUG Engine               - fontMono: TerminalLandMono-Regular.otf
15:51:30.420 [FXGL Background Thread 3 ] DEBUG Engine               - fontText: Courier-Prime.ttf
15:51:30.420 [FXGL Background Thread 3 ] DEBUG Engine               - fontUI: VarelaRound-Regular.ttf
15:51:30.420 [FXGL Background Thread 3 ] DEBUG Engine               - fullScreen: BooleanProperty [value: false]
15:51:30.420 [FXGL Background Thread 3 ] DEBUG Engine               - gameDifficulty: MEDIUM
15:51:30.420 [FXGL Background Thread 3 ] DEBUG Engine               - gameDifficultyProperty: ObjectProperty [value: MEDIUM]
15:51:30.420 [FXGL Background Thread 3 ] DEBUG Engine               - globalMusicVolume: 0.5
15:51:30.420 [FXGL Background Thread 3 ] DEBUG Engine               - globalMusicVolumeProperty: DoubleProperty [value: 0.5]
15:51:30.420 [FXGL Background Thread 3 ] DEBUG Engine               - globalSoundVolume: 0.5
15:51:30.421 [FXGL Background Thread 3 ] DEBUG Engine               - globalSoundVolumeProperty: DoubleProperty [value: 0.5]
15:51:30.421 [FXGL Background Thread 3 ] DEBUG Engine               - height: 672
15:51:30.421 [FXGL Background Thread 3 ] DEBUG Engine               - is3D: false
15:51:30.421 [FXGL Background Thread 3 ] DEBUG Engine               - isAndroid: false
15:51:30.421 [FXGL Background Thread 3 ] DEBUG Engine               - isBrowser: false
15:51:30.421 [FXGL Background Thread 3 ] DEBUG Engine               - isClickFeedbackEnabled: false
15:51:30.421 [FXGL Background Thread 3 ] DEBUG Engine               - isCloseConfirmation: false
15:51:30.421 [FXGL Background Thread 3 ] DEBUG Engine               - isDesktop: true
15:51:30.421 [FXGL Background Thread 3 ] DEBUG Engine               - isDeveloperMenuEnabled: false
15:51:30.421 [FXGL Background Thread 3 ] DEBUG Engine               - isEmbedded: false
15:51:30.421 [FXGL Background Thread 3 ] DEBUG Engine               - isEntityPreloadEnabled: true
15:51:30.421 [FXGL Background Thread 3 ] DEBUG Engine               - isExperimentalTiledLargeMap: false
15:51:30.421 [FXGL Background Thread 3 ] DEBUG Engine               - isFileSystemWriteAllowed: true
15:51:30.421 [FXGL Background Thread 3 ] DEBUG Engine               - isFullScreenAllowed: false
15:51:30.421 [FXGL Background Thread 3 ] DEBUG Engine               - isFullScreenFromStart: false
15:51:30.422 [FXGL Background Thread 3 ] DEBUG Engine               - isGameMenuEnabled: true
15:51:30.422 [FXGL Background Thread 3 ] DEBUG Engine               - isIOS: false
15:51:30.422 [FXGL Background Thread 3 ] DEBUG Engine               - isIntroEnabled: false
15:51:30.422 [FXGL Background Thread 3 ] DEBUG Engine               - isLinux: false
15:51:30.422 [FXGL Background Thread 3 ] DEBUG Engine               - isMac: false
15:51:30.422 [FXGL Background Thread 3 ] DEBUG Engine               - isMainMenuEnabled: true
15:51:30.422 [FXGL Background Thread 3 ] DEBUG Engine               - isManualResizeEnabled: false
15:51:30.422 [FXGL Background Thread 3 ] DEBUG Engine               - isMobile: false
15:51:30.422 [FXGL Background Thread 3 ] DEBUG Engine               - isNative: false
15:51:30.422 [FXGL Background Thread 3 ] DEBUG Engine               - isPauseMusicWhenMinimized: true
15:51:30.422 [FXGL Background Thread 3 ] DEBUG Engine               - isPreserveResizeRatio: false
15:51:30.422 [FXGL Background Thread 3 ] DEBUG Engine               - isProfilingEnabled: false
15:51:30.423 [FXGL Background Thread 3 ] DEBUG Engine               - isScaleAffectedOnResize: true
15:51:30.423 [FXGL Background Thread 3 ] DEBUG Engine               - isSingleStep: false
15:51:30.423 [FXGL Background Thread 3 ] DEBUG Engine               - isUserProfileEnabled: false
15:51:30.423 [FXGL Background Thread 3 ] DEBUG Engine               - isWindows: true
15:51:30.423 [FXGL Background Thread 3 ] DEBUG Engine               - language: ObjectProperty [value: ENGLISH]
15:51:30.423 [FXGL Background Thread 3 ] DEBUG Engine               - menuKey: ESCAPE
15:51:30.423 [FXGL Background Thread 3 ] DEBUG Engine               - mouseSensitivity: 0.2
15:51:30.423 [FXGL Background Thread 3 ] DEBUG Engine               - notificationViewClass: class com.almasb.fxgl.notification.view.XboxNotificationView
15:51:30.423 [FXGL Background Thread 3 ] DEBUG Engine               - pixelsPerMeter: 50.0
15:51:30.423 [FXGL Background Thread 3 ] DEBUG Engine               - platform: WINDOWS
15:51:30.423 [FXGL Background Thread 3 ] DEBUG Engine               - prefHeightProperty: ReadOnlyDoubleProperty [value: 672.0]
15:51:30.423 [FXGL Background Thread 3 ] DEBUG Engine               - prefWidthProperty: ReadOnlyDoubleProperty [value: 816.0]
15:51:30.423 [FXGL Background Thread 3 ] DEBUG Engine               - profileDir: profiles/
15:51:30.423 [FXGL Background Thread 3 ] DEBUG Engine               - profileName: StringProperty [value: DEFAULT]
15:51:30.423 [FXGL Background Thread 3 ] DEBUG Engine               - randomSeed: -1
15:51:30.424 [FXGL Background Thread 3 ] DEBUG Engine               - runtimeInfo: RuntimeInfo(platform=WINDOWS, version=17.1, build=24.03.2022 17.34)
15:51:30.424 [FXGL Background Thread 3 ] DEBUG Engine               - saveFileExt: sav
15:51:30.424 [FXGL Background Thread 3 ] DEBUG Engine               - scaledHeightProp$fxgl: DoubleProperty [bound, value: 672.0]
15:51:30.424 [FXGL Background Thread 3 ] DEBUG Engine               - scaledWidthProp$fxgl: DoubleProperty [bound, value: 816.0]
15:51:30.424 [FXGL Background Thread 3 ] DEBUG Engine               - sceneFactory: com.wjy_chy.tank.TankApp$1@129f6761
15:51:30.424 [FXGL Background Thread 3 ] DEBUG Engine               - secondsIn24h: 60
15:51:30.424 [FXGL Background Thread 3 ] DEBUG Engine               - soundMenuBack: menu/back.wav
15:51:30.424 [FXGL Background Thread 3 ] DEBUG Engine               - soundMenuPress: menu/press.wav
15:51:30.424 [FXGL Background Thread 3 ] DEBUG Engine               - soundMenuSelect: menu/select.wav
15:51:30.424 [FXGL Background Thread 3 ] DEBUG Engine               - soundNotification: core/notification.wav
15:51:30.424 [FXGL Background Thread 3 ] DEBUG Engine               - stageStyle: DECORATED
15:51:30.424 [FXGL Background Thread 3 ] DEBUG Engine               - supportedLanguages: [ENGLISH, FRENCH, GERMAN, HUNGARIAN, RUSSIAN]
15:51:30.424 [FXGL Background Thread 3 ] DEBUG Engine               - ticksPerSecond: -1
15:51:30.424 [FXGL Background Thread 3 ] DEBUG Engine               - title: 2023 Tank
15:51:30.424 [FXGL Background Thread 3 ] DEBUG Engine               - urlGithub: https://github.com/AlmasB/FXGL
15:51:30.425 [FXGL Background Thread 3 ] DEBUG Engine               - urlLeaderboard: http://fxgl-top.herokuapp.com/
15:51:30.425 [FXGL Background Thread 3 ] DEBUG Engine               - urlPOM: https://raw.githubusercontent.com/AlmasB/FXGL/release/README.md
15:51:30.425 [FXGL Background Thread 3 ] DEBUG Engine               - userAppClass: class com.wjy_chy.tank.TankApp
15:51:30.425 [FXGL Background Thread 3 ] DEBUG Engine               - version: Version 1.0
15:51:30.425 [FXGL Background Thread 3 ] DEBUG Engine               - versionCheckDays: 7
15:51:30.425 [FXGL Background Thread 3 ] DEBUG Engine               - width: 816
15:51:30.425 [FXGL Background Thread 3 ] DEBUG Engine               - Logging services
15:51:30.425 [FXGL Background Thread 3 ] DEBUG Engine               - class com.almasb.fxgl.app.services.FXGLAssetLoaderService
15:51:30.425 [FXGL Background Thread 3 ] DEBUG Engine               - class com.almasb.fxgl.app.FXGLApplication$GameApplicationService
15:51:30.425 [FXGL Background Thread 3 ] DEBUG Engine               - class com.almasb.fxgl.app.services.FXGLDialogService
15:51:30.425 [FXGL Background Thread 3 ] DEBUG Engine               - class com.almasb.fxgl.app.services.IOTaskExecutorService
15:51:30.425 [FXGL Background Thread 3 ] DEBUG Engine               - class com.almasb.fxgl.io.FileSystemService
15:51:30.425 [FXGL Background Thread 3 ] DEBUG Engine               - class com.almasb.fxgl.localization.LocalizationService
15:51:30.425 [FXGL Background Thread 3 ] DEBUG Engine               - class com.almasb.fxgl.app.services.SystemBundleService
15:51:30.425 [FXGL Background Thread 3 ] DEBUG Engine               - class com.almasb.fxgl.profile.SaveLoadService
15:51:30.425 [FXGL Background Thread 3 ] DEBUG Engine               - class com.almasb.fxgl.ui.FXGLUIFactoryServiceProvider
15:51:30.425 [FXGL Background Thread 3 ] DEBUG Engine               - class com.almasb.fxgl.ui.FXGLDialogFactoryServiceProvider
15:51:30.425 [FXGL Background Thread 3 ] DEBUG Engine               - class com.almasb.fxgl.audio.AudioPlayer
15:51:30.425 [FXGL Background Thread 3 ] DEBUG Engine               - class com.almasb.fxgl.notification.impl.NotificationServiceProvider
15:51:30.425 [FXGL Background Thread 3 ] DEBUG Engine               - class com.almasb.fxgl.achievement.AchievementService
15:51:30.425 [FXGL Background Thread 3 ] DEBUG Engine               - class com.almasb.fxgl.cutscene.CutsceneService
15:51:30.425 [FXGL Background Thread 3 ] DEBUG Engine               - class com.almasb.fxgl.minigames.MiniGameService
15:51:30.425 [FXGL Background Thread 3 ] DEBUG Engine               - class com.almasb.fxgl.net.NetService
15:51:30.426 [FXGL Background Thread 3 ] DEBUG Engine               - class com.almasb.fxgl.app.services.UpdaterService
15:51:30.426 [FXGL Background Thread 3 ] DEBUG Engine               - class com.almasb.fxgl.dev.DevService
15:51:38.349 [JavaFX Application Thread] DEBUG FXGLAssetLoaderServi - Loading from file system: file:/D:/IDEAproject/tankGame/target/classes/assets/sounds/select.wav
15:51:38.392 [JavaFX Application Thread] DEBUG Menu                 - fireNewGame()
15:51:38.393 [JavaFX Application Thread] DEBUG GameApplicationServi - Starting new game
15:51:38.393 [JavaFX Application Thread] DEBUG PrimaryStageWindow   - Pop state: GameMainMenu
15:51:38.394 [JavaFX Application Thread] DEBUG Input                - Clearing active input actions
15:51:38.396 [JavaFX Application Thread] DEBUG GameApplicationServi - Removing overlay from GameMainMenu and adding to FXGLMainMenuDummyScene
15:51:38.398 [JavaFX Application Thread] DEBUG PrimaryStageWindow   - FXGLMainMenuDummyScene <- GameMainMenu
15:51:38.399 [JavaFX Application Thread] DEBUG Input                - Clearing active input actions
15:51:38.445 [JavaFX Application Thread] DEBUG GameApplicationServi - Removing overlay from FXGLMainMenuDummyScene and adding to GameLoadingScene
15:51:38.446 [JavaFX Application Thread] DEBUG PrimaryStageWindow   - FXGLMainMenuDummyScene -> GameLoadingScene
15:51:38.446 [JavaFX Application Thread] DEBUG GameApplicationServi - Clearing previous game
15:51:38.446 [JavaFX Application Thread] DEBUG GameScene            - Clearing game scene
15:51:38.447 [JavaFX Application Thread] DEBUG GameWorld            - Clearing game world
15:51:38.447 [JavaFX Application Thread] DEBUG PhysicsWorld         - Clearing physics world
15:51:38.453 [FXGL Background Thread 2 ] DEBUG FXGLApplication      - Initializing game
15:51:38.458 [FXGL Background Thread 2 ] DEBUG FXGLAssetLoaderServi - Loading from file system: file:/D:/IDEAproject/tankGame/target/classes/assets/properties/game.properties
15:51:38.473 [FXGL Background Thread 2 ] DEBUG FXGLAssetLoaderServi - Loading from file system: file:/D:/IDEAproject/tankGame/target/classes/assets/textures/map/stone.png
15:51:38.476 [FXGL Background Thread 2 ] DEBUG FXGLAssetLoaderServi - Loading from file system: file:/D:/IDEAproject/tankGame/target/classes/assets/textures/map/brick.png
15:51:38.488 [FXGL Background Thread 2 ] DEBUG FXGLAssetLoaderServi - Loading from file system: file:/D:/IDEAproject/tankGame/target/classes/assets/textures/map/sea_anim.png
15:51:38.491 [FXGL Background Thread 2 ] DEBUG FXGLAssetLoaderServi - Loading from file system: file:/D:/IDEAproject/tankGame/target/classes/assets/textures/explode/explode_level_2.png
15:51:38.519 [FXGL Background Thread 2 ] INFO  FXGLApplication      - Game initialization took: 0.067 sec
15:51:38.520 [JavaFX Application Thread] DEBUG Input                - Clearing active input actions
15:51:38.545 [JavaFX Application Thread] DEBUG GameApplicationServi - Removing overlay from GameLoadingScene and adding to GameScene
15:51:38.545 [JavaFX Application Thread] DEBUG PrimaryStageWindow   - GameLoadingScene -> GameScene
15:51:40.095 [JavaFX Application Thread] WARN  TMXLevelLoader       - TiledMap generated from 1.8.4. Supported version: 1.4.2. Some features may not be parsed fully.
15:51:40.114 [JavaFX Application Thread] DEBUG TMXLevelLoader       - Parsed TiledMap: file:/D:/IDEAproject/tankGame/target/classes/assets/levels/level1.tmx
15:51:40.115 [JavaFX Application Thread] DEBUG TMXLevelLoader       - Creating tile layer entities
15:51:40.115 [JavaFX Application Thread] DEBUG TMXLevelLoader       - Creating object layer entities
15:51:40.199 [JavaFX Application Thread] DEBUG GameWorld            - Clearing removable entities
15:51:40.200 [JavaFX Application Thread] DEBUG GameWorld            - Setting level: com.almasb.fxgl.entity.level.Level@476310ef
15:51:40.213 [JavaFX Application Thread] DEBUG FXGLAssetLoaderServi - Loading from file system: file:/D:/IDEAproject/tankGame/target/classes/assets/sounds/start.wav
15:51:40.223 [JavaFX Application Thread] DEBUG FXGLAssetLoaderServi - Loading from file system: file:/D:/IDEAproject/tankGame/target/classes/assets/textures/tank/H1U.png
15:51:40.227 [JavaFX Application Thread] DEBUG FXGLAssetLoaderServi - Loading from file system: file:/D:/IDEAproject/tankGame/target/classes/assets/textures/item/armed_helmet.png
15:51:40.231 [JavaFX Application Thread] DEBUG FXGLAssetLoaderServi - Loading from file system: file:/D:/IDEAproject/tankGame/target/classes/assets/textures/ui/enemy_pre.png
15:51:40.234 [JavaFX Application Thread] DEBUG FXGLAssetLoaderServi - Loading from file system: file:/D:/IDEAproject/tankGame/target/classes/assets/textures/ui/levelFlag.png
15:51:40.235 [JavaFX Application Thread] DEBUG FXGLAssetLoaderServi - Loading from file system: file:/D:/IDEAproject/tankGame/target/classes/assets/textures/ui/bulletLevel.png
15:51:40.238 [JavaFX Application Thread] DEBUG FXGLAssetLoaderServi - Loading from file system: file:/D:/IDEAproject/tankGame/target/classes/assets/textures/tank/spawnTank.png
15:51:40.240 [JavaFX Application Thread] DEBUG FXGLAssetLoaderServi - Loading from file system: file:/D:/IDEAproject/tankGame/target/classes/assets/textures/tank/E3U.png
15:51:40.242 [JavaFX Application Thread] DEBUG FXGLAssetLoaderServi - Loading from file system: file:/D:/IDEAproject/tankGame/target/classes/assets/textures/tank/E9U.png
15:51:40.243 [JavaFX Application Thread] DEBUG FXGLAssetLoaderServi - Loading from file system: file:/D:/IDEAproject/tankGame/target/classes/assets/textures/tank/E11U.png
15:51:41.412 [JavaFX Application Thread] DEBUG FXGLAssetLoaderServi - Loading from file system: file:/D:/IDEAproject/tankGame/target/classes/assets/sounds/normalFire.wav
15:51:41.423 [JavaFX Application Thread] DEBUG FXGLAssetLoaderServi - Loading from file system: file:/D:/IDEAproject/tankGame/target/classes/assets/textures/bullet/normal.png
15:51:41.566 [JavaFX Application Thread] DEBUG FXGLAssetLoaderServi - Loading from file system: file:/D:/IDEAproject/tankGame/target/classes/assets/sounds/normalBomb.wav
15:51:46.007 [JavaFX Application Thread] DEBUG FXGLAssetLoaderServi - Loading from file system: file:/D:/IDEAproject/tankGame/target/classes/assets/textures/tank/E4U.png
15:51:47.582 [JavaFX Application Thread] DEBUG FXGLAssetLoaderServi - Loading from file system: file:/D:/IDEAproject/tankGame/target/classes/assets/textures/item/star.png
15:51:50.059 [JavaFX Application Thread] DEBUG FXGLAssetLoaderServi - Loading from file system: file:/D:/IDEAproject/tankGame/target/classes/assets/textures/item/helmet.png
15:51:50.600 [JavaFX Application Thread] DEBUG FXGLAssetLoaderServi - Loading from file system: file:/D:/IDEAproject/tankGame/target/classes/assets/textures/item/spade.png
15:51:51.992 [JavaFX Application Thread] DEBUG FXGLAssetLoaderServi - Loading from file system: file:/D:/IDEAproject/tankGame/target/classes/assets/textures/tank/E2U.png
15:51:52.029 [JavaFX Application Thread] DEBUG FXGLAssetLoaderServi - Loading from file system: file:/D:/IDEAproject/tankGame/target/classes/assets/textures/tank/E8U.png
15:51:53.994 [JavaFX Application Thread] DEBUG FXGLAssetLoaderServi - Loading from file system: file:/D:/IDEAproject/tankGame/target/classes/assets/textures/item/ship.png
15:51:55.577 [JavaFX Application Thread] DEBUG FXGLAssetLoaderServi - Loading from file system: file:/D:/IDEAproject/tankGame/target/classes/assets/sounds/item.wav
15:51:57.063 [JavaFX Application Thread] DEBUG FXGLAssetLoaderServi - Loading from file system: file:/D:/IDEAproject/tankGame/target/classes/assets/textures/item/heart.png
15:51:57.864 [JavaFX Application Thread] DEBUG FXGLAssetLoaderServi - Loading from file system: file:/D:/IDEAproject/tankGame/target/classes/assets/textures/tank/E5U.png
15:52:00.922 [JavaFX Application Thread] DEBUG FXGLAssetLoaderServi - Loading from file system: file:/D:/IDEAproject/tankGame/target/classes/assets/textures/item/armed_ship.png
15:52:21.918 [JavaFX Application Thread] DEBUG FXGLAssetLoaderServi - Loading from file system: file:/D:/IDEAproject/tankGame/target/classes/assets/sounds/rocketFire.wav
15:52:21.964 [JavaFX Application Thread] DEBUG FXGLAssetLoaderServi - Loading from file system: file:/D:/IDEAproject/tankGame/target/classes/assets/textures/bullet/plus.png
15:52:25.050 [JavaFX Application Thread] DEBUG FXGLAssetLoaderServi - Loading from file system: file:/D:/IDEAproject/tankGame/target/classes/assets/textures/item/tank.png
15:52:33.718 [JavaFX Application Thread] DEBUG FXGLAssetLoaderServi - Loading from file system: file:/D:/IDEAproject/tankGame/target/classes/assets/textures/tank/E7U.png
15:52:37.049 [JavaFX Application Thread] DEBUG FXGLAssetLoaderServi - Loading from file system: file:/D:/IDEAproject/tankGame/target/classes/assets/textures/item/time.png
15:52:55.625 [JavaFX Application Thread] DEBUG FXGLAssetLoaderServi - Loading from file system: file:/D:/IDEAproject/tankGame/target/classes/assets/sounds/Win.wav
15:52:55.672 [JavaFX Application Thread] DEBUG FXGLAssetLoaderServi - Loading from file system: file:/D:/IDEAproject/tankGame/target/classes/assets/textures/item/bomb.png
15:52:57.015 [JavaFX Application Thread] DEBUG PrimaryStageWindow   - Push state: SuccessScene
15:52:57.015 [JavaFX Application Thread] DEBUG Input                - Clearing active input actions
15:52:57.015 [JavaFX Application Thread] DEBUG GameApplicationServi - Removing overlay from GameScene and adding to SuccessScene
15:52:57.015 [JavaFX Application Thread] DEBUG PrimaryStageWindow   - GameScene -> SuccessScene
15:52:59.030 [JavaFX Application Thread] DEBUG PrimaryStageWindow   - Pop state: SuccessScene
15:52:59.030 [JavaFX Application Thread] DEBUG Input                - Clearing active input actions
15:52:59.030 [JavaFX Application Thread] DEBUG GameApplicationServi - Removing overlay from SuccessScene and adding to GameScene
15:52:59.030 [JavaFX Application Thread] DEBUG PrimaryStageWindow   - GameScene <- SuccessScene
15:53:00.573 [JavaFX Application Thread] WARN  TMXLevelLoader       - TiledMap generated from 1.8.4. Supported version: 1.4.2. Some features may not be parsed fully.
15:53:00.612 [JavaFX Application Thread] DEBUG TMXLevelLoader       - Parsed TiledMap: file:/D:/IDEAproject/tankGame/target/classes/assets/levels/level2.tmx
15:53:00.612 [JavaFX Application Thread] DEBUG TMXLevelLoader       - Creating tile layer entities
15:53:00.612 [JavaFX Application Thread] DEBUG TMXLevelLoader       - Creating object layer entities
15:53:00.669 [JavaFX Application Thread] DEBUG GameWorld            - Clearing removable entities
15:53:00.673 [JavaFX Application Thread] DEBUG GameWorld            - Setting level: com.almasb.fxgl.entity.level.Level@7807f699
15:53:06.759 [JavaFX Application Thread] DEBUG FXGLAssetLoaderServi - Loading from file system: file:/D:/IDEAproject/tankGame/target/classes/assets/textures/tank/E12U.png
15:53:12.760 [JavaFX Application Thread] DEBUG FXGLAssetLoaderServi - Loading from file system: file:/D:/IDEAproject/tankGame/target/classes/assets/textures/tank/E6U.png
15:53:36.792 [JavaFX Application Thread] DEBUG FXGLAssetLoaderServi - Loading from file system: file:/D:/IDEAproject/tankGame/target/classes/assets/textures/tank/E10U.png
15:53:39.193 [JavaFX Application Thread] DEBUG FXGLAssetLoaderServi - Loading from file system: file:/D:/IDEAproject/tankGame/target/classes/assets/textures/item/gun.png
15:54:07.974 [JavaFX Application Thread] DEBUG PrimaryStageWindow   - Push state: SuccessScene
15:54:07.974 [JavaFX Application Thread] DEBUG Input                - Clearing active input actions
15:54:07.975 [JavaFX Application Thread] DEBUG GameApplicationServi - Removing overlay from GameScene and adding to SuccessScene
15:54:07.975 [JavaFX Application Thread] DEBUG PrimaryStageWindow   - GameScene -> SuccessScene
15:54:09.991 [JavaFX Application Thread] DEBUG PrimaryStageWindow   - Pop state: SuccessScene
15:54:09.991 [JavaFX Application Thread] DEBUG Input                - Clearing active input actions
15:54:09.992 [JavaFX Application Thread] DEBUG GameApplicationServi - Removing overlay from SuccessScene and adding to GameScene
15:54:09.992 [JavaFX Application Thread] DEBUG PrimaryStageWindow   - GameScene <- SuccessScene
15:54:11.550 [JavaFX Application Thread] WARN  TMXLevelLoader       - TiledMap generated from 1.8.4. Supported version: 1.4.2. Some features may not be parsed fully.
15:54:11.576 [JavaFX Application Thread] DEBUG TMXLevelLoader       - Parsed TiledMap: file:/D:/IDEAproject/tankGame/target/classes/assets/levels/level3.tmx
15:54:11.577 [JavaFX Application Thread] DEBUG TMXLevelLoader       - Creating tile layer entities
15:54:11.577 [JavaFX Application Thread] DEBUG TMXLevelLoader       - Creating object layer entities
15:54:11.633 [JavaFX Application Thread] DEBUG GameWorld            - Clearing removable entities
15:54:11.635 [JavaFX Application Thread] DEBUG GameWorld            - Setting level: com.almasb.fxgl.entity.level.Level@66b586b3
15:54:29.559 [JavaFX Application Thread] DEBUG FXGLAssetLoaderServi - Loading from file system: file:/D:/IDEAproject/tankGame/target/classes/assets/textures/tank/E1U.png
15:55:14.698 [JavaFX Application Thread] DEBUG FXGLAssetLoaderServi - Loading from file system: file:/D:/IDEAproject/tankGame/target/classes/assets/textures/map/flag_failed.png
15:55:14.701 [JavaFX Application Thread] DEBUG FXGLAssetLoaderServi - Loading from file system: file:/D:/IDEAproject/tankGame/target/classes/assets/textures/ui/GameOver.png
15:55:14.705 [JavaFX Application Thread] DEBUG PrimaryStageWindow   - Push state: FailedScene
15:55:14.706 [JavaFX Application Thread] DEBUG FXGLAssetLoaderServi - Loading from file system: file:/D:/IDEAproject/tankGame/target/classes/assets/sounds/GameOver.wav
15:55:14.725 [JavaFX Application Thread] DEBUG Input                - Clearing active input actions
15:55:14.725 [JavaFX Application Thread] DEBUG GameApplicationServi - Removing overlay from GameScene and adding to FailedScene
15:55:14.726 [JavaFX Application Thread] DEBUG PrimaryStageWindow   - GameScene -> FailedScene
15:55:18.534 [JavaFX Application Thread] DEBUG PrimaryStageWindow   - Pop state: FailedScene
15:55:18.534 [JavaFX Application Thread] DEBUG Input                - Clearing active input actions
15:55:18.534 [JavaFX Application Thread] DEBUG GameApplicationServi - Removing overlay from FailedScene and adding to GameScene
15:55:18.534 [JavaFX Application Thread] DEBUG PrimaryStageWindow   - GameScene <- FailedScene
15:55:18.535 [JavaFX Application Thread] DEBUG Input                - Clearing active input actions
15:55:18.550 [JavaFX Application Thread] DEBUG GameApplicationServi - Removing overlay from GameScene and adding to FXGLMainMenuDummyScene
15:55:18.550 [JavaFX Application Thread] DEBUG PrimaryStageWindow   - GameScene -> FXGLMainMenuDummyScene
15:55:18.550 [JavaFX Application Thread] DEBUG PrimaryStageWindow   - Push state: GameMainMenu
15:55:18.550 [JavaFX Application Thread] DEBUG Input                - Clearing active input actions
15:55:18.556 [JavaFX Application Thread] DEBUG GameApplicationServi - Removing overlay from FXGLMainMenuDummyScene and adding to GameMainMenu
15:55:18.556 [JavaFX Application Thread] DEBUG PrimaryStageWindow   - FXGLMainMenuDummyScene -> GameMainMenu
15:55:24.155 [JavaFX Application Thread] DEBUG FXGLApplication      - Exiting FXGL
15:55:24.155 [JavaFX Application Thread] DEBUG LoopRunner           - Stopping loop
15:55:24.155 [JavaFX Application Thread] DEBUG SystemBundleService  - Saving FXGL system data
15:55:24.162 [JavaFX Application Thread] DEBUG FileSystemAccess     - Writing to: D:\IDEAproject\tankGame\system\fxgl.bundle
15:55:24.172 [JavaFX Application Thread] DEBUG Async                - Shutting down background threads
15:55:24.174 [JavaFX Application Thread] DEBUG PrimaryStageWindow   - Closing main window
15:55:24.234 [JavaFX Application Thread] DEBUG Logger               - Closing Logger
