15:58:47.205 [main                     ] DEBUG Logger               - Configured Logger
15:58:47.253 [main                     ] DEBUG GameApplication      - Logging settings
Title: 90 Tank
Version: Version 0.3
Width: 816
Height: 672
Fullscreen: false
Intro: false
Profiling: false
Single step:false
App Mode: DEVELOPER
Menu Key: ESCAPE
Stage Style: DECORATED
Scene Factory: class com.leewyatt.github.tank.TankApp$1

15:58:47.990 [JavaFX Application Thread] DEBUG FXGLApplication      - Initializing FXGL
15:58:47.997 [JavaFX Application Thread] INFO  Engine               - FXGL-17.1 (24.03.2022 17.34) on WINDOWS (J:17.0.8 FX:18)
15:58:47.998 [JavaFX Application Thread] DEBUG Engine               - JRE Vendor Name: Oracle Corporation
15:58:47.998 [JavaFX Application Thread] DEBUG Engine               - Running on OS: Windows 11 version 10.0
15:58:47.998 [JavaFX Application Thread] DEBUG Engine               - Architecture: amd64
15:58:47.998 [JavaFX Application Thread] INFO  Engine               - Source code and latest versions at: https://github.com/AlmasB/FXGL
15:58:47.998 [JavaFX Application Thread] INFO  Engine               -       Ask questions and discuss at: https://github.com/AlmasB/FXGL/discussions
15:58:47.999 [JavaFX Application Thread] INFO  Engine               -              Join the FXGL chat at: https://gitter.im/AlmasB/FXGL
15:58:48.120 [JavaFX Application Thread] DEBUG PrimaryStageWindow   - Creating a JavaFX scene
15:58:48.190 [JavaFX Application Thread] DEBUG PrimaryStageWindow   - Target settings size: 816.0 x 672.0
15:58:48.191 [JavaFX Application Thread] DEBUG PrimaryStageWindow   - Scaled scene size:    816.0 x 672.0
15:58:48.191 [JavaFX Application Thread] DEBUG PrimaryStageWindow   - Scaled ratio: (1.0, 1.0)
15:58:48.193 [JavaFX Application Thread] DEBUG PrimaryStageWindow   - Set initial scene to GameStartupScene
15:58:48.200 [JavaFX Application Thread] DEBUG PrimaryStageWindow   - Opening main window
15:58:48.547 [JavaFX Application Thread] DEBUG PrimaryStageWindow   - Window border size: (14.66668701171875, 37.33331298828125)
15:58:48.547 [JavaFX Application Thread] DEBUG PrimaryStageWindow   - Scaled size: 816.0 x 672.0
15:58:48.548 [JavaFX Application Thread] DEBUG PrimaryStageWindow   - Scaled ratio: (1.0, 1.0)
15:58:48.548 [JavaFX Application Thread] DEBUG PrimaryStageWindow   - Scene size: 816.0 x 672.0
15:58:48.548 [JavaFX Application Thread] DEBUG PrimaryStageWindow   - Stage size: 830.6666870117188 x 709.3333129882812
15:58:48.559 [FXGL Background Thread 1 ] DEBUG Engine               - Initializing environment variables
15:58:48.595 [FXGL Background Thread 1 ] DEBUG FXGLAssetLoaderServi - User app class for loading assets: class com.leewyatt.github.tank.TankApp
15:58:48.595 [FXGL Background Thread 1 ] DEBUG GameApplicationServi - Applying CSS: fxgl_dark.css
15:58:48.597 [FXGL Background Thread 1 ] DEBUG FXGLAssetLoaderServi - Loading from file system: jar:file:///D:/MAVEN/localRepository/com/github/almasb/fxgl/17.1/fxgl-17.1.jar!/fxglassets/ui/css/fxgl_dark.css
15:58:48.631 [FXGL Background Thread 1 ] DEBUG GameApplicationServi - Applying CSS: tankApp.css
15:58:48.632 [FXGL Background Thread 1 ] DEBUG FXGLAssetLoaderServi - Loading from file system: file:/E:/javaGame/FXGL_Tank-main/target/classes/assets/ui/css/tankApp.css
15:58:48.634 [FXGL Background Thread 1 ] DEBUG GameApplicationServi - Initializing application scenes
15:58:48.640 [FXGL Background Thread 1 ] DEBUG GameWorld            - Game world initialized
15:58:48.721 [FXGL Background Thread 1 ] DEBUG PhysicsWorld         - Physics world initialized: appHeight=672, physics.ppm=50.0
15:58:48.722 [FXGL Background Thread 1 ] DEBUG PhysicsWorld         - Using strategy: BRUTE_FORCE
15:58:48.728 [FXGL Background Thread 1 ] DEBUG GameScene            - Game scene initialized: 816x672
15:58:48.731 [FXGL Background Thread 1 ] DEBUG FXGLAssetLoaderServi - Loading from file system: file:/E:/javaGame/FXGL_Tank-main/target/classes/assets/textures/ui/logo.png
15:58:48.765 [FXGL Background Thread 1 ] DEBUG FXGLAssetLoaderServi - Loading from file system: file:/E:/javaGame/FXGL_Tank-main/target/classes/assets/textures/ui/icon.png
15:58:48.779 [FXGL Background Thread 1 ] DEBUG FXGLAssetLoaderServi - Loading from file system: file:/E:/javaGame/FXGL_Tank-main/target/classes/assets/textures/ui/tankLoading.png
15:58:48.822 [FXGL Background Thread 1 ] DEBUG FXGLAssetLoaderServi - Loading from file system: file:/E:/javaGame/FXGL_Tank-main/target/classes/assets/textures/ui/fxgl.png
15:58:48.936 [FXGL Background Thread 1 ] DEBUG FXGL.DefaultMenu     - createMenuBodyGameMenu()
15:58:48.947 [FXGL Background Thread 1 ] DEBUG FXGL.DefaultMenu     - createOptionsMenu()
15:58:48.960 [FXGL Background Thread 1 ] DEBUG FXGLAssetLoaderServi - Loading from file system: jar:file:///D:/MAVEN/localRepository/com/github/almasb/fxgl/17.1/fxgl-17.1.jar!/fxglassets/textures/particles/smoke.png
15:58:49.087 [FXGL Background Thread 1 ] DEBUG FXGLAssetLoaderServi - Loading from file system: jar:file:///D:/MAVEN/localRepository/com/github/almasb/fxgl/17.1/fxgl-17.1.jar!/fxglassets/textures/particles/trace_horizontal.png
15:58:49.110 [FXGL Background Thread 1 ] DEBUG GameApplicationServi - Application scenes initialized
15:58:49.124 [FXGL Background Thread 1 ] DEBUG SystemBundleService  - Loading FXGL system data
15:58:49.135 [FXGL Background Thread 1 ] DEBUG FileSystemAccess     - Reading from: E:\javaGame\FXGL_Tank-main\system\fxgl.bundle
15:58:49.142 [FXGL Background Thread 1 ] DEBUG SystemBundleService  - Bundle FXGL: {}
15:58:49.143 [FXGL Background Thread 1 ] DEBUG UpdaterService       - Checking for updates
15:58:49.146 [FXGL Background Thread 4 ] DEBUG FXGLApplication      - Loading fonts
15:58:49.146 [FXGL Background Thread 1 ] DEBUG FXGLApplication      - Loading default localization
15:58:49.146 [FXGL Background Thread 4 ] DEBUG FXGLAssetLoaderServi - Loading from file system: jar:file:///D:/MAVEN/localRepository/com/github/almasb/fxgl/17.1/fxgl-17.1.jar!/fxglassets/ui/fonts/VarelaRound-Regular.ttf
15:58:49.147 [FXGL Background Thread 1 ] DEBUG FXGLAssetLoaderServi - Loading from file system: jar:file:///D:/MAVEN/localRepository/com/github/almasb/fxgl/17.1/fxgl-17.1.jar!/fxglassets/languages/english.lang
15:58:49.189 [FXGL Background Thread 1 ] INFO  FXGLApplication      - FXGL initialization took: 0.631 sec
15:58:49.207 [JavaFX Application Thread] DEBUG Input                - Registered new binding: action0 - W
15:58:49.208 [JavaFX Application Thread] DEBUG Input                - Registered new binding: action1 - Up
15:58:49.209 [JavaFX Application Thread] DEBUG Input                - Registered new binding: action2 - S
15:58:49.210 [JavaFX Application Thread] DEBUG Input                - Registered new binding: action3 - Down
15:58:49.211 [JavaFX Application Thread] DEBUG Input                - Registered new binding: action4 - A
15:58:49.211 [JavaFX Application Thread] DEBUG Input                - Registered new binding: action5 - Left
15:58:49.213 [JavaFX Application Thread] DEBUG Input                - Registered new binding: action6 - D
15:58:49.214 [JavaFX Application Thread] DEBUG Input                - Registered new binding: action7 - Right
15:58:49.216 [JavaFX Application Thread] DEBUG Input                - Registered new binding: action8 - Space
15:58:49.216 [JavaFX Application Thread] DEBUG Input                - Registered new binding: action9 - F
15:58:49.237 [JavaFX Application Thread] DEBUG FXGLAssetLoaderServi - Loading from file system: file:/E:/javaGame/FXGL_Tank-main/target/classes/assets/textures/ui/cursor.png
15:58:49.241 [JavaFX Application Thread] DEBUG Input                - Registered new binding: Screenshot - CTRL+8
15:58:49.243 [JavaFX Application Thread] DEBUG Input                - Registered new binding: System info dump - CTRL+9
15:58:49.244 [JavaFX Application Thread] DEBUG Input                - Registered new binding: Restart - CTRL+R
15:58:49.245 [FXGL Background Thread 4 ] DEBUG FXGLAssetLoaderServi - Loading from file system: jar:file:///D:/MAVEN/localRepository/com/github/almasb/fxgl/17.1/fxgl-17.1.jar!/fxglassets/ui/fonts/Abel-Regular.ttf
15:58:49.248 [JavaFX Application Thread] DEBUG Input                - Registered new binding: Toggle Debug Camera - CTRL+7
15:58:49.255 [JavaFX Application Thread] DEBUG LoopRunner           - Starting loop
15:58:49.255 [JavaFX Application Thread] DEBUG LoopRunner           - Initializing JavaFX AnimationTimerLoop
15:58:49.255 [FXGL Background Thread 4 ] DEBUG FXGLAssetLoaderServi - Loading from file system: jar:file:///D:/MAVEN/localRepository/com/github/almasb/fxgl/17.1/fxgl-17.1.jar!/fxglassets/ui/fonts/TerminalLandMono-Regular.otf
15:58:49.263 [JavaFX Application Thread] DEBUG Input                - Clearing active input actions
15:58:49.266 [FXGL Background Thread 4 ] DEBUG FXGLAssetLoaderServi - Loading from file system: jar:file:///D:/MAVEN/localRepository/com/github/almasb/fxgl/17.1/fxgl-17.1.jar!/fxglassets/ui/fonts/Courier-Prime.ttf
15:58:49.273 [JavaFX Application Thread] DEBUG GameApplicationServi - Removing overlay from GameStartupScene and adding to FXGLMainMenuDummyScene
15:58:49.273 [JavaFX Application Thread] DEBUG PrimaryStageWindow   - GameStartupScene -> FXGLMainMenuDummyScene
15:58:49.273 [JavaFX Application Thread] DEBUG PrimaryStageWindow   - Push state: GameMainMenu
15:58:49.274 [JavaFX Application Thread] DEBUG FXGLAssetLoaderServi - Loading from file system: file:/E:/javaGame/FXGL_Tank-main/target/classes/assets/sounds/mainMenuLoad.wav
15:58:49.525 [JavaFX Application Thread] DEBUG Input                - Clearing active input actions
15:58:49.532 [JavaFX Application Thread] DEBUG GameApplicationServi - Removing overlay from FXGLMainMenuDummyScene and adding to GameMainMenu
15:58:49.533 [JavaFX Application Thread] DEBUG PrimaryStageWindow   - FXGLMainMenuDummyScene -> GameMainMenu
15:58:49.641 [JavaFX Application Thread] DEBUG FXGLApplication      - Registering font factories with UI factory
15:58:50.375 [FXGL Background Thread 2 ] INFO  UpdaterService       - Your current version:  17.1
15:58:50.376 [FXGL Background Thread 2 ] INFO  UpdaterService       - Latest stable version: 17.3
15:58:51.526 [JavaFX Application Thread] DEBUG FXGLAssetLoaderServi - Loading from file system: file:/E:/javaGame/FXGL_Tank-main/target/classes/assets/sounds/mainMenuHover.wav
15:58:52.145 [FXGL Background Thread 3 ] DEBUG Engine               - Logging environment variables
15:58:52.146 [FXGL Background Thread 3 ] DEBUG Engine               - achievements: []
15:58:52.146 [FXGL Background Thread 3 ] DEBUG Engine               - actualHeight: 672.0
15:58:52.146 [FXGL Background Thread 3 ] DEBUG Engine               - actualHeightProperty: ReadOnlyDoubleProperty [value: 672.0]
15:58:52.146 [FXGL Background Thread 3 ] DEBUG Engine               - actualWidth: 816.0
15:58:52.146 [FXGL Background Thread 3 ] DEBUG Engine               - actualWidthProperty: ReadOnlyDoubleProperty [value: 816.0]
15:58:52.146 [FXGL Background Thread 3 ] DEBUG Engine               - appIcon: ui/icon.png
15:58:52.146 [FXGL Background Thread 3 ] DEBUG Engine               - applicationMode: DEVELOPER
15:58:52.146 [FXGL Background Thread 3 ] DEBUG Engine               - cSSList: [fxgl_dark.css, tankApp.css]
15:58:52.146 [FXGL Background Thread 3 ] DEBUG Engine               - collisionDetectionStrategy: BRUTE_FORCE
15:58:52.146 [FXGL Background Thread 3 ] DEBUG Engine               - configClass: Optional.empty
15:58:52.146 [FXGL Background Thread 3 ] DEBUG Engine               - credits: []
15:58:52.147 [FXGL Background Thread 3 ] DEBUG Engine               - defaultCursor: CursorInfo(imageName=ui/cursor.png, hotspotX=0.0, hotspotY=0.0)
15:58:52.148 [FXGL Background Thread 3 ] DEBUG Engine               - devBBoxColorProperty: ObjectProperty [value: 0xff0000ff]
15:58:52.148 [FXGL Background Thread 3 ] DEBUG Engine               - devEnableDebugCameraProperty: BooleanProperty [value: false]
15:58:52.148 [FXGL Background Thread 3 ] DEBUG Engine               - devSensorColorProperty: ObjectProperty [value: 0xffff00ff]
15:58:52.148 [FXGL Background Thread 3 ] DEBUG Engine               - devShowBBoxProperty: BooleanProperty [value: false]
15:58:52.148 [FXGL Background Thread 3 ] DEBUG Engine               - devShowPositionProperty: BooleanProperty [value: false]
15:58:52.148 [FXGL Background Thread 3 ] DEBUG Engine               - enabledMenuItems: []
15:58:52.148 [FXGL Background Thread 3 ] DEBUG Engine               - engineServices: [class com.almasb.fxgl.app.services.FXGLAssetLoaderService, class com.almasb.fxgl.app.FXGLApplication$GameApplicationService, class com.almasb.fxgl.app.services.FXGLDialogService, class com.almasb.fxgl.app.services.IOTaskExecutorService, class com.almasb.fxgl.io.FileSystemService, class com.almasb.fxgl.localization.LocalizationService, class com.almasb.fxgl.app.services.SystemBundleService, class com.almasb.fxgl.profile.SaveLoadService, class com.almasb.fxgl.ui.FXGLUIFactoryServiceProvider, class com.almasb.fxgl.ui.FXGLDialogFactoryServiceProvider, class com.almasb.fxgl.audio.AudioPlayer, class com.almasb.fxgl.notification.impl.NotificationServiceProvider, class com.almasb.fxgl.achievement.AchievementService, class com.almasb.fxgl.cutscene.CutsceneService, class com.almasb.fxgl.minigames.MiniGameService, class com.almasb.fxgl.net.NetService, class com.almasb.fxgl.app.services.UpdaterService, class com.almasb.fxgl.dev.DevService]
15:58:52.148 [FXGL Background Thread 3 ] DEBUG Engine               - fontGame: Abel-Regular.ttf
15:58:52.148 [FXGL Background Thread 3 ] DEBUG Engine               - fontMono: TerminalLandMono-Regular.otf
15:58:52.148 [FXGL Background Thread 3 ] DEBUG Engine               - fontText: Courier-Prime.ttf
15:58:52.148 [FXGL Background Thread 3 ] DEBUG Engine               - fontUI: VarelaRound-Regular.ttf
15:58:52.148 [FXGL Background Thread 3 ] DEBUG Engine               - fullScreen: BooleanProperty [value: false]
15:58:52.148 [FXGL Background Thread 3 ] DEBUG Engine               - gameDifficulty: MEDIUM
15:58:52.148 [FXGL Background Thread 3 ] DEBUG Engine               - gameDifficultyProperty: ObjectProperty [value: MEDIUM]
15:58:52.149 [FXGL Background Thread 3 ] DEBUG Engine               - globalMusicVolume: 0.5
15:58:52.149 [FXGL Background Thread 3 ] DEBUG Engine               - globalMusicVolumeProperty: DoubleProperty [value: 0.5]
15:58:52.149 [FXGL Background Thread 3 ] DEBUG Engine               - globalSoundVolume: 0.5
15:58:52.149 [FXGL Background Thread 3 ] DEBUG Engine               - globalSoundVolumeProperty: DoubleProperty [value: 0.5]
15:58:52.149 [FXGL Background Thread 3 ] DEBUG Engine               - height: 672
15:58:52.149 [FXGL Background Thread 3 ] DEBUG Engine               - is3D: false
15:58:52.149 [FXGL Background Thread 3 ] DEBUG Engine               - isAndroid: false
15:58:52.149 [FXGL Background Thread 3 ] DEBUG Engine               - isBrowser: false
15:58:52.149 [FXGL Background Thread 3 ] DEBUG Engine               - isClickFeedbackEnabled: false
15:58:52.149 [FXGL Background Thread 3 ] DEBUG Engine               - isCloseConfirmation: false
15:58:52.149 [FXGL Background Thread 3 ] DEBUG Engine               - isDesktop: true
15:58:52.149 [FXGL Background Thread 3 ] DEBUG Engine               - isDeveloperMenuEnabled: false
15:58:52.149 [FXGL Background Thread 3 ] DEBUG Engine               - isEmbedded: false
15:58:52.149 [FXGL Background Thread 3 ] DEBUG Engine               - isEntityPreloadEnabled: true
15:58:52.149 [FXGL Background Thread 3 ] DEBUG Engine               - isExperimentalTiledLargeMap: false
15:58:52.149 [FXGL Background Thread 3 ] DEBUG Engine               - isFileSystemWriteAllowed: true
15:58:52.149 [FXGL Background Thread 3 ] DEBUG Engine               - isFullScreenAllowed: false
15:58:52.149 [FXGL Background Thread 3 ] DEBUG Engine               - isFullScreenFromStart: false
15:58:52.149 [FXGL Background Thread 3 ] DEBUG Engine               - isGameMenuEnabled: true
15:58:52.149 [FXGL Background Thread 3 ] DEBUG Engine               - isIOS: false
15:58:52.149 [FXGL Background Thread 3 ] DEBUG Engine               - isIntroEnabled: false
15:58:52.149 [FXGL Background Thread 3 ] DEBUG Engine               - isLinux: false
15:58:52.149 [FXGL Background Thread 3 ] DEBUG Engine               - isMac: false
15:58:52.149 [FXGL Background Thread 3 ] DEBUG Engine               - isMainMenuEnabled: true
15:58:52.149 [FXGL Background Thread 3 ] DEBUG Engine               - isManualResizeEnabled: false
15:58:52.150 [FXGL Background Thread 3 ] DEBUG Engine               - isMobile: false
15:58:52.150 [FXGL Background Thread 3 ] DEBUG Engine               - isNative: false
15:58:52.150 [FXGL Background Thread 3 ] DEBUG Engine               - isPauseMusicWhenMinimized: true
15:58:52.150 [FXGL Background Thread 3 ] DEBUG Engine               - isPreserveResizeRatio: false
15:58:52.150 [FXGL Background Thread 3 ] DEBUG Engine               - isProfilingEnabled: false
15:58:52.150 [FXGL Background Thread 3 ] DEBUG Engine               - isScaleAffectedOnResize: true
15:58:52.150 [FXGL Background Thread 3 ] DEBUG Engine               - isSingleStep: false
15:58:52.150 [FXGL Background Thread 3 ] DEBUG Engine               - isUserProfileEnabled: false
15:58:52.150 [FXGL Background Thread 3 ] DEBUG Engine               - isWindows: true
15:58:52.150 [FXGL Background Thread 3 ] DEBUG Engine               - language: ObjectProperty [value: ENGLISH]
15:58:52.150 [FXGL Background Thread 3 ] DEBUG Engine               - menuKey: ESCAPE
15:58:52.150 [FXGL Background Thread 3 ] DEBUG Engine               - mouseSensitivity: 0.2
15:58:52.150 [FXGL Background Thread 3 ] DEBUG Engine               - notificationViewClass: class com.almasb.fxgl.notification.view.XboxNotificationView
15:58:52.150 [FXGL Background Thread 3 ] DEBUG Engine               - pixelsPerMeter: 50.0
15:58:52.150 [FXGL Background Thread 3 ] DEBUG Engine               - platform: WINDOWS
15:58:52.150 [FXGL Background Thread 3 ] DEBUG Engine               - prefHeightProperty: ReadOnlyDoubleProperty [value: 672.0]
15:58:52.150 [FXGL Background Thread 3 ] DEBUG Engine               - prefWidthProperty: ReadOnlyDoubleProperty [value: 816.0]
15:58:52.151 [FXGL Background Thread 3 ] DEBUG Engine               - profileDir: profiles/
15:58:52.151 [FXGL Background Thread 3 ] DEBUG Engine               - profileName: StringProperty [value: DEFAULT]
15:58:52.151 [FXGL Background Thread 3 ] DEBUG Engine               - randomSeed: -1
15:58:52.151 [FXGL Background Thread 3 ] DEBUG Engine               - runtimeInfo: RuntimeInfo(platform=WINDOWS, version=17.1, build=24.03.2022 17.34)
15:58:52.151 [FXGL Background Thread 3 ] DEBUG Engine               - saveFileExt: sav
15:58:52.151 [FXGL Background Thread 3 ] DEBUG Engine               - scaledHeightProp$fxgl: DoubleProperty [bound, value: 672.0]
15:58:52.151 [FXGL Background Thread 3 ] DEBUG Engine               - scaledWidthProp$fxgl: DoubleProperty [bound, value: 816.0]
15:58:52.151 [FXGL Background Thread 3 ] DEBUG Engine               - sceneFactory: com.leewyatt.github.tank.TankApp$1@371bb941
15:58:52.151 [FXGL Background Thread 3 ] DEBUG Engine               - secondsIn24h: 60
15:58:52.151 [FXGL Background Thread 3 ] DEBUG Engine               - soundMenuBack: menu/back.wav
15:58:52.151 [FXGL Background Thread 3 ] DEBUG Engine               - soundMenuPress: menu/press.wav
15:58:52.152 [FXGL Background Thread 3 ] DEBUG Engine               - soundMenuSelect: menu/select.wav
15:58:52.152 [FXGL Background Thread 3 ] DEBUG Engine               - soundNotification: core/notification.wav
15:58:52.152 [FXGL Background Thread 3 ] DEBUG Engine               - stageStyle: DECORATED
15:58:52.152 [FXGL Background Thread 3 ] DEBUG Engine               - supportedLanguages: [ENGLISH, FRENCH, GERMAN, HUNGARIAN, RUSSIAN]
15:58:52.152 [FXGL Background Thread 3 ] DEBUG Engine               - ticksPerSecond: -1
15:58:52.152 [FXGL Background Thread 3 ] DEBUG Engine               - title: 90 Tank
15:58:52.152 [FXGL Background Thread 3 ] DEBUG Engine               - urlGithub: https://github.com/AlmasB/FXGL
15:58:52.152 [FXGL Background Thread 3 ] DEBUG Engine               - urlLeaderboard: http://fxgl-top.herokuapp.com/
15:58:52.152 [FXGL Background Thread 3 ] DEBUG Engine               - urlPOM: https://raw.githubusercontent.com/AlmasB/FXGL/release/README.md
15:58:52.152 [FXGL Background Thread 3 ] DEBUG Engine               - userAppClass: class com.leewyatt.github.tank.TankApp
15:58:52.152 [FXGL Background Thread 3 ] DEBUG Engine               - version: Version 0.3
15:58:52.152 [FXGL Background Thread 3 ] DEBUG Engine               - versionCheckDays: 7
15:58:52.152 [FXGL Background Thread 3 ] DEBUG Engine               - width: 816
15:58:52.152 [FXGL Background Thread 3 ] DEBUG Engine               - Logging services
15:58:52.152 [FXGL Background Thread 3 ] DEBUG Engine               - class com.almasb.fxgl.app.services.FXGLAssetLoaderService
15:58:52.152 [FXGL Background Thread 3 ] DEBUG Engine               - class com.almasb.fxgl.app.FXGLApplication$GameApplicationService
15:58:52.152 [FXGL Background Thread 3 ] DEBUG Engine               - class com.almasb.fxgl.app.services.FXGLDialogService
15:58:52.152 [FXGL Background Thread 3 ] DEBUG Engine               - class com.almasb.fxgl.app.services.IOTaskExecutorService
15:58:52.152 [FXGL Background Thread 3 ] DEBUG Engine               - class com.almasb.fxgl.io.FileSystemService
15:58:52.152 [FXGL Background Thread 3 ] DEBUG Engine               - class com.almasb.fxgl.localization.LocalizationService
15:58:52.152 [FXGL Background Thread 3 ] DEBUG Engine               - class com.almasb.fxgl.app.services.SystemBundleService
15:58:52.152 [FXGL Background Thread 3 ] DEBUG Engine               - class com.almasb.fxgl.profile.SaveLoadService
15:58:52.152 [FXGL Background Thread 3 ] DEBUG Engine               - class com.almasb.fxgl.ui.FXGLUIFactoryServiceProvider
15:58:52.152 [FXGL Background Thread 3 ] DEBUG Engine               - class com.almasb.fxgl.ui.FXGLDialogFactoryServiceProvider
15:58:52.152 [FXGL Background Thread 3 ] DEBUG Engine               - class com.almasb.fxgl.audio.AudioPlayer
15:58:52.152 [FXGL Background Thread 3 ] DEBUG Engine               - class com.almasb.fxgl.notification.impl.NotificationServiceProvider
15:58:52.152 [FXGL Background Thread 3 ] DEBUG Engine               - class com.almasb.fxgl.achievement.AchievementService
15:58:52.152 [FXGL Background Thread 3 ] DEBUG Engine               - class com.almasb.fxgl.cutscene.CutsceneService
15:58:52.152 [FXGL Background Thread 3 ] DEBUG Engine               - class com.almasb.fxgl.minigames.MiniGameService
15:58:52.152 [FXGL Background Thread 3 ] DEBUG Engine               - class com.almasb.fxgl.net.NetService
15:58:52.152 [FXGL Background Thread 3 ] DEBUG Engine               - class com.almasb.fxgl.app.services.UpdaterService
15:58:52.152 [FXGL Background Thread 3 ] DEBUG Engine               - class com.almasb.fxgl.dev.DevService
15:58:53.899 [JavaFX Application Thread] DEBUG FXGLAssetLoaderServi - Loading from file system: file:/E:/javaGame/FXGL_Tank-main/target/classes/assets/sounds/select.wav
15:58:53.922 [JavaFX Application Thread] DEBUG FXGLAssetLoaderServi - Loading from file system: file:/E:/javaGame/FXGL_Tank-main/target/classes/assets/textures/map/brick.png
15:58:53.924 [JavaFX Application Thread] DEBUG FXGLAssetLoaderServi - Loading from file system: file:/E:/javaGame/FXGL_Tank-main/target/classes/assets/properties/game.properties
15:58:53.928 [JavaFX Application Thread] DEBUG FXGLAssetLoaderServi - Loading from file system: file:/E:/javaGame/FXGL_Tank-main/target/classes/assets/textures/ui/drawCursor.png
15:58:53.934 [JavaFX Application Thread] DEBUG FXGLAssetLoaderServi - Loading from file system: file:/E:/javaGame/FXGL_Tank-main/target/classes/assets/textures/map/flag.png
15:58:53.936 [JavaFX Application Thread] DEBUG FXGLAssetLoaderServi - Loading from file system: file:/E:/javaGame/FXGL_Tank-main/target/classes/assets/textures/map/brick4.png
15:58:53.937 [JavaFX Application Thread] DEBUG FXGLAssetLoaderServi - Loading from file system: file:/E:/javaGame/FXGL_Tank-main/target/classes/assets/textures/map/stone.png
15:58:53.938 [JavaFX Application Thread] DEBUG FXGLAssetLoaderServi - Loading from file system: file:/E:/javaGame/FXGL_Tank-main/target/classes/assets/textures/map/stone4.png
15:58:53.939 [JavaFX Application Thread] DEBUG FXGLAssetLoaderServi - Loading from file system: file:/E:/javaGame/FXGL_Tank-main/target/classes/assets/textures/map/snow.png
15:58:53.940 [JavaFX Application Thread] DEBUG FXGLAssetLoaderServi - Loading from file system: file:/E:/javaGame/FXGL_Tank-main/target/classes/assets/textures/map/snow4.png
15:58:53.941 [JavaFX Application Thread] DEBUG FXGLAssetLoaderServi - Loading from file system: file:/E:/javaGame/FXGL_Tank-main/target/classes/assets/textures/map/sea.png
15:58:53.942 [JavaFX Application Thread] DEBUG FXGLAssetLoaderServi - Loading from file system: file:/E:/javaGame/FXGL_Tank-main/target/classes/assets/textures/map/sea4.png
15:58:53.943 [JavaFX Application Thread] DEBUG FXGLAssetLoaderServi - Loading from file system: file:/E:/javaGame/FXGL_Tank-main/target/classes/assets/textures/map/greens.png
15:58:53.944 [JavaFX Application Thread] DEBUG FXGLAssetLoaderServi - Loading from file system: file:/E:/javaGame/FXGL_Tank-main/target/classes/assets/textures/map/greens4.png
15:58:53.945 [JavaFX Application Thread] DEBUG FXGLAssetLoaderServi - Loading from file system: file:/E:/javaGame/FXGL_Tank-main/target/classes/assets/textures/map/empty.png
15:58:53.946 [JavaFX Application Thread] DEBUG FXGLAssetLoaderServi - Loading from file system: file:/E:/javaGame/FXGL_Tank-main/target/classes/assets/textures/map/empty4.png
15:59:01.563 [JavaFX Application Thread] DEBUG FXGLApplication      - Exiting FXGL
15:59:01.563 [JavaFX Application Thread] DEBUG LoopRunner           - Stopping loop
15:59:01.563 [JavaFX Application Thread] DEBUG SystemBundleService  - Saving FXGL system data
15:59:01.565 [JavaFX Application Thread] DEBUG FileSystemAccess     - Writing to: E:\javaGame\FXGL_Tank-main\system\fxgl.bundle
15:59:01.567 [JavaFX Application Thread] DEBUG Async                - Shutting down background threads
15:59:01.567 [JavaFX Application Thread] DEBUG PrimaryStageWindow   - Closing main window
15:59:01.642 [JavaFX Application Thread] DEBUG Logger               - Closing Logger
