19:50:48.041 [main                     ] DEBUG Logger               - Configured Logger
19:50:48.064 [main                     ] DEBUG GameApplication      - Logging settings
Title: 100 Tank
Version: Version 0.3
Width: 816
Height: 672
Fullscreen: false
Intro: false
Profiling: false
Single step:false
App Mode: DEVELOPER
Menu Key: ESCAPE
Stage Style: DECORATED
Scene Factory: class com.leewyatt.github.tank.TankApp$1

19:50:48.444 [JavaFX Application Thread] DEBUG FXGLApplication      - Initializing FXGL
19:50:48.447 [JavaFX Application Thread] INFO  Engine               - FXGL-17.1 (24.03.2022 17.34) on WINDOWS (J:17.0.8 FX:18)
19:50:48.447 [JavaFX Application Thread] DEBUG Engine               - JRE Vendor Name: Oracle Corporation
19:50:48.447 [JavaFX Application Thread] DEBUG Engine               - Running on OS: Windows 11 version 10.0
19:50:48.447 [JavaFX Application Thread] DEBUG Engine               - Architecture: amd64
19:50:48.447 [JavaFX Application Thread] INFO  Engine               - Source code and latest versions at: https://github.com/AlmasB/FXGL
19:50:48.447 [JavaFX Application Thread] INFO  Engine               -       Ask questions and discuss at: https://github.com/AlmasB/FXGL/discussions
19:50:48.448 [JavaFX Application Thread] INFO  Engine               -              Join the FXGL chat at: https://gitter.im/AlmasB/FXGL
19:50:48.496 [JavaFX Application Thread] DEBUG PrimaryStageWindow   - Creating a JavaFX scene
19:50:48.517 [JavaFX Application Thread] DEBUG PrimaryStageWindow   - Target settings size: 816.0 x 672.0
19:50:48.517 [JavaFX Application Thread] DEBUG PrimaryStageWindow   - Scaled scene size:    816.0 x 672.0
19:50:48.517 [JavaFX Application Thread] DEBUG PrimaryStageWindow   - Scaled ratio: (1.0, 1.0)
19:50:48.518 [JavaFX Application Thread] DEBUG PrimaryStageWindow   - Set initial scene to GameStartupScene
19:50:48.520 [JavaFX Application Thread] DEBUG PrimaryStageWindow   - Opening main window
19:50:48.649 [JavaFX Application Thread] DEBUG PrimaryStageWindow   - Window border size: (16.0, 39.0)
19:50:48.650 [JavaFX Application Thread] DEBUG PrimaryStageWindow   - Scaled size: 816.0 x 672.0
19:50:48.650 [JavaFX Application Thread] DEBUG PrimaryStageWindow   - Scaled ratio: (1.0, 1.0)
19:50:48.650 [JavaFX Application Thread] DEBUG PrimaryStageWindow   - Scene size: 816.0 x 672.0
19:50:48.650 [JavaFX Application Thread] DEBUG PrimaryStageWindow   - Stage size: 832.0 x 711.0
19:50:48.655 [FXGL Background Thread 1 ] DEBUG Engine               - Initializing environment variables
19:50:48.676 [FXGL Background Thread 1 ] DEBUG FXGLAssetLoaderServi - User app class for loading assets: class com.leewyatt.github.tank.TankApp
19:50:48.676 [FXGL Background Thread 1 ] DEBUG GameApplicationServi - Applying CSS: fxgl_dark.css
19:50:48.677 [FXGL Background Thread 1 ] DEBUG FXGLAssetLoaderServi - Loading from file system: jar:file:///D:/MAVEN/localRepository/com/github/almasb/fxgl/17.1/fxgl-17.1.jar!/fxglassets/ui/css/fxgl_dark.css
19:50:48.692 [FXGL Background Thread 1 ] DEBUG GameApplicationServi - Applying CSS: tankApp.css
19:50:48.692 [FXGL Background Thread 1 ] DEBUG FXGLAssetLoaderServi - Loading from file system: file:/E:/javaGame/FXGL_Tank-main/target/classes/assets/ui/css/tankApp.css
19:50:48.693 [FXGL Background Thread 1 ] DEBUG GameApplicationServi - Initializing application scenes
19:50:48.699 [FXGL Background Thread 1 ] DEBUG GameWorld            - Game world initialized
19:50:48.741 [FXGL Background Thread 1 ] DEBUG PhysicsWorld         - Physics world initialized: appHeight=672, physics.ppm=50.0
19:50:48.741 [FXGL Background Thread 1 ] DEBUG PhysicsWorld         - Using strategy: BRUTE_FORCE
19:50:48.744 [FXGL Background Thread 1 ] DEBUG GameScene            - Game scene initialized: 816x672
19:50:48.746 [FXGL Background Thread 1 ] DEBUG FXGLAssetLoaderServi - Loading from file system: file:/E:/javaGame/FXGL_Tank-main/target/classes/assets/textures/ui/logo.png
19:50:48.759 [FXGL Background Thread 1 ] DEBUG FXGLAssetLoaderServi - Loading from file system: file:/E:/javaGame/FXGL_Tank-main/target/classes/assets/textures/ui/icon.png
19:50:48.766 [FXGL Background Thread 1 ] DEBUG FXGLAssetLoaderServi - Loading from file system: file:/E:/javaGame/FXGL_Tank-main/target/classes/assets/textures/ui/tankLoading.png
19:50:48.785 [FXGL Background Thread 1 ] DEBUG FXGLAssetLoaderServi - Loading from file system: file:/E:/javaGame/FXGL_Tank-main/target/classes/assets/textures/ui/fxgl.png
19:50:48.816 [FXGL Background Thread 1 ] DEBUG FXGL.DefaultMenu     - createMenuBodyGameMenu()
19:50:48.822 [FXGL Background Thread 1 ] DEBUG FXGL.DefaultMenu     - createOptionsMenu()
19:50:48.831 [FXGL Background Thread 1 ] DEBUG FXGLAssetLoaderServi - Loading from file system: jar:file:///D:/MAVEN/localRepository/com/github/almasb/fxgl/17.1/fxgl-17.1.jar!/fxglassets/textures/particles/smoke.png
19:50:48.907 [FXGL Background Thread 1 ] DEBUG FXGLAssetLoaderServi - Loading from file system: jar:file:///D:/MAVEN/localRepository/com/github/almasb/fxgl/17.1/fxgl-17.1.jar!/fxglassets/textures/particles/trace_horizontal.png
19:50:48.924 [FXGL Background Thread 1 ] DEBUG GameApplicationServi - Application scenes initialized
19:50:48.931 [FXGL Background Thread 1 ] DEBUG SystemBundleService  - Loading FXGL system data
19:50:48.935 [FXGL Background Thread 1 ] DEBUG FileSystemAccess     - Reading from: E:\javaGame\FXGL_Tank-main\system\fxgl.bundle
19:50:48.939 [FXGL Background Thread 1 ] DEBUG SystemBundleService  - Bundle FXGL: {}
19:50:48.939 [FXGL Background Thread 1 ] DEBUG UpdaterService       - Checking for updates
19:50:48.941 [FXGL Background Thread 4 ] DEBUG FXGLApplication      - Loading fonts
19:50:48.941 [FXGL Background Thread 1 ] DEBUG FXGLApplication      - Loading default localization
19:50:48.942 [FXGL Background Thread 4 ] DEBUG FXGLAssetLoaderServi - Loading from file system: jar:file:///D:/MAVEN/localRepository/com/github/almasb/fxgl/17.1/fxgl-17.1.jar!/fxglassets/ui/fonts/VarelaRound-Regular.ttf
19:50:48.942 [FXGL Background Thread 1 ] DEBUG FXGLAssetLoaderServi - Loading from file system: jar:file:///D:/MAVEN/localRepository/com/github/almasb/fxgl/17.1/fxgl-17.1.jar!/fxglassets/languages/english.lang
19:50:48.966 [FXGL Background Thread 1 ] INFO  FXGLApplication      - FXGL initialization took: 0.311 sec
19:50:48.979 [JavaFX Application Thread] DEBUG Input                - Registered new binding: action0 - W
19:50:48.980 [JavaFX Application Thread] DEBUG Input                - Registered new binding: action1 - Up
19:50:48.980 [JavaFX Application Thread] DEBUG Input                - Registered new binding: action2 - S
19:50:48.981 [JavaFX Application Thread] DEBUG Input                - Registered new binding: action3 - Down
19:50:48.981 [JavaFX Application Thread] DEBUG Input                - Registered new binding: action4 - A
19:50:48.982 [JavaFX Application Thread] DEBUG Input                - Registered new binding: action5 - Left
19:50:48.983 [JavaFX Application Thread] DEBUG Input                - Registered new binding: action6 - D
19:50:48.983 [JavaFX Application Thread] DEBUG Input                - Registered new binding: action7 - Right
19:50:48.984 [JavaFX Application Thread] DEBUG Input                - Registered new binding: action8 - Space
19:50:48.984 [JavaFX Application Thread] DEBUG Input                - Registered new binding: action9 - F
19:50:48.990 [JavaFX Application Thread] DEBUG FXGLAssetLoaderServi - Loading from file system: file:/E:/javaGame/FXGL_Tank-main/target/classes/assets/textures/ui/cursor.png
19:50:48.992 [JavaFX Application Thread] DEBUG Input                - Registered new binding: Screenshot - CTRL+8
19:50:48.992 [JavaFX Application Thread] DEBUG Input                - Registered new binding: System info dump - CTRL+9
19:50:48.993 [JavaFX Application Thread] DEBUG Input                - Registered new binding: Restart - CTRL+R
19:50:48.993 [FXGL Background Thread 4 ] DEBUG FXGLAssetLoaderServi - Loading from file system: jar:file:///D:/MAVEN/localRepository/com/github/almasb/fxgl/17.1/fxgl-17.1.jar!/fxglassets/ui/fonts/Abel-Regular.ttf
19:50:48.995 [JavaFX Application Thread] DEBUG Input                - Registered new binding: Toggle Debug Camera - CTRL+7
19:50:48.996 [JavaFX Application Thread] DEBUG LoopRunner           - Starting loop
19:50:48.996 [JavaFX Application Thread] DEBUG LoopRunner           - Initializing JavaFX AnimationTimerLoop
19:50:49.000 [JavaFX Application Thread] DEBUG Input                - Clearing active input actions
19:50:49.001 [FXGL Background Thread 4 ] DEBUG FXGLAssetLoaderServi - Loading from file system: jar:file:///D:/MAVEN/localRepository/com/github/almasb/fxgl/17.1/fxgl-17.1.jar!/fxglassets/ui/fonts/TerminalLandMono-Regular.otf
19:50:49.005 [JavaFX Application Thread] DEBUG GameApplicationServi - Removing overlay from GameStartupScene and adding to FXGLMainMenuDummyScene
19:50:49.005 [JavaFX Application Thread] DEBUG PrimaryStageWindow   - GameStartupScene -> FXGLMainMenuDummyScene
19:50:49.005 [JavaFX Application Thread] DEBUG PrimaryStageWindow   - Push state: GameMainMenu
19:50:49.006 [JavaFX Application Thread] DEBUG FXGLAssetLoaderServi - Loading from file system: file:/E:/javaGame/FXGL_Tank-main/target/classes/assets/sounds/mainMenuLoad.wav
19:50:49.007 [FXGL Background Thread 4 ] DEBUG FXGLAssetLoaderServi - Loading from file system: jar:file:///D:/MAVEN/localRepository/com/github/almasb/fxgl/17.1/fxgl-17.1.jar!/fxglassets/ui/fonts/Courier-Prime.ttf
19:50:49.073 [JavaFX Application Thread] DEBUG Input                - Clearing active input actions
19:50:49.077 [JavaFX Application Thread] DEBUG GameApplicationServi - Removing overlay from FXGLMainMenuDummyScene and adding to GameMainMenu
19:50:49.077 [JavaFX Application Thread] DEBUG PrimaryStageWindow   - FXGLMainMenuDummyScene -> GameMainMenu
19:50:49.130 [JavaFX Application Thread] DEBUG FXGLApplication      - Registering font factories with UI factory
19:50:49.418 [FXGL Background Thread 2 ] INFO  UpdaterService       - Your current version:  17.1
19:50:49.419 [FXGL Background Thread 2 ] INFO  UpdaterService       - Latest stable version: 17.3
19:50:51.076 [JavaFX Application Thread] DEBUG FXGLAssetLoaderServi - Loading from file system: file:/E:/javaGame/FXGL_Tank-main/target/classes/assets/sounds/mainMenuHover.wav
19:50:51.941 [FXGL Background Thread 3 ] DEBUG Engine               - Logging environment variables
19:50:51.941 [FXGL Background Thread 3 ] DEBUG Engine               - achievements: []
19:50:51.941 [FXGL Background Thread 3 ] DEBUG Engine               - actualHeight: 672.0
19:50:51.941 [FXGL Background Thread 3 ] DEBUG Engine               - actualHeightProperty: ReadOnlyDoubleProperty [value: 672.0]
19:50:51.941 [FXGL Background Thread 3 ] DEBUG Engine               - actualWidth: 816.0
19:50:51.941 [FXGL Background Thread 3 ] DEBUG Engine               - actualWidthProperty: ReadOnlyDoubleProperty [value: 816.0]
19:50:51.941 [FXGL Background Thread 3 ] DEBUG Engine               - appIcon: ui/icon.png
19:50:51.941 [FXGL Background Thread 3 ] DEBUG Engine               - applicationMode: DEVELOPER
19:50:51.941 [FXGL Background Thread 3 ] DEBUG Engine               - cSSList: [fxgl_dark.css, tankApp.css]
19:50:51.941 [FXGL Background Thread 3 ] DEBUG Engine               - collisionDetectionStrategy: BRUTE_FORCE
19:50:51.941 [FXGL Background Thread 3 ] DEBUG Engine               - configClass: Optional.empty
19:50:51.941 [FXGL Background Thread 3 ] DEBUG Engine               - credits: []
19:50:51.943 [FXGL Background Thread 3 ] DEBUG Engine               - defaultCursor: CursorInfo(imageName=ui/cursor.png, hotspotX=0.0, hotspotY=0.0)
19:50:51.943 [FXGL Background Thread 3 ] DEBUG Engine               - devBBoxColorProperty: ObjectProperty [value: 0xff0000ff]
19:50:51.943 [FXGL Background Thread 3 ] DEBUG Engine               - devEnableDebugCameraProperty: BooleanProperty [value: false]
19:50:51.943 [FXGL Background Thread 3 ] DEBUG Engine               - devSensorColorProperty: ObjectProperty [value: 0xffff00ff]
19:50:51.943 [FXGL Background Thread 3 ] DEBUG Engine               - devShowBBoxProperty: BooleanProperty [value: false]
19:50:51.943 [FXGL Background Thread 3 ] DEBUG Engine               - devShowPositionProperty: BooleanProperty [value: false]
19:50:51.943 [FXGL Background Thread 3 ] DEBUG Engine               - enabledMenuItems: []
19:50:51.943 [FXGL Background Thread 3 ] DEBUG Engine               - engineServices: [class com.almasb.fxgl.app.services.FXGLAssetLoaderService, class com.almasb.fxgl.app.FXGLApplication$GameApplicationService, class com.almasb.fxgl.app.services.FXGLDialogService, class com.almasb.fxgl.app.services.IOTaskExecutorService, class com.almasb.fxgl.io.FileSystemService, class com.almasb.fxgl.localization.LocalizationService, class com.almasb.fxgl.app.services.SystemBundleService, class com.almasb.fxgl.profile.SaveLoadService, class com.almasb.fxgl.ui.FXGLUIFactoryServiceProvider, class com.almasb.fxgl.ui.FXGLDialogFactoryServiceProvider, class com.almasb.fxgl.audio.AudioPlayer, class com.almasb.fxgl.notification.impl.NotificationServiceProvider, class com.almasb.fxgl.achievement.AchievementService, class com.almasb.fxgl.cutscene.CutsceneService, class com.almasb.fxgl.minigames.MiniGameService, class com.almasb.fxgl.net.NetService, class com.almasb.fxgl.app.services.UpdaterService, class com.almasb.fxgl.dev.DevService]
19:50:51.943 [FXGL Background Thread 3 ] DEBUG Engine               - fontGame: Abel-Regular.ttf
19:50:51.943 [FXGL Background Thread 3 ] DEBUG Engine               - fontMono: TerminalLandMono-Regular.otf
19:50:51.943 [FXGL Background Thread 3 ] DEBUG Engine               - fontText: Courier-Prime.ttf
19:50:51.943 [FXGL Background Thread 3 ] DEBUG Engine               - fontUI: VarelaRound-Regular.ttf
19:50:51.943 [FXGL Background Thread 3 ] DEBUG Engine               - fullScreen: BooleanProperty [value: false]
19:50:51.943 [FXGL Background Thread 3 ] DEBUG Engine               - gameDifficulty: MEDIUM
19:50:51.943 [FXGL Background Thread 3 ] DEBUG Engine               - gameDifficultyProperty: ObjectProperty [value: MEDIUM]
19:50:51.943 [FXGL Background Thread 3 ] DEBUG Engine               - globalMusicVolume: 0.5
19:50:51.943 [FXGL Background Thread 3 ] DEBUG Engine               - globalMusicVolumeProperty: DoubleProperty [value: 0.5]
19:50:51.943 [FXGL Background Thread 3 ] DEBUG Engine               - globalSoundVolume: 0.5
19:50:51.943 [FXGL Background Thread 3 ] DEBUG Engine               - globalSoundVolumeProperty: DoubleProperty [value: 0.5]
19:50:51.943 [FXGL Background Thread 3 ] DEBUG Engine               - height: 672
19:50:51.943 [FXGL Background Thread 3 ] DEBUG Engine               - is3D: false
19:50:51.943 [FXGL Background Thread 3 ] DEBUG Engine               - isAndroid: false
19:50:51.943 [FXGL Background Thread 3 ] DEBUG Engine               - isBrowser: false
19:50:51.943 [FXGL Background Thread 3 ] DEBUG Engine               - isClickFeedbackEnabled: false
19:50:51.943 [FXGL Background Thread 3 ] DEBUG Engine               - isCloseConfirmation: false
19:50:51.943 [FXGL Background Thread 3 ] DEBUG Engine               - isDesktop: true
19:50:51.943 [FXGL Background Thread 3 ] DEBUG Engine               - isDeveloperMenuEnabled: false
19:50:51.943 [FXGL Background Thread 3 ] DEBUG Engine               - isEmbedded: false
19:50:51.943 [FXGL Background Thread 3 ] DEBUG Engine               - isEntityPreloadEnabled: true
19:50:51.943 [FXGL Background Thread 3 ] DEBUG Engine               - isExperimentalTiledLargeMap: false
19:50:51.943 [FXGL Background Thread 3 ] DEBUG Engine               - isFileSystemWriteAllowed: true
19:50:51.944 [FXGL Background Thread 3 ] DEBUG Engine               - isFullScreenAllowed: false
19:50:51.944 [FXGL Background Thread 3 ] DEBUG Engine               - isFullScreenFromStart: false
19:50:51.944 [FXGL Background Thread 3 ] DEBUG Engine               - isGameMenuEnabled: true
19:50:51.944 [FXGL Background Thread 3 ] DEBUG Engine               - isIOS: false
19:50:51.944 [FXGL Background Thread 3 ] DEBUG Engine               - isIntroEnabled: false
19:50:51.944 [FXGL Background Thread 3 ] DEBUG Engine               - isLinux: false
19:50:51.944 [FXGL Background Thread 3 ] DEBUG Engine               - isMac: false
19:50:51.944 [FXGL Background Thread 3 ] DEBUG Engine               - isMainMenuEnabled: true
19:50:51.944 [FXGL Background Thread 3 ] DEBUG Engine               - isManualResizeEnabled: false
19:50:51.944 [FXGL Background Thread 3 ] DEBUG Engine               - isMobile: false
19:50:51.944 [FXGL Background Thread 3 ] DEBUG Engine               - isNative: false
19:50:51.944 [FXGL Background Thread 3 ] DEBUG Engine               - isPauseMusicWhenMinimized: true
19:50:51.944 [FXGL Background Thread 3 ] DEBUG Engine               - isPreserveResizeRatio: false
19:50:51.944 [FXGL Background Thread 3 ] DEBUG Engine               - isProfilingEnabled: false
19:50:51.944 [FXGL Background Thread 3 ] DEBUG Engine               - isScaleAffectedOnResize: true
19:50:51.944 [FXGL Background Thread 3 ] DEBUG Engine               - isSingleStep: false
19:50:51.944 [FXGL Background Thread 3 ] DEBUG Engine               - isUserProfileEnabled: false
19:50:51.944 [FXGL Background Thread 3 ] DEBUG Engine               - isWindows: true
19:50:51.944 [FXGL Background Thread 3 ] DEBUG Engine               - language: ObjectProperty [value: ENGLISH]
19:50:51.944 [FXGL Background Thread 3 ] DEBUG Engine               - menuKey: ESCAPE
19:50:51.944 [FXGL Background Thread 3 ] DEBUG Engine               - mouseSensitivity: 0.2
19:50:51.944 [FXGL Background Thread 3 ] DEBUG Engine               - notificationViewClass: class com.almasb.fxgl.notification.view.XboxNotificationView
19:50:51.944 [FXGL Background Thread 3 ] DEBUG Engine               - pixelsPerMeter: 50.0
19:50:51.944 [FXGL Background Thread 3 ] DEBUG Engine               - platform: WINDOWS
19:50:51.944 [FXGL Background Thread 3 ] DEBUG Engine               - prefHeightProperty: ReadOnlyDoubleProperty [value: 672.0]
19:50:51.944 [FXGL Background Thread 3 ] DEBUG Engine               - prefWidthProperty: ReadOnlyDoubleProperty [value: 816.0]
19:50:51.944 [FXGL Background Thread 3 ] DEBUG Engine               - profileDir: profiles/
19:50:51.944 [FXGL Background Thread 3 ] DEBUG Engine               - profileName: StringProperty [value: DEFAULT]
19:50:51.944 [FXGL Background Thread 3 ] DEBUG Engine               - randomSeed: -1
19:50:51.944 [FXGL Background Thread 3 ] DEBUG Engine               - runtimeInfo: RuntimeInfo(platform=WINDOWS, version=17.1, build=24.03.2022 17.34)
19:50:51.944 [FXGL Background Thread 3 ] DEBUG Engine               - saveFileExt: sav
19:50:51.945 [FXGL Background Thread 3 ] DEBUG Engine               - scaledHeightProp$fxgl: DoubleProperty [bound, value: 672.0]
19:50:51.945 [FXGL Background Thread 3 ] DEBUG Engine               - scaledWidthProp$fxgl: DoubleProperty [bound, value: 816.0]
19:50:51.945 [FXGL Background Thread 3 ] DEBUG Engine               - sceneFactory: com.leewyatt.github.tank.TankApp$1@647a96d7
19:50:51.945 [FXGL Background Thread 3 ] DEBUG Engine               - secondsIn24h: 60
19:50:51.945 [FXGL Background Thread 3 ] DEBUG Engine               - soundMenuBack: menu/back.wav
19:50:51.945 [FXGL Background Thread 3 ] DEBUG Engine               - soundMenuPress: menu/press.wav
19:50:51.945 [FXGL Background Thread 3 ] DEBUG Engine               - soundMenuSelect: menu/select.wav
19:50:51.945 [FXGL Background Thread 3 ] DEBUG Engine               - soundNotification: core/notification.wav
19:50:51.945 [FXGL Background Thread 3 ] DEBUG Engine               - stageStyle: DECORATED
19:50:51.945 [FXGL Background Thread 3 ] DEBUG Engine               - supportedLanguages: [ENGLISH, FRENCH, GERMAN, HUNGARIAN, RUSSIAN]
19:50:51.945 [FXGL Background Thread 3 ] DEBUG Engine               - ticksPerSecond: -1
19:50:51.945 [FXGL Background Thread 3 ] DEBUG Engine               - title: 100 Tank
19:50:51.945 [FXGL Background Thread 3 ] DEBUG Engine               - urlGithub: https://github.com/AlmasB/FXGL
19:50:51.945 [FXGL Background Thread 3 ] DEBUG Engine               - urlLeaderboard: http://fxgl-top.herokuapp.com/
19:50:51.945 [FXGL Background Thread 3 ] DEBUG Engine               - urlPOM: https://raw.githubusercontent.com/AlmasB/FXGL/release/README.md
19:50:51.945 [FXGL Background Thread 3 ] DEBUG Engine               - userAppClass: class com.leewyatt.github.tank.TankApp
19:50:51.945 [FXGL Background Thread 3 ] DEBUG Engine               - version: Version 0.3
19:50:51.945 [FXGL Background Thread 3 ] DEBUG Engine               - versionCheckDays: 7
19:50:51.945 [FXGL Background Thread 3 ] DEBUG Engine               - width: 816
19:50:51.945 [FXGL Background Thread 3 ] DEBUG Engine               - Logging services
19:50:51.945 [FXGL Background Thread 3 ] DEBUG Engine               - class com.almasb.fxgl.app.services.FXGLAssetLoaderService
19:50:51.945 [FXGL Background Thread 3 ] DEBUG Engine               - class com.almasb.fxgl.app.FXGLApplication$GameApplicationService
19:50:51.945 [FXGL Background Thread 3 ] DEBUG Engine               - class com.almasb.fxgl.app.services.FXGLDialogService
19:50:51.945 [FXGL Background Thread 3 ] DEBUG Engine               - class com.almasb.fxgl.app.services.IOTaskExecutorService
19:50:51.945 [FXGL Background Thread 3 ] DEBUG Engine               - class com.almasb.fxgl.io.FileSystemService
19:50:51.945 [FXGL Background Thread 3 ] DEBUG Engine               - class com.almasb.fxgl.localization.LocalizationService
19:50:51.945 [FXGL Background Thread 3 ] DEBUG Engine               - class com.almasb.fxgl.app.services.SystemBundleService
19:50:51.945 [FXGL Background Thread 3 ] DEBUG Engine               - class com.almasb.fxgl.profile.SaveLoadService
19:50:51.945 [FXGL Background Thread 3 ] DEBUG Engine               - class com.almasb.fxgl.ui.FXGLUIFactoryServiceProvider
19:50:51.945 [FXGL Background Thread 3 ] DEBUG Engine               - class com.almasb.fxgl.ui.FXGLDialogFactoryServiceProvider
19:50:51.945 [FXGL Background Thread 3 ] DEBUG Engine               - class com.almasb.fxgl.audio.AudioPlayer
19:50:51.945 [FXGL Background Thread 3 ] DEBUG Engine               - class com.almasb.fxgl.notification.impl.NotificationServiceProvider
19:50:51.945 [FXGL Background Thread 3 ] DEBUG Engine               - class com.almasb.fxgl.achievement.AchievementService
19:50:51.945 [FXGL Background Thread 3 ] DEBUG Engine               - class com.almasb.fxgl.cutscene.CutsceneService
19:50:51.945 [FXGL Background Thread 3 ] DEBUG Engine               - class com.almasb.fxgl.minigames.MiniGameService
19:50:51.945 [FXGL Background Thread 3 ] DEBUG Engine               - class com.almasb.fxgl.net.NetService
19:50:51.945 [FXGL Background Thread 3 ] DEBUG Engine               - class com.almasb.fxgl.app.services.UpdaterService
19:50:51.945 [FXGL Background Thread 3 ] DEBUG Engine               - class com.almasb.fxgl.dev.DevService
19:50:53.363 [JavaFX Application Thread] DEBUG FXGLAssetLoaderServi - Loading from file system: file:/E:/javaGame/FXGL_Tank-main/target/classes/assets/sounds/select.wav
19:50:53.367 [JavaFX Application Thread] DEBUG Menu                 - fireNewGame()
19:50:53.367 [JavaFX Application Thread] DEBUG GameApplicationServi - Starting new game
19:50:53.367 [JavaFX Application Thread] DEBUG PrimaryStageWindow   - Pop state: GameMainMenu
19:50:53.367 [JavaFX Application Thread] DEBUG Input                - Clearing active input actions
19:50:53.367 [JavaFX Application Thread] DEBUG GameApplicationServi - Removing overlay from GameMainMenu and adding to FXGLMainMenuDummyScene
19:50:53.368 [JavaFX Application Thread] DEBUG PrimaryStageWindow   - FXGLMainMenuDummyScene <- GameMainMenu
19:50:53.368 [JavaFX Application Thread] DEBUG Input                - Clearing active input actions
19:50:53.371 [JavaFX Application Thread] DEBUG GameApplicationServi - Removing overlay from FXGLMainMenuDummyScene and adding to GameLoadingScene
19:50:53.371 [JavaFX Application Thread] DEBUG PrimaryStageWindow   - FXGLMainMenuDummyScene -> GameLoadingScene
19:50:53.371 [JavaFX Application Thread] DEBUG GameApplicationServi - Clearing previous game
19:50:53.371 [JavaFX Application Thread] DEBUG GameScene            - Clearing game scene
19:50:53.371 [JavaFX Application Thread] DEBUG GameWorld            - Clearing game world
19:50:53.371 [JavaFX Application Thread] DEBUG PhysicsWorld         - Clearing physics world
19:50:53.373 [FXGL Background Thread 2 ] DEBUG FXGLApplication      - Initializing game
19:50:53.374 [FXGL Background Thread 2 ] DEBUG FXGLAssetLoaderServi - Loading from file system: file:/E:/javaGame/FXGL_Tank-main/target/classes/assets/properties/game.properties
19:50:53.380 [FXGL Background Thread 2 ] DEBUG FXGLAssetLoaderServi - Loading from file system: file:/E:/javaGame/FXGL_Tank-main/target/classes/assets/textures/map/stone.png
19:50:53.380 [FXGL Background Thread 2 ] DEBUG FXGLAssetLoaderServi - Loading from file system: file:/E:/javaGame/FXGL_Tank-main/target/classes/assets/textures/map/brick.png
19:50:53.382 [FXGL Background Thread 2 ] DEBUG FXGLAssetLoaderServi - Loading from file system: file:/E:/javaGame/FXGL_Tank-main/target/classes/assets/textures/map/sea_anim.png
19:50:53.383 [FXGL Background Thread 2 ] DEBUG FXGLAssetLoaderServi - Loading from file system: file:/E:/javaGame/FXGL_Tank-main/target/classes/assets/textures/explode/explode_level_2.png
19:50:53.389 [FXGL Background Thread 2 ] INFO  FXGLApplication      - Game initialization took: 0.015 sec
19:50:53.389 [JavaFX Application Thread] DEBUG Input                - Clearing active input actions
19:50:53.391 [JavaFX Application Thread] DEBUG GameApplicationServi - Removing overlay from GameLoadingScene and adding to GameScene
19:50:53.391 [JavaFX Application Thread] DEBUG PrimaryStageWindow   - GameLoadingScene -> GameScene
19:50:54.918 [JavaFX Application Thread] WARN  TMXLevelLoader       - TiledMap generated from 1.8.4. Supported version: 1.4.2. Some features may not be parsed fully.
19:50:54.927 [JavaFX Application Thread] DEBUG TMXLevelLoader       - Parsed TiledMap: file:/E:/javaGame/FXGL_Tank-main/target/classes/assets/levels/level1.tmx
19:50:54.928 [JavaFX Application Thread] DEBUG TMXLevelLoader       - Creating tile layer entities
19:50:54.929 [JavaFX Application Thread] DEBUG TMXLevelLoader       - Creating object layer entities
19:50:54.979 [JavaFX Application Thread] DEBUG GameWorld            - Clearing removable entities
19:50:54.980 [JavaFX Application Thread] DEBUG GameWorld            - Setting level: com.almasb.fxgl.entity.level.Level@5814fc2
19:50:54.986 [JavaFX Application Thread] DEBUG FXGLAssetLoaderServi - Loading from file system: file:/E:/javaGame/FXGL_Tank-main/target/classes/assets/sounds/start.wav
19:50:54.996 [JavaFX Application Thread] DEBUG FXGLAssetLoaderServi - Loading from file system: file:/E:/javaGame/FXGL_Tank-main/target/classes/assets/textures/tank/H1U.png
19:50:54.999 [JavaFX Application Thread] DEBUG FXGLAssetLoaderServi - Loading from file system: file:/E:/javaGame/FXGL_Tank-main/target/classes/assets/textures/item/armed_helmet.png
19:50:55.002 [JavaFX Application Thread] DEBUG FXGLAssetLoaderServi - Loading from file system: file:/E:/javaGame/FXGL_Tank-main/target/classes/assets/textures/ui/enemy_pre.png
19:50:55.003 [JavaFX Application Thread] DEBUG FXGLAssetLoaderServi - Loading from file system: file:/E:/javaGame/FXGL_Tank-main/target/classes/assets/textures/ui/levelFlag.png
19:50:55.004 [JavaFX Application Thread] DEBUG FXGLAssetLoaderServi - Loading from file system: file:/E:/javaGame/FXGL_Tank-main/target/classes/assets/textures/ui/bulletLevel.png
19:50:55.012 [JavaFX Application Thread] DEBUG FXGLAssetLoaderServi - Loading from file system: file:/E:/javaGame/FXGL_Tank-main/target/classes/assets/textures/tank/spawnTank.png
19:50:55.013 [JavaFX Application Thread] DEBUG FXGLAssetLoaderServi - Loading from file system: file:/E:/javaGame/FXGL_Tank-main/target/classes/assets/textures/tank/E10U.png
19:50:55.014 [JavaFX Application Thread] DEBUG FXGLAssetLoaderServi - Loading from file system: file:/E:/javaGame/FXGL_Tank-main/target/classes/assets/textures/tank/E12U.png
19:50:55.400 [JavaFX Application Thread] DEBUG FXGLAssetLoaderServi - Loading from file system: file:/E:/javaGame/FXGL_Tank-main/target/classes/assets/sounds/normalFire.wav
19:50:55.404 [JavaFX Application Thread] DEBUG FXGLAssetLoaderServi - Loading from file system: file:/E:/javaGame/FXGL_Tank-main/target/classes/assets/textures/bullet/normal.png
19:50:55.436 [JavaFX Application Thread] DEBUG FXGLAssetLoaderServi - Loading from file system: file:/E:/javaGame/FXGL_Tank-main/target/classes/assets/sounds/normalBomb.wav
19:50:56.298 [JavaFX Application Thread] DEBUG FXGLApplication      - Exiting FXGL
19:50:56.298 [JavaFX Application Thread] DEBUG LoopRunner           - Stopping loop
19:50:56.298 [JavaFX Application Thread] DEBUG SystemBundleService  - Saving FXGL system data
19:50:56.299 [JavaFX Application Thread] DEBUG FileSystemAccess     - Writing to: E:\javaGame\FXGL_Tank-main\system\fxgl.bundle
19:50:56.300 [JavaFX Application Thread] DEBUG Async                - Shutting down background threads
19:50:56.300 [JavaFX Application Thread] DEBUG PrimaryStageWindow   - Closing main window
19:50:56.329 [JavaFX Application Thread] DEBUG Logger               - Closing Logger
