12:34:38.752 [main                     ] DEBUG Logger               - Configured Logger
12:34:38.877 [main                     ] DEBUG GameApplication      - Logging settings
Title: 90 Tank
Version: Version 0.3
Width: 816
Height: 672
Fullscreen: false
Intro: false
Profiling: false
Single step:false
App Mode: DEVELOPER
Menu Key: ESCAPE
Stage Style: DECORATED
Scene Factory: class com.leewyatt.github.tank.TankApp$1

12:34:39.818 [JavaFX Application Thread] DEBUG FXGLApplication      - Initializing FXGL
12:34:39.822 [JavaFX Application Thread] INFO  Engine               - FXGL-17.1 (24.03.2022 17.34) on WINDOWS (J:17.0.8 FX:18)
12:34:39.822 [JavaFX Application Thread] DEBUG Engine               - JRE Vendor Name: Oracle Corporation
12:34:39.822 [JavaFX Application Thread] DEBUG Engine               - Running on OS: Windows 11 version 10.0
12:34:39.822 [JavaFX Application Thread] DEBUG Engine               - Architecture: amd64
12:34:39.822 [JavaFX Application Thread] INFO  Engine               - Source code and latest versions at: https://github.com/AlmasB/FXGL
12:34:39.822 [JavaFX Application Thread] INFO  Engine               -       Ask questions and discuss at: https://github.com/AlmasB/FXGL/discussions
12:34:39.823 [JavaFX Application Thread] INFO  Engine               -              Join the FXGL chat at: https://gitter.im/AlmasB/FXGL
12:34:39.873 [JavaFX Application Thread] DEBUG PrimaryStageWindow   - Creating a JavaFX scene
12:34:39.910 [JavaFX Application Thread] DEBUG PrimaryStageWindow   - Target settings size: 816.0 x 672.0
12:34:39.910 [JavaFX Application Thread] DEBUG PrimaryStageWindow   - Scaled scene size:    816.0 x 672.0
12:34:39.910 [JavaFX Application Thread] DEBUG PrimaryStageWindow   - Scaled ratio: (1.0, 1.0)
12:34:39.911 [JavaFX Application Thread] DEBUG PrimaryStageWindow   - Set initial scene to GameStartupScene
12:34:39.914 [JavaFX Application Thread] DEBUG PrimaryStageWindow   - Opening main window
12:34:40.043 [JavaFX Application Thread] DEBUG PrimaryStageWindow   - Window border size: (16.0, 39.0)
12:34:40.043 [JavaFX Application Thread] DEBUG PrimaryStageWindow   - Scaled size: 816.0 x 672.0
12:34:40.043 [JavaFX Application Thread] DEBUG PrimaryStageWindow   - Scaled ratio: (1.0, 1.0)
12:34:40.043 [JavaFX Application Thread] DEBUG PrimaryStageWindow   - Scene size: 816.0 x 672.0
12:34:40.044 [JavaFX Application Thread] DEBUG PrimaryStageWindow   - Stage size: 832.0 x 711.0
12:34:40.049 [FXGL Background Thread 1 ] DEBUG Engine               - Initializing environment variables
12:34:40.069 [FXGL Background Thread 1 ] DEBUG FXGLAssetLoaderServi - User app class for loading assets: class com.leewyatt.github.tank.TankApp
12:34:40.069 [FXGL Background Thread 1 ] DEBUG GameApplicationServi - Applying CSS: fxgl_dark.css
12:34:40.070 [FXGL Background Thread 1 ] DEBUG FXGLAssetLoaderServi - Loading from file system: jar:file:///D:/MAVEN/localRepository/com/github/almasb/fxgl/17.1/fxgl-17.1.jar!/fxglassets/ui/css/fxgl_dark.css
12:34:40.082 [FXGL Background Thread 1 ] DEBUG GameApplicationServi - Applying CSS: tankApp.css
12:34:40.082 [FXGL Background Thread 1 ] DEBUG FXGLAssetLoaderServi - Loading from file system: file:/E:/javaGame/FXGL_Tank-main/target/classes/assets/ui/css/tankApp.css
12:34:40.084 [FXGL Background Thread 1 ] DEBUG GameApplicationServi - Initializing application scenes
12:34:40.087 [FXGL Background Thread 1 ] DEBUG GameWorld            - Game world initialized
12:34:40.143 [FXGL Background Thread 1 ] DEBUG PhysicsWorld         - Physics world initialized: appHeight=672, physics.ppm=50.0
12:34:40.143 [FXGL Background Thread 1 ] DEBUG PhysicsWorld         - Using strategy: BRUTE_FORCE
12:34:40.147 [FXGL Background Thread 1 ] DEBUG GameScene            - Game scene initialized: 816x672
12:34:40.153 [FXGL Background Thread 1 ] DEBUG FXGLAssetLoaderServi - Loading from file system: file:/E:/javaGame/FXGL_Tank-main/target/classes/assets/textures/ui/logo.png
12:34:40.170 [FXGL Background Thread 1 ] DEBUG FXGLAssetLoaderServi - Loading from file system: file:/E:/javaGame/FXGL_Tank-main/target/classes/assets/textures/ui/icon.png
12:34:40.178 [FXGL Background Thread 1 ] DEBUG FXGLAssetLoaderServi - Loading from file system: file:/E:/javaGame/FXGL_Tank-main/target/classes/assets/textures/ui/tankLoading.png
12:34:40.205 [FXGL Background Thread 1 ] DEBUG FXGLAssetLoaderServi - Loading from file system: file:/E:/javaGame/FXGL_Tank-main/target/classes/assets/textures/ui/fxgl.png
12:34:40.266 [FXGL Background Thread 1 ] DEBUG FXGL.DefaultMenu     - createMenuBodyGameMenu()
12:34:40.272 [FXGL Background Thread 1 ] DEBUG FXGL.DefaultMenu     - createOptionsMenu()
12:34:40.278 [FXGL Background Thread 1 ] DEBUG FXGLAssetLoaderServi - Loading from file system: jar:file:///D:/MAVEN/localRepository/com/github/almasb/fxgl/17.1/fxgl-17.1.jar!/fxglassets/textures/particles/smoke.png
12:34:40.343 [FXGL Background Thread 1 ] DEBUG FXGLAssetLoaderServi - Loading from file system: jar:file:///D:/MAVEN/localRepository/com/github/almasb/fxgl/17.1/fxgl-17.1.jar!/fxglassets/textures/particles/trace_horizontal.png
12:34:40.355 [FXGL Background Thread 1 ] DEBUG GameApplicationServi - Application scenes initialized
12:34:40.363 [FXGL Background Thread 1 ] DEBUG SystemBundleService  - Loading FXGL system data
12:34:40.367 [FXGL Background Thread 1 ] DEBUG FileSystemAccess     - Reading from: E:\javaGame\FXGL_Tank-main\system\fxgl.bundle
12:34:40.372 [FXGL Background Thread 1 ] DEBUG SystemBundleService  - Bundle FXGL: {}
12:34:40.372 [FXGL Background Thread 1 ] DEBUG UpdaterService       - Checking for updates
12:34:40.374 [FXGL Background Thread 4 ] DEBUG FXGLApplication      - Loading fonts
12:34:40.374 [FXGL Background Thread 1 ] DEBUG FXGLApplication      - Loading default localization
12:34:40.374 [FXGL Background Thread 4 ] DEBUG FXGLAssetLoaderServi - Loading from file system: jar:file:///D:/MAVEN/localRepository/com/github/almasb/fxgl/17.1/fxgl-17.1.jar!/fxglassets/ui/fonts/VarelaRound-Regular.ttf
12:34:40.374 [FXGL Background Thread 1 ] DEBUG FXGLAssetLoaderServi - Loading from file system: jar:file:///D:/MAVEN/localRepository/com/github/almasb/fxgl/17.1/fxgl-17.1.jar!/fxglassets/languages/english.lang
12:34:40.415 [FXGL Background Thread 1 ] INFO  FXGLApplication      - FXGL initialization took: 0.366 sec
12:34:40.424 [FXGL Background Thread 4 ] DEBUG FXGLAssetLoaderServi - Loading from file system: jar:file:///D:/MAVEN/localRepository/com/github/almasb/fxgl/17.1/fxgl-17.1.jar!/fxglassets/ui/fonts/Abel-Regular.ttf
12:34:40.431 [JavaFX Application Thread] DEBUG Input                - Registered new binding: action0 - W
12:34:40.432 [JavaFX Application Thread] DEBUG Input                - Registered new binding: action1 - Up
12:34:40.432 [JavaFX Application Thread] DEBUG Input                - Registered new binding: action2 - S
12:34:40.432 [FXGL Background Thread 4 ] DEBUG FXGLAssetLoaderServi - Loading from file system: jar:file:///D:/MAVEN/localRepository/com/github/almasb/fxgl/17.1/fxgl-17.1.jar!/fxglassets/ui/fonts/TerminalLandMono-Regular.otf
12:34:40.433 [JavaFX Application Thread] DEBUG Input                - Registered new binding: action3 - Down
12:34:40.433 [JavaFX Application Thread] DEBUG Input                - Registered new binding: action4 - A
12:34:40.434 [JavaFX Application Thread] DEBUG Input                - Registered new binding: action5 - Left
12:34:40.434 [JavaFX Application Thread] DEBUG Input                - Registered new binding: action6 - D
12:34:40.435 [JavaFX Application Thread] DEBUG Input                - Registered new binding: action7 - Right
12:34:40.436 [JavaFX Application Thread] DEBUG Input                - Registered new binding: action8 - Space
12:34:40.436 [JavaFX Application Thread] DEBUG Input                - Registered new binding: action9 - F
12:34:40.439 [FXGL Background Thread 4 ] DEBUG FXGLAssetLoaderServi - Loading from file system: jar:file:///D:/MAVEN/localRepository/com/github/almasb/fxgl/17.1/fxgl-17.1.jar!/fxglassets/ui/fonts/Courier-Prime.ttf
12:34:40.445 [JavaFX Application Thread] DEBUG FXGLAssetLoaderServi - Loading from file system: file:/E:/javaGame/FXGL_Tank-main/target/classes/assets/textures/ui/cursor.png
12:34:40.449 [JavaFX Application Thread] DEBUG Input                - Registered new binding: Screenshot - CTRL+8
12:34:40.449 [JavaFX Application Thread] DEBUG Input                - Registered new binding: System info dump - CTRL+9
12:34:40.450 [JavaFX Application Thread] DEBUG Input                - Registered new binding: Restart - CTRL+R
12:34:40.451 [JavaFX Application Thread] DEBUG Input                - Registered new binding: Toggle Debug Camera - CTRL+7
12:34:40.458 [JavaFX Application Thread] DEBUG LoopRunner           - Starting loop
12:34:40.458 [JavaFX Application Thread] DEBUG LoopRunner           - Initializing JavaFX AnimationTimerLoop
12:34:40.463 [JavaFX Application Thread] DEBUG Input                - Clearing active input actions
12:34:40.468 [JavaFX Application Thread] DEBUG GameApplicationServi - Removing overlay from GameStartupScene and adding to FXGLMainMenuDummyScene
12:34:40.468 [JavaFX Application Thread] DEBUG PrimaryStageWindow   - GameStartupScene -> FXGLMainMenuDummyScene
12:34:40.468 [JavaFX Application Thread] DEBUG PrimaryStageWindow   - Push state: GameMainMenu
12:34:40.468 [JavaFX Application Thread] DEBUG FXGLAssetLoaderServi - Loading from file system: file:/E:/javaGame/FXGL_Tank-main/target/classes/assets/sounds/mainMenuLoad.wav
12:34:40.593 [JavaFX Application Thread] DEBUG Input                - Clearing active input actions
12:34:40.595 [JavaFX Application Thread] DEBUG GameApplicationServi - Removing overlay from FXGLMainMenuDummyScene and adding to GameMainMenu
12:34:40.596 [JavaFX Application Thread] DEBUG PrimaryStageWindow   - FXGLMainMenuDummyScene -> GameMainMenu
12:34:40.596 [JavaFX Application Thread] DEBUG FXGLApplication      - Registering font factories with UI factory
12:34:41.162 [FXGL Background Thread 2 ] INFO  UpdaterService       - Your current version:  17.1
12:34:41.162 [FXGL Background Thread 2 ] INFO  UpdaterService       - Latest stable version: 17.3
12:34:42.597 [JavaFX Application Thread] DEBUG FXGLAssetLoaderServi - Loading from file system: file:/E:/javaGame/FXGL_Tank-main/target/classes/assets/sounds/mainMenuHover.wav
12:34:43.374 [FXGL Background Thread 3 ] DEBUG Engine               - Logging environment variables
12:34:43.374 [FXGL Background Thread 3 ] DEBUG Engine               - achievements: []
12:34:43.374 [FXGL Background Thread 3 ] DEBUG Engine               - actualHeight: 672.0
12:34:43.374 [FXGL Background Thread 3 ] DEBUG Engine               - actualHeightProperty: ReadOnlyDoubleProperty [value: 672.0]
12:34:43.374 [FXGL Background Thread 3 ] DEBUG Engine               - actualWidth: 816.0
12:34:43.374 [FXGL Background Thread 3 ] DEBUG Engine               - actualWidthProperty: ReadOnlyDoubleProperty [value: 816.0]
12:34:43.374 [FXGL Background Thread 3 ] DEBUG Engine               - appIcon: ui/icon.png
12:34:43.374 [FXGL Background Thread 3 ] DEBUG Engine               - applicationMode: DEVELOPER
12:34:43.374 [FXGL Background Thread 3 ] DEBUG Engine               - cSSList: [fxgl_dark.css, tankApp.css]
12:34:43.374 [FXGL Background Thread 3 ] DEBUG Engine               - collisionDetectionStrategy: BRUTE_FORCE
12:34:43.374 [FXGL Background Thread 3 ] DEBUG Engine               - configClass: Optional.empty
12:34:43.374 [FXGL Background Thread 3 ] DEBUG Engine               - credits: []
12:34:43.375 [FXGL Background Thread 3 ] DEBUG Engine               - defaultCursor: CursorInfo(imageName=ui/cursor.png, hotspotX=0.0, hotspotY=0.0)
12:34:43.375 [FXGL Background Thread 3 ] DEBUG Engine               - devBBoxColorProperty: ObjectProperty [value: 0xff0000ff]
12:34:43.375 [FXGL Background Thread 3 ] DEBUG Engine               - devEnableDebugCameraProperty: BooleanProperty [value: false]
12:34:43.375 [FXGL Background Thread 3 ] DEBUG Engine               - devSensorColorProperty: ObjectProperty [value: 0xffff00ff]
12:34:43.375 [FXGL Background Thread 3 ] DEBUG Engine               - devShowBBoxProperty: BooleanProperty [value: false]
12:34:43.375 [FXGL Background Thread 3 ] DEBUG Engine               - devShowPositionProperty: BooleanProperty [value: false]
12:34:43.375 [FXGL Background Thread 3 ] DEBUG Engine               - enabledMenuItems: []
12:34:43.375 [FXGL Background Thread 3 ] DEBUG Engine               - engineServices: [class com.almasb.fxgl.app.services.FXGLAssetLoaderService, class com.almasb.fxgl.app.FXGLApplication$GameApplicationService, class com.almasb.fxgl.app.services.FXGLDialogService, class com.almasb.fxgl.app.services.IOTaskExecutorService, class com.almasb.fxgl.io.FileSystemService, class com.almasb.fxgl.localization.LocalizationService, class com.almasb.fxgl.app.services.SystemBundleService, class com.almasb.fxgl.profile.SaveLoadService, class com.almasb.fxgl.ui.FXGLUIFactoryServiceProvider, class com.almasb.fxgl.ui.FXGLDialogFactoryServiceProvider, class com.almasb.fxgl.audio.AudioPlayer, class com.almasb.fxgl.notification.impl.NotificationServiceProvider, class com.almasb.fxgl.achievement.AchievementService, class com.almasb.fxgl.cutscene.CutsceneService, class com.almasb.fxgl.minigames.MiniGameService, class com.almasb.fxgl.net.NetService, class com.almasb.fxgl.app.services.UpdaterService, class com.almasb.fxgl.dev.DevService]
12:34:43.375 [FXGL Background Thread 3 ] DEBUG Engine               - fontGame: Abel-Regular.ttf
12:34:43.375 [FXGL Background Thread 3 ] DEBUG Engine               - fontMono: TerminalLandMono-Regular.otf
12:34:43.375 [FXGL Background Thread 3 ] DEBUG Engine               - fontText: Courier-Prime.ttf
12:34:43.375 [FXGL Background Thread 3 ] DEBUG Engine               - fontUI: VarelaRound-Regular.ttf
12:34:43.375 [FXGL Background Thread 3 ] DEBUG Engine               - fullScreen: BooleanProperty [value: false]
12:34:43.376 [FXGL Background Thread 3 ] DEBUG Engine               - gameDifficulty: MEDIUM
12:34:43.376 [FXGL Background Thread 3 ] DEBUG Engine               - gameDifficultyProperty: ObjectProperty [value: MEDIUM]
12:34:43.376 [FXGL Background Thread 3 ] DEBUG Engine               - globalMusicVolume: 0.5
12:34:43.376 [FXGL Background Thread 3 ] DEBUG Engine               - globalMusicVolumeProperty: DoubleProperty [value: 0.5]
12:34:43.376 [FXGL Background Thread 3 ] DEBUG Engine               - globalSoundVolume: 0.5
12:34:43.376 [FXGL Background Thread 3 ] DEBUG Engine               - globalSoundVolumeProperty: DoubleProperty [value: 0.5]
12:34:43.376 [FXGL Background Thread 3 ] DEBUG Engine               - height: 672
12:34:43.376 [FXGL Background Thread 3 ] DEBUG Engine               - is3D: false
12:34:43.376 [FXGL Background Thread 3 ] DEBUG Engine               - isAndroid: false
12:34:43.376 [FXGL Background Thread 3 ] DEBUG Engine               - isBrowser: false
12:34:43.376 [FXGL Background Thread 3 ] DEBUG Engine               - isClickFeedbackEnabled: false
12:34:43.376 [FXGL Background Thread 3 ] DEBUG Engine               - isCloseConfirmation: false
12:34:43.376 [FXGL Background Thread 3 ] DEBUG Engine               - isDesktop: true
12:34:43.376 [FXGL Background Thread 3 ] DEBUG Engine               - isDeveloperMenuEnabled: false
12:34:43.376 [FXGL Background Thread 3 ] DEBUG Engine               - isEmbedded: false
12:34:43.376 [FXGL Background Thread 3 ] DEBUG Engine               - isEntityPreloadEnabled: true
12:34:43.376 [FXGL Background Thread 3 ] DEBUG Engine               - isExperimentalTiledLargeMap: false
12:34:43.376 [FXGL Background Thread 3 ] DEBUG Engine               - isFileSystemWriteAllowed: true
12:34:43.376 [FXGL Background Thread 3 ] DEBUG Engine               - isFullScreenAllowed: false
12:34:43.376 [FXGL Background Thread 3 ] DEBUG Engine               - isFullScreenFromStart: false
12:34:43.376 [FXGL Background Thread 3 ] DEBUG Engine               - isGameMenuEnabled: true
12:34:43.376 [FXGL Background Thread 3 ] DEBUG Engine               - isIOS: false
12:34:43.376 [FXGL Background Thread 3 ] DEBUG Engine               - isIntroEnabled: false
12:34:43.376 [FXGL Background Thread 3 ] DEBUG Engine               - isLinux: false
12:34:43.376 [FXGL Background Thread 3 ] DEBUG Engine               - isMac: false
12:34:43.376 [FXGL Background Thread 3 ] DEBUG Engine               - isMainMenuEnabled: true
12:34:43.376 [FXGL Background Thread 3 ] DEBUG Engine               - isManualResizeEnabled: false
12:34:43.376 [FXGL Background Thread 3 ] DEBUG Engine               - isMobile: false
12:34:43.376 [FXGL Background Thread 3 ] DEBUG Engine               - isNative: false
12:34:43.376 [FXGL Background Thread 3 ] DEBUG Engine               - isPauseMusicWhenMinimized: true
12:34:43.376 [FXGL Background Thread 3 ] DEBUG Engine               - isPreserveResizeRatio: false
12:34:43.376 [FXGL Background Thread 3 ] DEBUG Engine               - isProfilingEnabled: false
12:34:43.376 [FXGL Background Thread 3 ] DEBUG Engine               - isScaleAffectedOnResize: true
12:34:43.376 [FXGL Background Thread 3 ] DEBUG Engine               - isSingleStep: false
12:34:43.377 [FXGL Background Thread 3 ] DEBUG Engine               - isUserProfileEnabled: false
12:34:43.377 [FXGL Background Thread 3 ] DEBUG Engine               - isWindows: true
12:34:43.377 [FXGL Background Thread 3 ] DEBUG Engine               - language: ObjectProperty [value: ENGLISH]
12:34:43.377 [FXGL Background Thread 3 ] DEBUG Engine               - menuKey: ESCAPE
12:34:43.377 [FXGL Background Thread 3 ] DEBUG Engine               - mouseSensitivity: 0.2
12:34:43.377 [FXGL Background Thread 3 ] DEBUG Engine               - notificationViewClass: class com.almasb.fxgl.notification.view.XboxNotificationView
12:34:43.377 [FXGL Background Thread 3 ] DEBUG Engine               - pixelsPerMeter: 50.0
12:34:43.377 [FXGL Background Thread 3 ] DEBUG Engine               - platform: WINDOWS
12:34:43.377 [FXGL Background Thread 3 ] DEBUG Engine               - prefHeightProperty: ReadOnlyDoubleProperty [value: 672.0]
12:34:43.377 [FXGL Background Thread 3 ] DEBUG Engine               - prefWidthProperty: ReadOnlyDoubleProperty [value: 816.0]
12:34:43.377 [FXGL Background Thread 3 ] DEBUG Engine               - profileDir: profiles/
12:34:43.378 [FXGL Background Thread 3 ] DEBUG Engine               - profileName: StringProperty [value: DEFAULT]
12:34:43.378 [FXGL Background Thread 3 ] DEBUG Engine               - randomSeed: -1
12:34:43.378 [FXGL Background Thread 3 ] DEBUG Engine               - runtimeInfo: RuntimeInfo(platform=WINDOWS, version=17.1, build=24.03.2022 17.34)
12:34:43.378 [FXGL Background Thread 3 ] DEBUG Engine               - saveFileExt: sav
12:34:43.378 [FXGL Background Thread 3 ] DEBUG Engine               - scaledHeightProp$fxgl: DoubleProperty [bound, value: 672.0]
12:34:43.378 [FXGL Background Thread 3 ] DEBUG Engine               - scaledWidthProp$fxgl: DoubleProperty [bound, value: 816.0]
12:34:43.378 [FXGL Background Thread 3 ] DEBUG Engine               - sceneFactory: com.leewyatt.github.tank.TankApp$1@7599c3b5
12:34:43.378 [FXGL Background Thread 3 ] DEBUG Engine               - secondsIn24h: 60
12:34:43.378 [FXGL Background Thread 3 ] DEBUG Engine               - soundMenuBack: menu/back.wav
12:34:43.378 [FXGL Background Thread 3 ] DEBUG Engine               - soundMenuPress: menu/press.wav
12:34:43.378 [FXGL Background Thread 3 ] DEBUG Engine               - soundMenuSelect: menu/select.wav
12:34:43.378 [FXGL Background Thread 3 ] DEBUG Engine               - soundNotification: core/notification.wav
12:34:43.378 [FXGL Background Thread 3 ] DEBUG Engine               - stageStyle: DECORATED
12:34:43.378 [FXGL Background Thread 3 ] DEBUG Engine               - supportedLanguages: [ENGLISH, FRENCH, GERMAN, HUNGARIAN, RUSSIAN]
12:34:43.378 [FXGL Background Thread 3 ] DEBUG Engine               - ticksPerSecond: -1
12:34:43.378 [FXGL Background Thread 3 ] DEBUG Engine               - title: 90 Tank
12:34:43.378 [FXGL Background Thread 3 ] DEBUG Engine               - urlGithub: https://github.com/AlmasB/FXGL
12:34:43.378 [FXGL Background Thread 3 ] DEBUG Engine               - urlLeaderboard: http://fxgl-top.herokuapp.com/
12:34:43.378 [FXGL Background Thread 3 ] DEBUG Engine               - urlPOM: https://raw.githubusercontent.com/AlmasB/FXGL/release/README.md
12:34:43.378 [FXGL Background Thread 3 ] DEBUG Engine               - userAppClass: class com.leewyatt.github.tank.TankApp
12:34:43.378 [FXGL Background Thread 3 ] DEBUG Engine               - version: Version 0.3
12:34:43.378 [FXGL Background Thread 3 ] DEBUG Engine               - versionCheckDays: 7
12:34:43.378 [FXGL Background Thread 3 ] DEBUG Engine               - width: 816
12:34:43.378 [FXGL Background Thread 3 ] DEBUG Engine               - Logging services
12:34:43.378 [FXGL Background Thread 3 ] DEBUG Engine               - class com.almasb.fxgl.app.services.FXGLAssetLoaderService
12:34:43.378 [FXGL Background Thread 3 ] DEBUG Engine               - class com.almasb.fxgl.app.FXGLApplication$GameApplicationService
12:34:43.378 [FXGL Background Thread 3 ] DEBUG Engine               - class com.almasb.fxgl.app.services.FXGLDialogService
12:34:43.378 [FXGL Background Thread 3 ] DEBUG Engine               - class com.almasb.fxgl.app.services.IOTaskExecutorService
12:34:43.378 [FXGL Background Thread 3 ] DEBUG Engine               - class com.almasb.fxgl.io.FileSystemService
12:34:43.378 [FXGL Background Thread 3 ] DEBUG Engine               - class com.almasb.fxgl.localization.LocalizationService
12:34:43.378 [FXGL Background Thread 3 ] DEBUG Engine               - class com.almasb.fxgl.app.services.SystemBundleService
12:34:43.378 [FXGL Background Thread 3 ] DEBUG Engine               - class com.almasb.fxgl.profile.SaveLoadService
12:34:43.378 [FXGL Background Thread 3 ] DEBUG Engine               - class com.almasb.fxgl.ui.FXGLUIFactoryServiceProvider
12:34:43.378 [FXGL Background Thread 3 ] DEBUG Engine               - class com.almasb.fxgl.ui.FXGLDialogFactoryServiceProvider
12:34:43.378 [FXGL Background Thread 3 ] DEBUG Engine               - class com.almasb.fxgl.audio.AudioPlayer
12:34:43.378 [FXGL Background Thread 3 ] DEBUG Engine               - class com.almasb.fxgl.notification.impl.NotificationServiceProvider
12:34:43.378 [FXGL Background Thread 3 ] DEBUG Engine               - class com.almasb.fxgl.achievement.AchievementService
12:34:43.378 [FXGL Background Thread 3 ] DEBUG Engine               - class com.almasb.fxgl.cutscene.CutsceneService
12:34:43.378 [FXGL Background Thread 3 ] DEBUG Engine               - class com.almasb.fxgl.minigames.MiniGameService
12:34:43.378 [FXGL Background Thread 3 ] DEBUG Engine               - class com.almasb.fxgl.net.NetService
12:34:43.378 [FXGL Background Thread 3 ] DEBUG Engine               - class com.almasb.fxgl.app.services.UpdaterService
12:34:43.379 [FXGL Background Thread 3 ] DEBUG Engine               - class com.almasb.fxgl.dev.DevService
12:34:45.246 [JavaFX Application Thread] DEBUG FXGLApplication      - Exiting FXGL
12:34:45.246 [JavaFX Application Thread] DEBUG LoopRunner           - Stopping loop
12:34:45.246 [JavaFX Application Thread] DEBUG SystemBundleService  - Saving FXGL system data
12:34:45.248 [JavaFX Application Thread] DEBUG FileSystemAccess     - Writing to: E:\javaGame\FXGL_Tank-main\system\fxgl.bundle
12:34:45.249 [JavaFX Application Thread] DEBUG Async                - Shutting down background threads
12:34:45.249 [JavaFX Application Thread] DEBUG PrimaryStageWindow   - Closing main window
12:34:45.282 [JavaFX Application Thread] DEBUG Logger               - Closing Logger
