21:25:30.189 [main                     ] DEBUG Logger               - Configured Logger
21:25:30.211 [main                     ] DEBUG GameApplication      - Logging settings
Title: 2023 Tank
Version: Version 1.0
Width: 816
Height: 672
Fullscreen: false
Intro: false
Profiling: false
Single step:false
App Mode: DEVELOPER
Menu Key: ESCAPE
Stage Style: DECORATED
Scene Factory: class com.leewyatt.github.tank.TankApp$1

21:25:30.622 [JavaFX Application Thread] DEBUG FXGLApplication      - Initializing FXGL
21:25:30.625 [JavaFX Application Thread] INFO  Engine               - FXGL-17.1 (24.03.2022 17.34) on WINDOWS (J:17.0.8 FX:18)
21:25:30.625 [JavaFX Application Thread] DEBUG Engine               - JRE Vendor Name: Oracle Corporation
21:25:30.626 [JavaFX Application Thread] DEBUG Engine               - Running on OS: Windows 11 version 10.0
21:25:30.626 [JavaFX Application Thread] DEBUG Engine               - Architecture: amd64
21:25:30.626 [JavaFX Application Thread] INFO  Engine               - Source code and latest versions at: https://github.com/AlmasB/FXGL
21:25:30.626 [JavaFX Application Thread] INFO  Engine               -       Ask questions and discuss at: https://github.com/AlmasB/FXGL/discussions
21:25:30.626 [JavaFX Application Thread] INFO  Engine               -              Join the FXGL chat at: https://gitter.im/AlmasB/FXGL
21:25:30.681 [JavaFX Application Thread] DEBUG PrimaryStageWindow   - Creating a JavaFX scene
21:25:30.706 [JavaFX Application Thread] DEBUG PrimaryStageWindow   - Target settings size: 816.0 x 672.0
21:25:30.706 [JavaFX Application Thread] DEBUG PrimaryStageWindow   - Scaled scene size:    816.0 x 672.0
21:25:30.706 [JavaFX Application Thread] DEBUG PrimaryStageWindow   - Scaled ratio: (1.0, 1.0)
21:25:30.707 [JavaFX Application Thread] DEBUG PrimaryStageWindow   - Set initial scene to GameStartupScene
21:25:30.710 [JavaFX Application Thread] DEBUG PrimaryStageWindow   - Opening main window
21:25:30.839 [JavaFX Application Thread] DEBUG PrimaryStageWindow   - Window border size: (16.0, 39.0)
21:25:30.839 [JavaFX Application Thread] DEBUG PrimaryStageWindow   - Scaled size: 816.0 x 672.0
21:25:30.839 [JavaFX Application Thread] DEBUG PrimaryStageWindow   - Scaled ratio: (1.0, 1.0)
21:25:30.839 [JavaFX Application Thread] DEBUG PrimaryStageWindow   - Scene size: 816.0 x 672.0
21:25:30.839 [JavaFX Application Thread] DEBUG PrimaryStageWindow   - Stage size: 832.0 x 711.0
21:25:30.844 [FXGL Background Thread 1 ] DEBUG Engine               - Initializing environment variables
21:25:30.864 [FXGL Background Thread 1 ] DEBUG FXGLAssetLoaderServi - User app class for loading assets: class com.leewyatt.github.tank.TankApp
21:25:30.864 [FXGL Background Thread 1 ] DEBUG GameApplicationServi - Applying CSS: fxgl_dark.css
21:25:30.865 [FXGL Background Thread 1 ] DEBUG FXGLAssetLoaderServi - Loading from file system: jar:file:///C:/Users/cheng/.m2/repository/com/github/almasb/fxgl/17.1/fxgl-17.1.jar!/fxglassets/ui/css/fxgl_dark.css
21:25:30.877 [FXGL Background Thread 1 ] DEBUG GameApplicationServi - Applying CSS: tankApp.css
21:25:30.877 [FXGL Background Thread 1 ] DEBUG FXGLAssetLoaderServi - Loading from file system: file:/E:/javaGame/test/tank/target/classes/assets/ui/css/tankApp.css
21:25:30.878 [FXGL Background Thread 1 ] DEBUG GameApplicationServi - Initializing application scenes
21:25:30.882 [FXGL Background Thread 1 ] DEBUG GameWorld            - Game world initialized
21:25:30.925 [FXGL Background Thread 1 ] DEBUG PhysicsWorld         - Physics world initialized: appHeight=672, physics.ppm=50.0
21:25:30.925 [FXGL Background Thread 1 ] DEBUG PhysicsWorld         - Using strategy: BRUTE_FORCE
21:25:30.928 [FXGL Background Thread 1 ] DEBUG GameScene            - Game scene initialized: 816x672
21:25:30.931 [FXGL Background Thread 1 ] DEBUG FXGLAssetLoaderServi - Loading from file system: file:/E:/javaGame/test/tank/target/classes/assets/textures/ui/logo.png
21:25:30.954 [FXGL Background Thread 1 ] DEBUG FXGLAssetLoaderServi - Loading from file system: file:/E:/javaGame/test/tank/target/classes/assets/textures/ui/icon.png
21:25:30.963 [FXGL Background Thread 1 ] DEBUG FXGLAssetLoaderServi - Loading from file system: file:/E:/javaGame/test/tank/target/classes/assets/textures/ui/tankLoading.png
21:25:30.988 [FXGL Background Thread 1 ] DEBUG FXGLAssetLoaderServi - Loading from file system: file:/E:/javaGame/test/tank/target/classes/assets/textures/ui/fxgl.png
21:25:31.023 [FXGL Background Thread 1 ] DEBUG FXGL.DefaultMenu     - createMenuBodyGameMenu()
21:25:31.028 [FXGL Background Thread 1 ] DEBUG FXGL.DefaultMenu     - createOptionsMenu()
21:25:31.035 [FXGL Background Thread 1 ] DEBUG FXGLAssetLoaderServi - Loading from file system: jar:file:///C:/Users/cheng/.m2/repository/com/github/almasb/fxgl/17.1/fxgl-17.1.jar!/fxglassets/textures/particles/smoke.png
21:25:31.104 [FXGL Background Thread 1 ] DEBUG FXGLAssetLoaderServi - Loading from file system: jar:file:///C:/Users/cheng/.m2/repository/com/github/almasb/fxgl/17.1/fxgl-17.1.jar!/fxglassets/textures/particles/trace_horizontal.png
21:25:31.119 [FXGL Background Thread 1 ] DEBUG GameApplicationServi - Application scenes initialized
21:25:31.127 [FXGL Background Thread 1 ] DEBUG SystemBundleService  - Loading FXGL system data
21:25:31.132 [FXGL Background Thread 1 ] DEBUG FileSystemAccess     - Reading from: E:\javaGame\test\tank\system\fxgl.bundle
21:25:31.137 [FXGL Background Thread 1 ] DEBUG SystemBundleService  - Bundle FXGL: {}
21:25:31.137 [FXGL Background Thread 1 ] DEBUG UpdaterService       - Checking for updates
21:25:31.139 [FXGL Background Thread 1 ] DEBUG FXGLApplication      - Loading default localization
21:25:31.139 [FXGL Background Thread 4 ] DEBUG FXGLApplication      - Loading fonts
21:25:31.140 [FXGL Background Thread 4 ] DEBUG FXGLAssetLoaderServi - Loading from file system: jar:file:///C:/Users/cheng/.m2/repository/com/github/almasb/fxgl/17.1/fxgl-17.1.jar!/fxglassets/ui/fonts/VarelaRound-Regular.ttf
21:25:31.140 [FXGL Background Thread 1 ] DEBUG FXGLAssetLoaderServi - Loading from file system: jar:file:///C:/Users/cheng/.m2/repository/com/github/almasb/fxgl/17.1/fxgl-17.1.jar!/fxglassets/languages/english.lang
21:25:31.181 [FXGL Background Thread 1 ] INFO  FXGLApplication      - FXGL initialization took: 0.337 sec
21:25:31.197 [FXGL Background Thread 4 ] DEBUG FXGLAssetLoaderServi - Loading from file system: jar:file:///C:/Users/cheng/.m2/repository/com/github/almasb/fxgl/17.1/fxgl-17.1.jar!/fxglassets/ui/fonts/Abel-Regular.ttf
21:25:31.201 [JavaFX Application Thread] DEBUG Input                - Registered new binding: action0 - W
21:25:31.201 [JavaFX Application Thread] DEBUG Input                - Registered new binding: action1 - Up
21:25:31.202 [JavaFX Application Thread] DEBUG Input                - Registered new binding: action2 - S
21:25:31.203 [JavaFX Application Thread] DEBUG Input                - Registered new binding: action3 - Down
21:25:31.203 [FXGL Background Thread 4 ] DEBUG FXGLAssetLoaderServi - Loading from file system: jar:file:///C:/Users/cheng/.m2/repository/com/github/almasb/fxgl/17.1/fxgl-17.1.jar!/fxglassets/ui/fonts/TerminalLandMono-Regular.otf
21:25:31.203 [JavaFX Application Thread] DEBUG Input                - Registered new binding: action4 - A
21:25:31.204 [JavaFX Application Thread] DEBUG Input                - Registered new binding: action5 - Left
21:25:31.204 [JavaFX Application Thread] DEBUG Input                - Registered new binding: action6 - D
21:25:31.204 [JavaFX Application Thread] DEBUG Input                - Registered new binding: action7 - Right
21:25:31.205 [JavaFX Application Thread] DEBUG Input                - Registered new binding: action8 - Space
21:25:31.205 [JavaFX Application Thread] DEBUG Input                - Registered new binding: action9 - F
21:25:31.209 [FXGL Background Thread 4 ] DEBUG FXGLAssetLoaderServi - Loading from file system: jar:file:///C:/Users/cheng/.m2/repository/com/github/almasb/fxgl/17.1/fxgl-17.1.jar!/fxglassets/ui/fonts/Courier-Prime.ttf
21:25:31.210 [JavaFX Application Thread] DEBUG FXGLAssetLoaderServi - Loading from file system: file:/E:/javaGame/test/tank/target/classes/assets/textures/ui/cursor.png
21:25:31.213 [JavaFX Application Thread] DEBUG Input                - Registered new binding: Screenshot - CTRL+8
21:25:31.213 [JavaFX Application Thread] DEBUG Input                - Registered new binding: System info dump - CTRL+9
21:25:31.214 [JavaFX Application Thread] DEBUG Input                - Registered new binding: Restart - CTRL+R
21:25:31.214 [JavaFX Application Thread] DEBUG Input                - Registered new binding: Toggle Debug Camera - CTRL+7
21:25:31.217 [JavaFX Application Thread] DEBUG LoopRunner           - Starting loop
21:25:31.217 [JavaFX Application Thread] DEBUG LoopRunner           - Initializing JavaFX AnimationTimerLoop
21:25:31.224 [JavaFX Application Thread] DEBUG Input                - Clearing active input actions
21:25:31.230 [JavaFX Application Thread] DEBUG GameApplicationServi - Removing overlay from GameStartupScene and adding to FXGLMainMenuDummyScene
21:25:31.230 [JavaFX Application Thread] DEBUG PrimaryStageWindow   - GameStartupScene -> FXGLMainMenuDummyScene
21:25:31.230 [JavaFX Application Thread] DEBUG PrimaryStageWindow   - Push state: GameMainMenu
21:25:31.230 [JavaFX Application Thread] DEBUG FXGLAssetLoaderServi - Loading from file system: file:/E:/javaGame/test/tank/target/classes/assets/sounds/mainMenuLoad.wav
21:25:31.301 [JavaFX Application Thread] DEBUG Input                - Clearing active input actions
21:25:31.305 [JavaFX Application Thread] DEBUG GameApplicationServi - Removing overlay from FXGLMainMenuDummyScene and adding to GameMainMenu
21:25:31.306 [JavaFX Application Thread] DEBUG PrimaryStageWindow   - FXGLMainMenuDummyScene -> GameMainMenu
21:25:31.308 [JavaFX Application Thread] DEBUG FXGLApplication      - Registering font factories with UI factory
21:25:31.663 [FXGL Background Thread 2 ] INFO  UpdaterService       - Your current version:  17.1
21:25:31.663 [FXGL Background Thread 2 ] INFO  UpdaterService       - Latest stable version: 17.3
21:25:33.303 [JavaFX Application Thread] DEBUG FXGLAssetLoaderServi - Loading from file system: file:/E:/javaGame/test/tank/target/classes/assets/sounds/mainMenuHover.wav
21:25:33.945 [JavaFX Application Thread] DEBUG FXGLAssetLoaderServi - Loading from file system: file:/E:/javaGame/test/tank/target/classes/assets/sounds/select.wav
21:25:33.948 [JavaFX Application Thread] DEBUG Menu                 - fireNewGame()
21:25:33.949 [JavaFX Application Thread] DEBUG GameApplicationServi - Starting new game
21:25:33.949 [JavaFX Application Thread] DEBUG PrimaryStageWindow   - Pop state: GameMainMenu
21:25:33.950 [JavaFX Application Thread] DEBUG Input                - Clearing active input actions
21:25:33.951 [JavaFX Application Thread] DEBUG GameApplicationServi - Removing overlay from GameMainMenu and adding to FXGLMainMenuDummyScene
21:25:33.951 [JavaFX Application Thread] DEBUG PrimaryStageWindow   - FXGLMainMenuDummyScene <- GameMainMenu
21:25:33.952 [JavaFX Application Thread] DEBUG Input                - Clearing active input actions
21:25:33.960 [JavaFX Application Thread] DEBUG GameApplicationServi - Removing overlay from FXGLMainMenuDummyScene and adding to GameLoadingScene
21:25:33.960 [JavaFX Application Thread] DEBUG PrimaryStageWindow   - FXGLMainMenuDummyScene -> GameLoadingScene
21:25:33.960 [JavaFX Application Thread] DEBUG GameApplicationServi - Clearing previous game
21:25:33.960 [JavaFX Application Thread] DEBUG GameScene            - Clearing game scene
21:25:33.960 [JavaFX Application Thread] DEBUG GameWorld            - Clearing game world
21:25:33.960 [JavaFX Application Thread] DEBUG PhysicsWorld         - Clearing physics world
21:25:33.961 [FXGL Background Thread 2 ] DEBUG FXGLApplication      - Initializing game
21:25:33.966 [FXGL Background Thread 2 ] DEBUG FXGLAssetLoaderServi - Loading from file system: file:/E:/javaGame/test/tank/target/classes/assets/properties/game.properties
21:25:33.981 [FXGL Background Thread 2 ] DEBUG FXGLAssetLoaderServi - Loading from file system: file:/E:/javaGame/test/tank/target/classes/assets/textures/map/stone.png
21:25:33.981 [FXGL Background Thread 2 ] DEBUG FXGLAssetLoaderServi - Loading from file system: file:/E:/javaGame/test/tank/target/classes/assets/textures/map/brick.png
21:25:33.983 [FXGL Background Thread 2 ] DEBUG FXGLAssetLoaderServi - Loading from file system: file:/E:/javaGame/test/tank/target/classes/assets/textures/map/sea_anim.png
21:25:33.984 [FXGL Background Thread 2 ] DEBUG FXGLAssetLoaderServi - Loading from file system: file:/E:/javaGame/test/tank/target/classes/assets/textures/explode/explode_level_2.png
21:25:33.994 [FXGL Background Thread 2 ] INFO  FXGLApplication      - Game initialization took: 0.033 sec
21:25:33.994 [JavaFX Application Thread] DEBUG Input                - Clearing active input actions
21:25:33.997 [JavaFX Application Thread] DEBUG GameApplicationServi - Removing overlay from GameLoadingScene and adding to GameScene
21:25:33.997 [JavaFX Application Thread] DEBUG PrimaryStageWindow   - GameLoadingScene -> GameScene
21:25:34.140 [FXGL Background Thread 3 ] DEBUG Engine               - Logging environment variables
21:25:34.140 [FXGL Background Thread 3 ] DEBUG Engine               - achievements: []
21:25:34.140 [FXGL Background Thread 3 ] DEBUG Engine               - actualHeight: 672.0
21:25:34.140 [FXGL Background Thread 3 ] DEBUG Engine               - actualHeightProperty: ReadOnlyDoubleProperty [value: 672.0]
21:25:34.140 [FXGL Background Thread 3 ] DEBUG Engine               - actualWidth: 816.0
21:25:34.140 [FXGL Background Thread 3 ] DEBUG Engine               - actualWidthProperty: ReadOnlyDoubleProperty [value: 816.0]
21:25:34.140 [FXGL Background Thread 3 ] DEBUG Engine               - appIcon: ui/icon.png
21:25:34.140 [FXGL Background Thread 3 ] DEBUG Engine               - applicationMode: DEVELOPER
21:25:34.140 [FXGL Background Thread 3 ] DEBUG Engine               - cSSList: [fxgl_dark.css, tankApp.css]
21:25:34.140 [FXGL Background Thread 3 ] DEBUG Engine               - collisionDetectionStrategy: BRUTE_FORCE
21:25:34.140 [FXGL Background Thread 3 ] DEBUG Engine               - configClass: Optional.empty
21:25:34.140 [FXGL Background Thread 3 ] DEBUG Engine               - credits: []
21:25:34.140 [FXGL Background Thread 3 ] DEBUG Engine               - defaultCursor: CursorInfo(imageName=ui/cursor.png, hotspotX=0.0, hotspotY=0.0)
21:25:34.141 [FXGL Background Thread 3 ] DEBUG Engine               - devBBoxColorProperty: ObjectProperty [value: 0xff0000ff]
21:25:34.141 [FXGL Background Thread 3 ] DEBUG Engine               - devEnableDebugCameraProperty: BooleanProperty [value: false]
21:25:34.141 [FXGL Background Thread 3 ] DEBUG Engine               - devSensorColorProperty: ObjectProperty [value: 0xffff00ff]
21:25:34.141 [FXGL Background Thread 3 ] DEBUG Engine               - devShowBBoxProperty: BooleanProperty [value: false]
21:25:34.141 [FXGL Background Thread 3 ] DEBUG Engine               - devShowPositionProperty: BooleanProperty [value: false]
21:25:34.141 [FXGL Background Thread 3 ] DEBUG Engine               - enabledMenuItems: []
21:25:34.141 [FXGL Background Thread 3 ] DEBUG Engine               - engineServices: [class com.almasb.fxgl.app.services.FXGLAssetLoaderService, class com.almasb.fxgl.app.FXGLApplication$GameApplicationService, class com.almasb.fxgl.app.services.FXGLDialogService, class com.almasb.fxgl.app.services.IOTaskExecutorService, class com.almasb.fxgl.io.FileSystemService, class com.almasb.fxgl.localization.LocalizationService, class com.almasb.fxgl.app.services.SystemBundleService, class com.almasb.fxgl.profile.SaveLoadService, class com.almasb.fxgl.ui.FXGLUIFactoryServiceProvider, class com.almasb.fxgl.ui.FXGLDialogFactoryServiceProvider, class com.almasb.fxgl.audio.AudioPlayer, class com.almasb.fxgl.notification.impl.NotificationServiceProvider, class com.almasb.fxgl.achievement.AchievementService, class com.almasb.fxgl.cutscene.CutsceneService, class com.almasb.fxgl.minigames.MiniGameService, class com.almasb.fxgl.net.NetService, class com.almasb.fxgl.app.services.UpdaterService, class com.almasb.fxgl.dev.DevService]
21:25:34.141 [FXGL Background Thread 3 ] DEBUG Engine               - fontGame: Abel-Regular.ttf
21:25:34.141 [FXGL Background Thread 3 ] DEBUG Engine               - fontMono: TerminalLandMono-Regular.otf
21:25:34.141 [FXGL Background Thread 3 ] DEBUG Engine               - fontText: Courier-Prime.ttf
21:25:34.141 [FXGL Background Thread 3 ] DEBUG Engine               - fontUI: VarelaRound-Regular.ttf
21:25:34.141 [FXGL Background Thread 3 ] DEBUG Engine               - fullScreen: BooleanProperty [value: false]
21:25:34.141 [FXGL Background Thread 3 ] DEBUG Engine               - gameDifficulty: MEDIUM
21:25:34.141 [FXGL Background Thread 3 ] DEBUG Engine               - gameDifficultyProperty: ObjectProperty [value: MEDIUM]
21:25:34.141 [FXGL Background Thread 3 ] DEBUG Engine               - globalMusicVolume: 0.5
21:25:34.141 [FXGL Background Thread 3 ] DEBUG Engine               - globalMusicVolumeProperty: DoubleProperty [value: 0.5]
21:25:34.141 [FXGL Background Thread 3 ] DEBUG Engine               - globalSoundVolume: 0.5
21:25:34.141 [FXGL Background Thread 3 ] DEBUG Engine               - globalSoundVolumeProperty: DoubleProperty [value: 0.5]
21:25:34.141 [FXGL Background Thread 3 ] DEBUG Engine               - height: 672
21:25:34.141 [FXGL Background Thread 3 ] DEBUG Engine               - is3D: false
21:25:34.141 [FXGL Background Thread 3 ] DEBUG Engine               - isAndroid: false
21:25:34.141 [FXGL Background Thread 3 ] DEBUG Engine               - isBrowser: false
21:25:34.141 [FXGL Background Thread 3 ] DEBUG Engine               - isClickFeedbackEnabled: false
21:25:34.141 [FXGL Background Thread 3 ] DEBUG Engine               - isCloseConfirmation: false
21:25:34.141 [FXGL Background Thread 3 ] DEBUG Engine               - isDesktop: true
21:25:34.141 [FXGL Background Thread 3 ] DEBUG Engine               - isDeveloperMenuEnabled: false
21:25:34.141 [FXGL Background Thread 3 ] DEBUG Engine               - isEmbedded: false
21:25:34.141 [FXGL Background Thread 3 ] DEBUG Engine               - isEntityPreloadEnabled: true
21:25:34.141 [FXGL Background Thread 3 ] DEBUG Engine               - isExperimentalTiledLargeMap: false
21:25:34.141 [FXGL Background Thread 3 ] DEBUG Engine               - isFileSystemWriteAllowed: true
21:25:34.141 [FXGL Background Thread 3 ] DEBUG Engine               - isFullScreenAllowed: false
21:25:34.141 [FXGL Background Thread 3 ] DEBUG Engine               - isFullScreenFromStart: false
21:25:34.141 [FXGL Background Thread 3 ] DEBUG Engine               - isGameMenuEnabled: true
21:25:34.141 [FXGL Background Thread 3 ] DEBUG Engine               - isIOS: false
21:25:34.141 [FXGL Background Thread 3 ] DEBUG Engine               - isIntroEnabled: false
21:25:34.141 [FXGL Background Thread 3 ] DEBUG Engine               - isLinux: false
21:25:34.141 [FXGL Background Thread 3 ] DEBUG Engine               - isMac: false
21:25:34.141 [FXGL Background Thread 3 ] DEBUG Engine               - isMainMenuEnabled: true
21:25:34.141 [FXGL Background Thread 3 ] DEBUG Engine               - isManualResizeEnabled: false
21:25:34.141 [FXGL Background Thread 3 ] DEBUG Engine               - isMobile: false
21:25:34.141 [FXGL Background Thread 3 ] DEBUG Engine               - isNative: false
21:25:34.141 [FXGL Background Thread 3 ] DEBUG Engine               - isPauseMusicWhenMinimized: true
21:25:34.141 [FXGL Background Thread 3 ] DEBUG Engine               - isPreserveResizeRatio: false
21:25:34.141 [FXGL Background Thread 3 ] DEBUG Engine               - isProfilingEnabled: false
21:25:34.141 [FXGL Background Thread 3 ] DEBUG Engine               - isScaleAffectedOnResize: true
21:25:34.141 [FXGL Background Thread 3 ] DEBUG Engine               - isSingleStep: false
21:25:34.141 [FXGL Background Thread 3 ] DEBUG Engine               - isUserProfileEnabled: false
21:25:34.141 [FXGL Background Thread 3 ] DEBUG Engine               - isWindows: true
21:25:34.142 [FXGL Background Thread 3 ] DEBUG Engine               - language: ObjectProperty [value: ENGLISH]
21:25:34.142 [FXGL Background Thread 3 ] DEBUG Engine               - menuKey: ESCAPE
21:25:34.142 [FXGL Background Thread 3 ] DEBUG Engine               - mouseSensitivity: 0.2
21:25:34.142 [FXGL Background Thread 3 ] DEBUG Engine               - notificationViewClass: class com.almasb.fxgl.notification.view.XboxNotificationView
21:25:34.142 [FXGL Background Thread 3 ] DEBUG Engine               - pixelsPerMeter: 50.0
21:25:34.142 [FXGL Background Thread 3 ] DEBUG Engine               - platform: WINDOWS
21:25:34.142 [FXGL Background Thread 3 ] DEBUG Engine               - prefHeightProperty: ReadOnlyDoubleProperty [value: 672.0]
21:25:34.142 [FXGL Background Thread 3 ] DEBUG Engine               - prefWidthProperty: ReadOnlyDoubleProperty [value: 816.0]
21:25:34.142 [FXGL Background Thread 3 ] DEBUG Engine               - profileDir: profiles/
21:25:34.142 [FXGL Background Thread 3 ] DEBUG Engine               - profileName: StringProperty [value: DEFAULT]
21:25:34.142 [FXGL Background Thread 3 ] DEBUG Engine               - randomSeed: -1
21:25:34.143 [FXGL Background Thread 3 ] DEBUG Engine               - runtimeInfo: RuntimeInfo(platform=WINDOWS, version=17.1, build=24.03.2022 17.34)
21:25:34.143 [FXGL Background Thread 3 ] DEBUG Engine               - saveFileExt: sav
21:25:34.143 [FXGL Background Thread 3 ] DEBUG Engine               - scaledHeightProp$fxgl: DoubleProperty [bound, value: 672.0]
21:25:34.143 [FXGL Background Thread 3 ] DEBUG Engine               - scaledWidthProp$fxgl: DoubleProperty [bound, value: 816.0]
21:25:34.143 [FXGL Background Thread 3 ] DEBUG Engine               - sceneFactory: com.leewyatt.github.tank.TankApp$1@22137aaf
21:25:34.143 [FXGL Background Thread 3 ] DEBUG Engine               - secondsIn24h: 60
21:25:34.143 [FXGL Background Thread 3 ] DEBUG Engine               - soundMenuBack: menu/back.wav
21:25:34.143 [FXGL Background Thread 3 ] DEBUG Engine               - soundMenuPress: menu/press.wav
21:25:34.143 [FXGL Background Thread 3 ] DEBUG Engine               - soundMenuSelect: menu/select.wav
21:25:34.143 [FXGL Background Thread 3 ] DEBUG Engine               - soundNotification: core/notification.wav
21:25:34.143 [FXGL Background Thread 3 ] DEBUG Engine               - stageStyle: DECORATED
21:25:34.143 [FXGL Background Thread 3 ] DEBUG Engine               - supportedLanguages: [ENGLISH, FRENCH, GERMAN, HUNGARIAN, RUSSIAN]
21:25:34.143 [FXGL Background Thread 3 ] DEBUG Engine               - ticksPerSecond: -1
21:25:34.143 [FXGL Background Thread 3 ] DEBUG Engine               - title: 2023 Tank
21:25:34.143 [FXGL Background Thread 3 ] DEBUG Engine               - urlGithub: https://github.com/AlmasB/FXGL
21:25:34.143 [FXGL Background Thread 3 ] DEBUG Engine               - urlLeaderboard: http://fxgl-top.herokuapp.com/
21:25:34.143 [FXGL Background Thread 3 ] DEBUG Engine               - urlPOM: https://raw.githubusercontent.com/AlmasB/FXGL/release/README.md
21:25:34.143 [FXGL Background Thread 3 ] DEBUG Engine               - userAppClass: class com.leewyatt.github.tank.TankApp
21:25:34.143 [FXGL Background Thread 3 ] DEBUG Engine               - version: Version 1.0
21:25:34.143 [FXGL Background Thread 3 ] DEBUG Engine               - versionCheckDays: 7
21:25:34.143 [FXGL Background Thread 3 ] DEBUG Engine               - width: 816
21:25:34.143 [FXGL Background Thread 3 ] DEBUG Engine               - Logging services
21:25:34.143 [FXGL Background Thread 3 ] DEBUG Engine               - class com.almasb.fxgl.app.services.FXGLAssetLoaderService
21:25:34.143 [FXGL Background Thread 3 ] DEBUG Engine               - class com.almasb.fxgl.app.FXGLApplication$GameApplicationService
21:25:34.143 [FXGL Background Thread 3 ] DEBUG Engine               - class com.almasb.fxgl.app.services.FXGLDialogService
21:25:34.143 [FXGL Background Thread 3 ] DEBUG Engine               - class com.almasb.fxgl.app.services.IOTaskExecutorService
21:25:34.143 [FXGL Background Thread 3 ] DEBUG Engine               - class com.almasb.fxgl.io.FileSystemService
21:25:34.143 [FXGL Background Thread 3 ] DEBUG Engine               - class com.almasb.fxgl.localization.LocalizationService
21:25:34.143 [FXGL Background Thread 3 ] DEBUG Engine               - class com.almasb.fxgl.app.services.SystemBundleService
21:25:34.143 [FXGL Background Thread 3 ] DEBUG Engine               - class com.almasb.fxgl.profile.SaveLoadService
21:25:34.143 [FXGL Background Thread 3 ] DEBUG Engine               - class com.almasb.fxgl.ui.FXGLUIFactoryServiceProvider
21:25:34.143 [FXGL Background Thread 3 ] DEBUG Engine               - class com.almasb.fxgl.ui.FXGLDialogFactoryServiceProvider
21:25:34.143 [FXGL Background Thread 3 ] DEBUG Engine               - class com.almasb.fxgl.audio.AudioPlayer
21:25:34.143 [FXGL Background Thread 3 ] DEBUG Engine               - class com.almasb.fxgl.notification.impl.NotificationServiceProvider
21:25:34.143 [FXGL Background Thread 3 ] DEBUG Engine               - class com.almasb.fxgl.achievement.AchievementService
21:25:34.143 [FXGL Background Thread 3 ] DEBUG Engine               - class com.almasb.fxgl.cutscene.CutsceneService
21:25:34.143 [FXGL Background Thread 3 ] DEBUG Engine               - class com.almasb.fxgl.minigames.MiniGameService
21:25:34.143 [FXGL Background Thread 3 ] DEBUG Engine               - class com.almasb.fxgl.net.NetService
21:25:34.143 [FXGL Background Thread 3 ] DEBUG Engine               - class com.almasb.fxgl.app.services.UpdaterService
21:25:34.143 [FXGL Background Thread 3 ] DEBUG Engine               - class com.almasb.fxgl.dev.DevService
21:25:35.507 [JavaFX Application Thread] WARN  TMXLevelLoader       - TiledMap generated from 1.8.4. Supported version: 1.4.2. Some features may not be parsed fully.
21:25:35.517 [JavaFX Application Thread] DEBUG TMXLevelLoader       - Parsed TiledMap: file:/E:/javaGame/test/tank/target/classes/assets/levels/level1.tmx
21:25:35.518 [JavaFX Application Thread] DEBUG TMXLevelLoader       - Creating tile layer entities
21:25:35.519 [JavaFX Application Thread] DEBUG TMXLevelLoader       - Creating object layer entities
21:25:35.573 [JavaFX Application Thread] DEBUG GameWorld            - Clearing removable entities
21:25:35.573 [JavaFX Application Thread] DEBUG GameWorld            - Setting level: com.almasb.fxgl.entity.level.Level@2826942e
21:25:35.580 [JavaFX Application Thread] DEBUG FXGLAssetLoaderServi - Loading from file system: file:/E:/javaGame/test/tank/target/classes/assets/sounds/start.wav
21:25:35.589 [JavaFX Application Thread] DEBUG FXGLAssetLoaderServi - Loading from file system: file:/E:/javaGame/test/tank/target/classes/assets/textures/tank/H1U.png
21:25:35.599 [JavaFX Application Thread] DEBUG FXGLAssetLoaderServi - Loading from file system: file:/E:/javaGame/test/tank/target/classes/assets/textures/item/armed_helmet.png
21:25:35.602 [JavaFX Application Thread] DEBUG FXGLAssetLoaderServi - Loading from file system: file:/E:/javaGame/test/tank/target/classes/assets/textures/ui/enemy_pre.png
21:25:35.603 [JavaFX Application Thread] DEBUG FXGLAssetLoaderServi - Loading from file system: file:/E:/javaGame/test/tank/target/classes/assets/textures/ui/levelFlag.png
21:25:35.604 [JavaFX Application Thread] DEBUG FXGLAssetLoaderServi - Loading from file system: file:/E:/javaGame/test/tank/target/classes/assets/textures/ui/bulletLevel.png
21:25:35.610 [JavaFX Application Thread] DEBUG FXGLAssetLoaderServi - Loading from file system: file:/E:/javaGame/test/tank/target/classes/assets/textures/tank/spawnTank.png
21:25:35.611 [JavaFX Application Thread] DEBUG FXGLAssetLoaderServi - Loading from file system: file:/E:/javaGame/test/tank/target/classes/assets/textures/tank/E11U.png
21:25:35.612 [JavaFX Application Thread] DEBUG FXGLAssetLoaderServi - Loading from file system: file:/E:/javaGame/test/tank/target/classes/assets/textures/tank/E9U.png
21:25:35.613 [JavaFX Application Thread] DEBUG FXGLAssetLoaderServi - Loading from file system: file:/E:/javaGame/test/tank/target/classes/assets/textures/tank/E10U.png
21:25:36.003 [JavaFX Application Thread] DEBUG FXGLAssetLoaderServi - Loading from file system: file:/E:/javaGame/test/tank/target/classes/assets/sounds/normalFire.wav
21:25:36.008 [JavaFX Application Thread] DEBUG FXGLAssetLoaderServi - Loading from file system: file:/E:/javaGame/test/tank/target/classes/assets/textures/bullet/normal.png
21:25:36.040 [JavaFX Application Thread] DEBUG FXGLAssetLoaderServi - Loading from file system: file:/E:/javaGame/test/tank/target/classes/assets/sounds/normalBomb.wav
21:25:38.536 [JavaFX Application Thread] DEBUG FXGLAssetLoaderServi - Loading from file system: file:/E:/javaGame/test/tank/target/classes/assets/textures/tank/E2U.png
21:25:50.736 [JavaFX Application Thread] DEBUG FXGLAssetLoaderServi - Loading from file system: file:/E:/javaGame/test/tank/target/classes/assets/textures/tank/E4U.png
21:25:50.737 [JavaFX Application Thread] DEBUG FXGLAssetLoaderServi - Loading from file system: file:/E:/javaGame/test/tank/target/classes/assets/textures/tank/E7U.png
21:25:52.980 [JavaFX Application Thread] DEBUG FXGLAssetLoaderServi - Loading from file system: file:/E:/javaGame/test/tank/target/classes/assets/textures/item/helmet.png
21:25:56.296 [JavaFX Application Thread] DEBUG FXGLAssetLoaderServi - Loading from file system: file:/E:/javaGame/test/tank/target/classes/assets/textures/tank/E6U.png
21:25:58.436 [JavaFX Application Thread] DEBUG FXGLAssetLoaderServi - Loading from file system: file:/E:/javaGame/test/tank/target/classes/assets/textures/item/time.png
21:26:02.457 [JavaFX Application Thread] DEBUG FXGLAssetLoaderServi - Loading from file system: file:/E:/javaGame/test/tank/target/classes/assets/textures/tank/E3U.png
21:26:05.592 [JavaFX Application Thread] DEBUG FXGLAssetLoaderServi - Loading from file system: file:/E:/javaGame/test/tank/target/classes/assets/textures/item/spade.png
21:26:07.903 [JavaFX Application Thread] DEBUG FXGLAssetLoaderServi - Loading from file system: file:/E:/javaGame/test/tank/target/classes/assets/textures/item/gun.png
21:26:09.018 [JavaFX Application Thread] DEBUG FXGLAssetLoaderServi - Loading from file system: file:/E:/javaGame/test/tank/target/classes/assets/sounds/item.wav
21:26:11.302 [JavaFX Application Thread] DEBUG FXGLAssetLoaderServi - Loading from file system: file:/E:/javaGame/test/tank/target/classes/assets/sounds/rocketFire.wav
21:26:11.307 [JavaFX Application Thread] DEBUG FXGLAssetLoaderServi - Loading from file system: file:/E:/javaGame/test/tank/target/classes/assets/textures/bullet/plus.png
21:26:11.537 [JavaFX Application Thread] DEBUG FXGLAssetLoaderServi - Loading from file system: file:/E:/javaGame/test/tank/target/classes/assets/textures/item/bomb.png
21:26:22.783 [JavaFX Application Thread] DEBUG FXGLAssetLoaderServi - Loading from file system: file:/E:/javaGame/test/tank/target/classes/assets/sounds/rocketBomb.wav
21:26:27.103 [JavaFX Application Thread] DEBUG FXGLAssetLoaderServi - Loading from file system: file:/E:/javaGame/test/tank/target/classes/assets/textures/tank/E5U.png
21:26:35.256 [JavaFX Application Thread] DEBUG FXGLAssetLoaderServi - Loading from file system: file:/E:/javaGame/test/tank/target/classes/assets/textures/item/star.png
21:26:41.018 [JavaFX Application Thread] DEBUG FXGLAssetLoaderServi - Loading from file system: file:/E:/javaGame/test/tank/target/classes/assets/textures/item/heart.png
21:26:53.704 [JavaFX Application Thread] DEBUG FXGLAssetLoaderServi - Loading from file system: file:/E:/javaGame/test/tank/target/classes/assets/sounds/Win.wav
21:26:56.330 [JavaFX Application Thread] DEBUG PrimaryStageWindow   - Push state: SuccessScene
21:26:56.331 [JavaFX Application Thread] DEBUG Input                - Clearing active input actions
21:26:56.331 [JavaFX Application Thread] DEBUG GameApplicationServi - Removing overlay from GameScene and adding to SuccessScene
21:26:56.331 [JavaFX Application Thread] DEBUG PrimaryStageWindow   - GameScene -> SuccessScene
21:26:58.344 [JavaFX Application Thread] DEBUG PrimaryStageWindow   - Pop state: SuccessScene
21:26:58.344 [JavaFX Application Thread] DEBUG Input                - Clearing active input actions
21:26:58.344 [JavaFX Application Thread] DEBUG GameApplicationServi - Removing overlay from SuccessScene and adding to GameScene
21:26:58.344 [JavaFX Application Thread] DEBUG PrimaryStageWindow   - GameScene <- SuccessScene
21:26:59.850 [JavaFX Application Thread] WARN  TMXLevelLoader       - TiledMap generated from 1.8.4. Supported version: 1.4.2. Some features may not be parsed fully.
21:26:59.853 [JavaFX Application Thread] DEBUG TMXLevelLoader       - Parsed TiledMap: file:/E:/javaGame/test/tank/target/classes/assets/levels/level2.tmx
21:26:59.853 [JavaFX Application Thread] DEBUG TMXLevelLoader       - Creating tile layer entities
21:26:59.853 [JavaFX Application Thread] DEBUG TMXLevelLoader       - Creating object layer entities
21:26:59.862 [JavaFX Application Thread] DEBUG GameWorld            - Clearing removable entities
21:26:59.863 [JavaFX Application Thread] DEBUG GameWorld            - Setting level: com.almasb.fxgl.entity.level.Level@43a08c59
21:27:08.873 [JavaFX Application Thread] DEBUG FXGLAssetLoaderServi - Loading from file system: file:/E:/javaGame/test/tank/target/classes/assets/textures/tank/E1U.png
21:27:50.862 [JavaFX Application Thread] DEBUG FXGLAssetLoaderServi - Loading from file system: file:/E:/javaGame/test/tank/target/classes/assets/textures/tank/E8U.png
21:28:02.222 [JavaFX Application Thread] DEBUG FXGLAssetLoaderServi - Loading from file system: file:/E:/javaGame/test/tank/target/classes/assets/textures/item/ship.png
21:28:02.872 [JavaFX Application Thread] DEBUG FXGLAssetLoaderServi - Loading from file system: file:/E:/javaGame/test/tank/target/classes/assets/textures/tank/E12U.png
21:28:07.955 [JavaFX Application Thread] DEBUG FXGLAssetLoaderServi - Loading from file system: file:/E:/javaGame/test/tank/target/classes/assets/textures/item/armed_ship.png
21:28:19.576 [JavaFX Application Thread] DEBUG PrimaryStageWindow   - Push state: SuccessScene
21:28:19.576 [JavaFX Application Thread] DEBUG Input                - Clearing active input actions
21:28:19.576 [JavaFX Application Thread] DEBUG GameApplicationServi - Removing overlay from GameScene and adding to SuccessScene
21:28:19.576 [JavaFX Application Thread] DEBUG PrimaryStageWindow   - GameScene -> SuccessScene
21:28:21.576 [JavaFX Application Thread] DEBUG PrimaryStageWindow   - Pop state: SuccessScene
21:28:21.576 [JavaFX Application Thread] DEBUG Input                - Clearing active input actions
21:28:21.576 [JavaFX Application Thread] DEBUG GameApplicationServi - Removing overlay from SuccessScene and adding to GameScene
21:28:21.576 [JavaFX Application Thread] DEBUG PrimaryStageWindow   - GameScene <- SuccessScene
21:28:23.081 [JavaFX Application Thread] WARN  TMXLevelLoader       - TiledMap generated from 1.8.4. Supported version: 1.4.2. Some features may not be parsed fully.
21:28:23.084 [JavaFX Application Thread] DEBUG TMXLevelLoader       - Parsed TiledMap: file:/E:/javaGame/test/tank/target/classes/assets/levels/level3.tmx
21:28:23.084 [JavaFX Application Thread] DEBUG TMXLevelLoader       - Creating tile layer entities
21:28:23.084 [JavaFX Application Thread] DEBUG TMXLevelLoader       - Creating object layer entities
21:28:23.100 [JavaFX Application Thread] DEBUG GameWorld            - Clearing removable entities
21:28:23.101 [JavaFX Application Thread] DEBUG GameWorld            - Setting level: com.almasb.fxgl.entity.level.Level@42e08e6e
21:28:34.059 [JavaFX Application Thread] DEBUG FXGLAssetLoaderServi - Loading from file system: file:/E:/javaGame/test/tank/target/classes/assets/textures/map/flag_failed.png
21:28:34.060 [JavaFX Application Thread] DEBUG FXGLAssetLoaderServi - Loading from file system: file:/E:/javaGame/test/tank/target/classes/assets/textures/ui/GameOver.png
21:28:34.060 [JavaFX Application Thread] DEBUG PrimaryStageWindow   - Push state: FailedScene
21:28:34.060 [JavaFX Application Thread] DEBUG FXGLAssetLoaderServi - Loading from file system: file:/E:/javaGame/test/tank/target/classes/assets/sounds/GameOver.wav
21:28:34.065 [JavaFX Application Thread] DEBUG Input                - Clearing active input actions
21:28:34.065 [JavaFX Application Thread] DEBUG GameApplicationServi - Removing overlay from GameScene and adding to FailedScene
21:28:34.065 [JavaFX Application Thread] DEBUG PrimaryStageWindow   - GameScene -> FailedScene
21:28:37.871 [JavaFX Application Thread] DEBUG PrimaryStageWindow   - Pop state: FailedScene
21:28:37.871 [JavaFX Application Thread] DEBUG Input                - Clearing active input actions
21:28:37.871 [JavaFX Application Thread] DEBUG GameApplicationServi - Removing overlay from FailedScene and adding to GameScene
21:28:37.871 [JavaFX Application Thread] DEBUG PrimaryStageWindow   - GameScene <- FailedScene
21:28:37.871 [JavaFX Application Thread] DEBUG Input                - Clearing active input actions
21:28:37.877 [JavaFX Application Thread] DEBUG GameApplicationServi - Removing overlay from GameScene and adding to FXGLMainMenuDummyScene
21:28:37.877 [JavaFX Application Thread] DEBUG PrimaryStageWindow   - GameScene -> FXGLMainMenuDummyScene
21:28:37.877 [JavaFX Application Thread] DEBUG PrimaryStageWindow   - Push state: GameMainMenu
21:28:37.877 [JavaFX Application Thread] DEBUG Input                - Clearing active input actions
21:28:37.882 [JavaFX Application Thread] DEBUG GameApplicationServi - Removing overlay from FXGLMainMenuDummyScene and adding to GameMainMenu
21:28:37.883 [JavaFX Application Thread] DEBUG PrimaryStageWindow   - FXGLMainMenuDummyScene -> GameMainMenu
21:28:43.775 [JavaFX Application Thread] DEBUG FXGLApplication      - Exiting FXGL
21:28:43.775 [JavaFX Application Thread] DEBUG LoopRunner           - Stopping loop
21:28:43.775 [JavaFX Application Thread] DEBUG SystemBundleService  - Saving FXGL system data
21:28:43.776 [JavaFX Application Thread] DEBUG FileSystemAccess     - Writing to: E:\javaGame\test\tank\system\fxgl.bundle
21:28:43.777 [JavaFX Application Thread] DEBUG Async                - Shutting down background threads
21:28:43.777 [JavaFX Application Thread] DEBUG PrimaryStageWindow   - Closing main window
21:28:43.803 [JavaFX Application Thread] DEBUG Logger               - Closing Logger
