21:50:49.024 [main                     ] DEBUG Logger               - Configured Logger
21:50:49.045 [main                     ] DEBUG GameApplication      - Logging settings
Title: 2023 Tank
Version: Version 1.0
Width: 816
Height: 672
Fullscreen: false
Intro: false
Profiling: false
Single step:false
App Mode: DEVELOPER
Menu Key: ESCAPE
Stage Style: DECORATED
Scene Factory: class com.wjy_chy.tank.TankApp$1

21:50:49.424 [JavaFX Application Thread] DEBUG FXGLApplication      - Initializing FXGL
21:50:49.427 [JavaFX Application Thread] INFO  Engine               - FXGL-17.1 (24.03.2022 17.34) on WINDOWS (J:17.0.8 FX:18)
21:50:49.427 [JavaFX Application Thread] DEBUG Engine               - JRE Vendor Name: Oracle Corporation
21:50:49.428 [JavaFX Application Thread] DEBUG Engine               - Running on OS: Windows 11 version 10.0
21:50:49.428 [JavaFX Application Thread] DEBUG Engine               - Architecture: amd64
21:50:49.428 [JavaFX Application Thread] INFO  Engine               - Source code and latest versions at: https://github.com/AlmasB/FXGL
21:50:49.428 [JavaFX Application Thread] INFO  Engine               -       Ask questions and discuss at: https://github.com/AlmasB/FXGL/discussions
21:50:49.428 [JavaFX Application Thread] INFO  Engine               -              Join the FXGL chat at: https://gitter.im/AlmasB/FXGL
21:50:49.488 [JavaFX Application Thread] DEBUG PrimaryStageWindow   - Creating a JavaFX scene
21:50:49.509 [JavaFX Application Thread] DEBUG PrimaryStageWindow   - Target settings size: 816.0 x 672.0
21:50:49.509 [JavaFX Application Thread] DEBUG PrimaryStageWindow   - Scaled scene size:    816.0 x 672.0
21:50:49.509 [JavaFX Application Thread] DEBUG PrimaryStageWindow   - Scaled ratio: (1.0, 1.0)
21:50:49.509 [JavaFX Application Thread] DEBUG PrimaryStageWindow   - Set initial scene to GameStartupScene
21:50:49.513 [JavaFX Application Thread] DEBUG PrimaryStageWindow   - Opening main window
21:50:49.577 [JavaFX Application Thread] DEBUG PrimaryStageWindow   - Window border size: (16.0, 39.0)
21:50:49.577 [JavaFX Application Thread] DEBUG PrimaryStageWindow   - Scaled size: 816.0 x 672.0
21:50:49.577 [JavaFX Application Thread] DEBUG PrimaryStageWindow   - Scaled ratio: (1.0, 1.0)
21:50:49.578 [JavaFX Application Thread] DEBUG PrimaryStageWindow   - Scene size: 816.0 x 672.0
21:50:49.578 [JavaFX Application Thread] DEBUG PrimaryStageWindow   - Stage size: 832.0 x 711.0
21:50:49.584 [FXGL Background Thread 1 ] DEBUG Engine               - Initializing environment variables
21:50:49.606 [FXGL Background Thread 1 ] DEBUG FXGLAssetLoaderServi - User app class for loading assets: class com.wjy_chy.tank.TankApp
21:50:49.606 [FXGL Background Thread 1 ] DEBUG GameApplicationServi - Applying CSS: fxgl_dark.css
21:50:49.606 [FXGL Background Thread 1 ] DEBUG FXGLAssetLoaderServi - Loading from file system: jar:file:///C:/Users/cheng/.m2/repository/com/github/almasb/fxgl/17.1/fxgl-17.1.jar!/fxglassets/ui/css/fxgl_dark.css
21:50:49.618 [FXGL Background Thread 1 ] DEBUG GameApplicationServi - Applying CSS: tankApp.css
21:50:49.619 [FXGL Background Thread 1 ] DEBUG FXGLAssetLoaderServi - Loading from file system: file:/E:/javaGame/test/tank/target/classes/assets/ui/css/tankApp.css
21:50:49.619 [FXGL Background Thread 1 ] DEBUG GameApplicationServi - Initializing application scenes
21:50:49.623 [FXGL Background Thread 1 ] DEBUG GameWorld            - Game world initialized
21:50:49.667 [FXGL Background Thread 1 ] DEBUG PhysicsWorld         - Physics world initialized: appHeight=672, physics.ppm=50.0
21:50:49.668 [FXGL Background Thread 1 ] DEBUG PhysicsWorld         - Using strategy: BRUTE_FORCE
21:50:49.674 [FXGL Background Thread 1 ] DEBUG GameScene            - Game scene initialized: 816x672
21:50:49.676 [FXGL Background Thread 1 ] DEBUG FXGLAssetLoaderServi - Loading from file system: file:/E:/javaGame/test/tank/target/classes/assets/textures/ui/logo.png
21:50:49.688 [FXGL Background Thread 1 ] DEBUG FXGLAssetLoaderServi - Loading from file system: file:/E:/javaGame/test/tank/target/classes/assets/textures/ui/icon.png
21:50:49.696 [FXGL Background Thread 1 ] DEBUG FXGLAssetLoaderServi - Loading from file system: file:/E:/javaGame/test/tank/target/classes/assets/textures/ui/tankLoading.png
21:50:49.717 [FXGL Background Thread 1 ] DEBUG FXGLAssetLoaderServi - Loading from file system: file:/E:/javaGame/test/tank/target/classes/assets/textures/ui/fxgl.png
21:50:49.747 [FXGL Background Thread 1 ] DEBUG FXGL.DefaultMenu     - createMenuBodyGameMenu()
21:50:49.752 [FXGL Background Thread 1 ] DEBUG FXGL.DefaultMenu     - createOptionsMenu()
21:50:49.757 [FXGL Background Thread 1 ] DEBUG FXGLAssetLoaderServi - Loading from file system: jar:file:///C:/Users/cheng/.m2/repository/com/github/almasb/fxgl/17.1/fxgl-17.1.jar!/fxglassets/textures/particles/smoke.png
21:50:49.838 [FXGL Background Thread 1 ] DEBUG FXGLAssetLoaderServi - Loading from file system: jar:file:///C:/Users/cheng/.m2/repository/com/github/almasb/fxgl/17.1/fxgl-17.1.jar!/fxglassets/textures/particles/trace_horizontal.png
21:50:49.881 [FXGL Background Thread 1 ] DEBUG GameApplicationServi - Application scenes initialized
21:50:49.887 [FXGL Background Thread 1 ] DEBUG SystemBundleService  - Loading FXGL system data
21:50:49.889 [FXGL Background Thread 1 ] DEBUG FileSystemAccess     - Reading from: E:\javaGame\test\tank\system\fxgl.bundle
21:50:49.893 [FXGL Background Thread 1 ] DEBUG SystemBundleService  - Bundle FXGL: {}
21:50:49.893 [FXGL Background Thread 1 ] DEBUG UpdaterService       - Checking for updates
21:50:49.895 [FXGL Background Thread 4 ] DEBUG FXGLApplication      - Loading fonts
21:50:49.895 [FXGL Background Thread 4 ] DEBUG FXGLAssetLoaderServi - Loading from file system: jar:file:///C:/Users/cheng/.m2/repository/com/github/almasb/fxgl/17.1/fxgl-17.1.jar!/fxglassets/ui/fonts/VarelaRound-Regular.ttf
21:50:49.895 [FXGL Background Thread 1 ] DEBUG FXGLApplication      - Loading default localization
21:50:49.896 [FXGL Background Thread 1 ] DEBUG FXGLAssetLoaderServi - Loading from file system: jar:file:///C:/Users/cheng/.m2/repository/com/github/almasb/fxgl/17.1/fxgl-17.1.jar!/fxglassets/languages/english.lang
21:50:49.923 [FXGL Background Thread 1 ] INFO  FXGLApplication      - FXGL initialization took: 0.339 sec
21:50:49.935 [JavaFX Application Thread] DEBUG Input                - Registered new binding: action0 - W
21:50:49.935 [JavaFX Application Thread] DEBUG Input                - Registered new binding: action1 - Up
21:50:49.936 [JavaFX Application Thread] DEBUG Input                - Registered new binding: action2 - S
21:50:49.936 [JavaFX Application Thread] DEBUG Input                - Registered new binding: action3 - Down
21:50:49.937 [JavaFX Application Thread] DEBUG Input                - Registered new binding: action4 - A
21:50:49.937 [JavaFX Application Thread] DEBUG Input                - Registered new binding: action5 - Left
21:50:49.938 [JavaFX Application Thread] DEBUG Input                - Registered new binding: action6 - D
21:50:49.938 [JavaFX Application Thread] DEBUG Input                - Registered new binding: action7 - Right
21:50:49.938 [JavaFX Application Thread] DEBUG Input                - Registered new binding: action8 - Space
21:50:49.938 [JavaFX Application Thread] DEBUG Input                - Registered new binding: action9 - F
21:50:49.944 [JavaFX Application Thread] DEBUG FXGLAssetLoaderServi - Loading from file system: file:/E:/javaGame/test/tank/target/classes/assets/textures/ui/cursor.png
21:50:49.944 [FXGL Background Thread 4 ] DEBUG FXGLAssetLoaderServi - Loading from file system: jar:file:///C:/Users/cheng/.m2/repository/com/github/almasb/fxgl/17.1/fxgl-17.1.jar!/fxglassets/ui/fonts/Abel-Regular.ttf
21:50:49.948 [JavaFX Application Thread] DEBUG Input                - Registered new binding: Screenshot - CTRL+8
21:50:49.949 [JavaFX Application Thread] DEBUG Input                - Registered new binding: System info dump - CTRL+9
21:50:49.949 [FXGL Background Thread 4 ] DEBUG FXGLAssetLoaderServi - Loading from file system: jar:file:///C:/Users/cheng/.m2/repository/com/github/almasb/fxgl/17.1/fxgl-17.1.jar!/fxglassets/ui/fonts/TerminalLandMono-Regular.otf
21:50:49.950 [JavaFX Application Thread] DEBUG Input                - Registered new binding: Restart - CTRL+R
21:50:49.952 [JavaFX Application Thread] DEBUG Input                - Registered new binding: Toggle Debug Camera - CTRL+7
21:50:49.954 [FXGL Background Thread 4 ] DEBUG FXGLAssetLoaderServi - Loading from file system: jar:file:///C:/Users/cheng/.m2/repository/com/github/almasb/fxgl/17.1/fxgl-17.1.jar!/fxglassets/ui/fonts/Courier-Prime.ttf
21:50:49.957 [JavaFX Application Thread] DEBUG LoopRunner           - Starting loop
21:50:49.957 [JavaFX Application Thread] DEBUG LoopRunner           - Initializing JavaFX AnimationTimerLoop
21:50:49.961 [JavaFX Application Thread] DEBUG Input                - Clearing active input actions
21:50:49.966 [JavaFX Application Thread] DEBUG GameApplicationServi - Removing overlay from GameStartupScene and adding to FXGLMainMenuDummyScene
21:50:49.966 [JavaFX Application Thread] DEBUG PrimaryStageWindow   - GameStartupScene -> FXGLMainMenuDummyScene
21:50:49.967 [JavaFX Application Thread] DEBUG PrimaryStageWindow   - Push state: GameMainMenu
21:50:49.967 [JavaFX Application Thread] DEBUG FXGLAssetLoaderServi - Loading from file system: file:/E:/javaGame/test/tank/target/classes/assets/sounds/mainMenuLoad.wav
21:50:50.046 [JavaFX Application Thread] DEBUG Input                - Clearing active input actions
21:50:50.049 [JavaFX Application Thread] DEBUG GameApplicationServi - Removing overlay from FXGLMainMenuDummyScene and adding to GameMainMenu
21:50:50.050 [JavaFX Application Thread] DEBUG PrimaryStageWindow   - FXGLMainMenuDummyScene -> GameMainMenu
21:50:50.102 [JavaFX Application Thread] DEBUG FXGLApplication      - Registering font factories with UI factory
21:50:50.384 [FXGL Background Thread 2 ] INFO  UpdaterService       - Your current version:  17.1
21:50:50.384 [FXGL Background Thread 2 ] INFO  UpdaterService       - Latest stable version: 17.3
21:50:52.049 [JavaFX Application Thread] DEBUG FXGLAssetLoaderServi - Loading from file system: file:/E:/javaGame/test/tank/target/classes/assets/sounds/mainMenuHover.wav
21:50:52.896 [FXGL Background Thread 3 ] DEBUG Engine               - Logging environment variables
21:50:52.896 [FXGL Background Thread 3 ] DEBUG Engine               - achievements: []
21:50:52.896 [FXGL Background Thread 3 ] DEBUG Engine               - actualHeight: 672.0
21:50:52.896 [FXGL Background Thread 3 ] DEBUG Engine               - actualHeightProperty: ReadOnlyDoubleProperty [value: 672.0]
21:50:52.896 [FXGL Background Thread 3 ] DEBUG Engine               - actualWidth: 816.0
21:50:52.896 [FXGL Background Thread 3 ] DEBUG Engine               - actualWidthProperty: ReadOnlyDoubleProperty [value: 816.0]
21:50:52.896 [FXGL Background Thread 3 ] DEBUG Engine               - appIcon: ui/icon.png
21:50:52.896 [FXGL Background Thread 3 ] DEBUG Engine               - applicationMode: DEVELOPER
21:50:52.896 [FXGL Background Thread 3 ] DEBUG Engine               - cSSList: [fxgl_dark.css, tankApp.css]
21:50:52.896 [FXGL Background Thread 3 ] DEBUG Engine               - collisionDetectionStrategy: BRUTE_FORCE
21:50:52.896 [FXGL Background Thread 3 ] DEBUG Engine               - configClass: Optional.empty
21:50:52.896 [FXGL Background Thread 3 ] DEBUG Engine               - credits: []
21:50:52.897 [FXGL Background Thread 3 ] DEBUG Engine               - defaultCursor: CursorInfo(imageName=ui/cursor.png, hotspotX=0.0, hotspotY=0.0)
21:50:52.897 [FXGL Background Thread 3 ] DEBUG Engine               - devBBoxColorProperty: ObjectProperty [value: 0xff0000ff]
21:50:52.897 [FXGL Background Thread 3 ] DEBUG Engine               - devEnableDebugCameraProperty: BooleanProperty [value: false]
21:50:52.897 [FXGL Background Thread 3 ] DEBUG Engine               - devSensorColorProperty: ObjectProperty [value: 0xffff00ff]
21:50:52.897 [FXGL Background Thread 3 ] DEBUG Engine               - devShowBBoxProperty: BooleanProperty [value: false]
21:50:52.897 [FXGL Background Thread 3 ] DEBUG Engine               - devShowPositionProperty: BooleanProperty [value: false]
21:50:52.897 [FXGL Background Thread 3 ] DEBUG Engine               - enabledMenuItems: []
21:50:52.897 [FXGL Background Thread 3 ] DEBUG Engine               - engineServices: [class com.almasb.fxgl.app.services.FXGLAssetLoaderService, class com.almasb.fxgl.app.FXGLApplication$GameApplicationService, class com.almasb.fxgl.app.services.FXGLDialogService, class com.almasb.fxgl.app.services.IOTaskExecutorService, class com.almasb.fxgl.io.FileSystemService, class com.almasb.fxgl.localization.LocalizationService, class com.almasb.fxgl.app.services.SystemBundleService, class com.almasb.fxgl.profile.SaveLoadService, class com.almasb.fxgl.ui.FXGLUIFactoryServiceProvider, class com.almasb.fxgl.ui.FXGLDialogFactoryServiceProvider, class com.almasb.fxgl.audio.AudioPlayer, class com.almasb.fxgl.notification.impl.NotificationServiceProvider, class com.almasb.fxgl.achievement.AchievementService, class com.almasb.fxgl.cutscene.CutsceneService, class com.almasb.fxgl.minigames.MiniGameService, class com.almasb.fxgl.net.NetService, class com.almasb.fxgl.app.services.UpdaterService, class com.almasb.fxgl.dev.DevService]
21:50:52.897 [FXGL Background Thread 3 ] DEBUG Engine               - fontGame: Abel-Regular.ttf
21:50:52.897 [FXGL Background Thread 3 ] DEBUG Engine               - fontMono: TerminalLandMono-Regular.otf
21:50:52.897 [FXGL Background Thread 3 ] DEBUG Engine               - fontText: Courier-Prime.ttf
21:50:52.897 [FXGL Background Thread 3 ] DEBUG Engine               - fontUI: VarelaRound-Regular.ttf
21:50:52.897 [FXGL Background Thread 3 ] DEBUG Engine               - fullScreen: BooleanProperty [value: false]
21:50:52.897 [FXGL Background Thread 3 ] DEBUG Engine               - gameDifficulty: MEDIUM
21:50:52.897 [FXGL Background Thread 3 ] DEBUG Engine               - gameDifficultyProperty: ObjectProperty [value: MEDIUM]
21:50:52.897 [FXGL Background Thread 3 ] DEBUG Engine               - globalMusicVolume: 0.5
21:50:52.898 [FXGL Background Thread 3 ] DEBUG Engine               - globalMusicVolumeProperty: DoubleProperty [value: 0.5]
21:50:52.898 [FXGL Background Thread 3 ] DEBUG Engine               - globalSoundVolume: 0.5
21:50:52.898 [FXGL Background Thread 3 ] DEBUG Engine               - globalSoundVolumeProperty: DoubleProperty [value: 0.5]
21:50:52.898 [FXGL Background Thread 3 ] DEBUG Engine               - height: 672
21:50:52.898 [FXGL Background Thread 3 ] DEBUG Engine               - is3D: false
21:50:52.898 [FXGL Background Thread 3 ] DEBUG Engine               - isAndroid: false
21:50:52.898 [FXGL Background Thread 3 ] DEBUG Engine               - isBrowser: false
21:50:52.898 [FXGL Background Thread 3 ] DEBUG Engine               - isClickFeedbackEnabled: false
21:50:52.898 [FXGL Background Thread 3 ] DEBUG Engine               - isCloseConfirmation: false
21:50:52.898 [FXGL Background Thread 3 ] DEBUG Engine               - isDesktop: true
21:50:52.898 [FXGL Background Thread 3 ] DEBUG Engine               - isDeveloperMenuEnabled: false
21:50:52.898 [FXGL Background Thread 3 ] DEBUG Engine               - isEmbedded: false
21:50:52.898 [FXGL Background Thread 3 ] DEBUG Engine               - isEntityPreloadEnabled: true
21:50:52.898 [FXGL Background Thread 3 ] DEBUG Engine               - isExperimentalTiledLargeMap: false
21:50:52.898 [FXGL Background Thread 3 ] DEBUG Engine               - isFileSystemWriteAllowed: true
21:50:52.898 [FXGL Background Thread 3 ] DEBUG Engine               - isFullScreenAllowed: false
21:50:52.898 [FXGL Background Thread 3 ] DEBUG Engine               - isFullScreenFromStart: false
21:50:52.898 [FXGL Background Thread 3 ] DEBUG Engine               - isGameMenuEnabled: true
21:50:52.898 [FXGL Background Thread 3 ] DEBUG Engine               - isIOS: false
21:50:52.898 [FXGL Background Thread 3 ] DEBUG Engine               - isIntroEnabled: false
21:50:52.898 [FXGL Background Thread 3 ] DEBUG Engine               - isLinux: false
21:50:52.898 [FXGL Background Thread 3 ] DEBUG Engine               - isMac: false
21:50:52.898 [FXGL Background Thread 3 ] DEBUG Engine               - isMainMenuEnabled: true
21:50:52.898 [FXGL Background Thread 3 ] DEBUG Engine               - isManualResizeEnabled: false
21:50:52.898 [FXGL Background Thread 3 ] DEBUG Engine               - isMobile: false
21:50:52.898 [FXGL Background Thread 3 ] DEBUG Engine               - isNative: false
21:50:52.898 [FXGL Background Thread 3 ] DEBUG Engine               - isPauseMusicWhenMinimized: true
21:50:52.898 [FXGL Background Thread 3 ] DEBUG Engine               - isPreserveResizeRatio: false
21:50:52.898 [FXGL Background Thread 3 ] DEBUG Engine               - isProfilingEnabled: false
21:50:52.898 [FXGL Background Thread 3 ] DEBUG Engine               - isScaleAffectedOnResize: true
21:50:52.898 [FXGL Background Thread 3 ] DEBUG Engine               - isSingleStep: false
21:50:52.898 [FXGL Background Thread 3 ] DEBUG Engine               - isUserProfileEnabled: false
21:50:52.898 [FXGL Background Thread 3 ] DEBUG Engine               - isWindows: true
21:50:52.898 [FXGL Background Thread 3 ] DEBUG Engine               - language: ObjectProperty [value: ENGLISH]
21:50:52.898 [FXGL Background Thread 3 ] DEBUG Engine               - menuKey: ESCAPE
21:50:52.898 [FXGL Background Thread 3 ] DEBUG Engine               - mouseSensitivity: 0.2
21:50:52.898 [FXGL Background Thread 3 ] DEBUG Engine               - notificationViewClass: class com.almasb.fxgl.notification.view.XboxNotificationView
21:50:52.898 [FXGL Background Thread 3 ] DEBUG Engine               - pixelsPerMeter: 50.0
21:50:52.899 [FXGL Background Thread 3 ] DEBUG Engine               - platform: WINDOWS
21:50:52.899 [FXGL Background Thread 3 ] DEBUG Engine               - prefHeightProperty: ReadOnlyDoubleProperty [value: 672.0]
21:50:52.899 [FXGL Background Thread 3 ] DEBUG Engine               - prefWidthProperty: ReadOnlyDoubleProperty [value: 816.0]
21:50:52.899 [FXGL Background Thread 3 ] DEBUG Engine               - profileDir: profiles/
21:50:52.899 [FXGL Background Thread 3 ] DEBUG Engine               - profileName: StringProperty [value: DEFAULT]
21:50:52.899 [FXGL Background Thread 3 ] DEBUG Engine               - randomSeed: -1
21:50:52.899 [FXGL Background Thread 3 ] DEBUG Engine               - runtimeInfo: RuntimeInfo(platform=WINDOWS, version=17.1, build=24.03.2022 17.34)
21:50:52.899 [FXGL Background Thread 3 ] DEBUG Engine               - saveFileExt: sav
21:50:52.899 [FXGL Background Thread 3 ] DEBUG Engine               - scaledHeightProp$fxgl: DoubleProperty [bound, value: 672.0]
21:50:52.899 [FXGL Background Thread 3 ] DEBUG Engine               - scaledWidthProp$fxgl: DoubleProperty [bound, value: 816.0]
21:50:52.899 [FXGL Background Thread 3 ] DEBUG Engine               - sceneFactory: com.wjy_chy.tank.TankApp$1@1bcd5627
21:50:52.899 [FXGL Background Thread 3 ] DEBUG Engine               - secondsIn24h: 60
21:50:52.899 [FXGL Background Thread 3 ] DEBUG Engine               - soundMenuBack: menu/back.wav
21:50:52.899 [FXGL Background Thread 3 ] DEBUG Engine               - soundMenuPress: menu/press.wav
21:50:52.899 [FXGL Background Thread 3 ] DEBUG Engine               - soundMenuSelect: menu/select.wav
21:50:52.899 [FXGL Background Thread 3 ] DEBUG Engine               - soundNotification: core/notification.wav
21:50:52.899 [FXGL Background Thread 3 ] DEBUG Engine               - stageStyle: DECORATED
21:50:52.899 [FXGL Background Thread 3 ] DEBUG Engine               - supportedLanguages: [ENGLISH, FRENCH, GERMAN, HUNGARIAN, RUSSIAN]
21:50:52.899 [FXGL Background Thread 3 ] DEBUG Engine               - ticksPerSecond: -1
21:50:52.899 [FXGL Background Thread 3 ] DEBUG Engine               - title: 2023 Tank
21:50:52.899 [FXGL Background Thread 3 ] DEBUG Engine               - urlGithub: https://github.com/AlmasB/FXGL
21:50:52.899 [FXGL Background Thread 3 ] DEBUG Engine               - urlLeaderboard: http://fxgl-top.herokuapp.com/
21:50:52.899 [FXGL Background Thread 3 ] DEBUG Engine               - urlPOM: https://raw.githubusercontent.com/AlmasB/FXGL/release/README.md
21:50:52.899 [FXGL Background Thread 3 ] DEBUG Engine               - userAppClass: class com.wjy_chy.tank.TankApp
21:50:52.899 [FXGL Background Thread 3 ] DEBUG Engine               - version: Version 1.0
21:50:52.899 [FXGL Background Thread 3 ] DEBUG Engine               - versionCheckDays: 7
21:50:52.899 [FXGL Background Thread 3 ] DEBUG Engine               - width: 816
21:50:52.899 [FXGL Background Thread 3 ] DEBUG Engine               - Logging services
21:50:52.900 [FXGL Background Thread 3 ] DEBUG Engine               - class com.almasb.fxgl.app.services.FXGLAssetLoaderService
21:50:52.900 [FXGL Background Thread 3 ] DEBUG Engine               - class com.almasb.fxgl.app.FXGLApplication$GameApplicationService
21:50:52.900 [FXGL Background Thread 3 ] DEBUG Engine               - class com.almasb.fxgl.app.services.FXGLDialogService
21:50:52.900 [FXGL Background Thread 3 ] DEBUG Engine               - class com.almasb.fxgl.app.services.IOTaskExecutorService
21:50:52.900 [FXGL Background Thread 3 ] DEBUG Engine               - class com.almasb.fxgl.io.FileSystemService
21:50:52.900 [FXGL Background Thread 3 ] DEBUG Engine               - class com.almasb.fxgl.localization.LocalizationService
21:50:52.900 [FXGL Background Thread 3 ] DEBUG Engine               - class com.almasb.fxgl.app.services.SystemBundleService
21:50:52.900 [FXGL Background Thread 3 ] DEBUG Engine               - class com.almasb.fxgl.profile.SaveLoadService
21:50:52.900 [FXGL Background Thread 3 ] DEBUG Engine               - class com.almasb.fxgl.ui.FXGLUIFactoryServiceProvider
21:50:52.900 [FXGL Background Thread 3 ] DEBUG Engine               - class com.almasb.fxgl.ui.FXGLDialogFactoryServiceProvider
21:50:52.900 [FXGL Background Thread 3 ] DEBUG Engine               - class com.almasb.fxgl.audio.AudioPlayer
21:50:52.900 [FXGL Background Thread 3 ] DEBUG Engine               - class com.almasb.fxgl.notification.impl.NotificationServiceProvider
21:50:52.900 [FXGL Background Thread 3 ] DEBUG Engine               - class com.almasb.fxgl.achievement.AchievementService
21:50:52.900 [FXGL Background Thread 3 ] DEBUG Engine               - class com.almasb.fxgl.cutscene.CutsceneService
21:50:52.900 [FXGL Background Thread 3 ] DEBUG Engine               - class com.almasb.fxgl.minigames.MiniGameService
21:50:52.900 [FXGL Background Thread 3 ] DEBUG Engine               - class com.almasb.fxgl.net.NetService
21:50:52.900 [FXGL Background Thread 3 ] DEBUG Engine               - class com.almasb.fxgl.app.services.UpdaterService
21:50:52.900 [FXGL Background Thread 3 ] DEBUG Engine               - class com.almasb.fxgl.dev.DevService
21:51:21.371 [JavaFX Application Thread] DEBUG FXGLApplication      - Exiting FXGL
21:51:21.372 [JavaFX Application Thread] DEBUG LoopRunner           - Stopping loop
21:51:21.372 [JavaFX Application Thread] DEBUG SystemBundleService  - Saving FXGL system data
21:51:21.373 [JavaFX Application Thread] DEBUG FileSystemAccess     - Writing to: E:\javaGame\test\tank\system\fxgl.bundle
21:51:21.374 [JavaFX Application Thread] DEBUG Async                - Shutting down background threads
21:51:21.374 [JavaFX Application Thread] DEBUG PrimaryStageWindow   - Closing main window
21:51:21.395 [JavaFX Application Thread] DEBUG Logger               - Closing Logger
