20:39:17.519 [main                     ] DEBUG Logger               - Configured Logger
20:39:17.543 [main                     ] DEBUG GameApplication      - Logging settings
Title: 2023 Tank
Version: Version 1.0
Width: 816
Height: 672
Fullscreen: false
Intro: false
Profiling: false
Single step:false
App Mode: DEVELOPER
Menu Key: ESCAPE
Stage Style: DECORATED
Scene Factory: class com.leewyatt.github.tank.TankApp$1

20:39:17.952 [JavaFX Application Thread] DEBUG FXGLApplication      - Initializing FXGL
20:39:17.956 [JavaFX Application Thread] INFO  Engine               - FXGL-17.1 (24.03.2022 17.34) on WINDOWS (J:17.0.8 FX:18)
20:39:17.956 [JavaFX Application Thread] DEBUG Engine               - JRE Vendor Name: Oracle Corporation
20:39:17.956 [JavaFX Application Thread] DEBUG Engine               - Running on OS: Windows 11 version 10.0
20:39:17.956 [JavaFX Application Thread] DEBUG Engine               - Architecture: amd64
20:39:17.956 [JavaFX Application Thread] INFO  Engine               - Source code and latest versions at: https://github.com/AlmasB/FXGL
20:39:17.957 [JavaFX Application Thread] INFO  Engine               -       Ask questions and discuss at: https://github.com/AlmasB/FXGL/discussions
20:39:17.957 [JavaFX Application Thread] INFO  Engine               -              Join the FXGL chat at: https://gitter.im/AlmasB/FXGL
20:39:18.006 [JavaFX Application Thread] DEBUG PrimaryStageWindow   - Creating a JavaFX scene
20:39:18.031 [JavaFX Application Thread] DEBUG PrimaryStageWindow   - Target settings size: 816.0 x 672.0
20:39:18.031 [JavaFX Application Thread] DEBUG PrimaryStageWindow   - Scaled scene size:    816.0 x 672.0
20:39:18.032 [JavaFX Application Thread] DEBUG PrimaryStageWindow   - Scaled ratio: (1.0, 1.0)
20:39:18.032 [JavaFX Application Thread] DEBUG PrimaryStageWindow   - Set initial scene to GameStartupScene
20:39:18.035 [JavaFX Application Thread] DEBUG PrimaryStageWindow   - Opening main window
20:39:18.166 [JavaFX Application Thread] DEBUG PrimaryStageWindow   - Window border size: (16.0, 39.0)
20:39:18.166 [JavaFX Application Thread] DEBUG PrimaryStageWindow   - Scaled size: 816.0 x 672.0
20:39:18.166 [JavaFX Application Thread] DEBUG PrimaryStageWindow   - Scaled ratio: (1.0, 1.0)
20:39:18.166 [JavaFX Application Thread] DEBUG PrimaryStageWindow   - Scene size: 816.0 x 672.0
20:39:18.166 [JavaFX Application Thread] DEBUG PrimaryStageWindow   - Stage size: 832.0 x 711.0
20:39:18.171 [FXGL Background Thread 1 ] DEBUG Engine               - Initializing environment variables
20:39:18.192 [FXGL Background Thread 1 ] DEBUG FXGLAssetLoaderServi - User app class for loading assets: class com.leewyatt.github.tank.TankApp
20:39:18.192 [FXGL Background Thread 1 ] DEBUG GameApplicationServi - Applying CSS: fxgl_dark.css
20:39:18.192 [FXGL Background Thread 1 ] DEBUG FXGLAssetLoaderServi - Loading from file system: jar:file:///D:/MAVEN/localRepository/com/github/almasb/fxgl/17.1/fxgl-17.1.jar!/fxglassets/ui/css/fxgl_dark.css
20:39:18.205 [FXGL Background Thread 1 ] DEBUG GameApplicationServi - Applying CSS: tankApp.css
20:39:18.205 [FXGL Background Thread 1 ] DEBUG FXGLAssetLoaderServi - Loading from file system: file:/E:/javaGame/FXGL_Tank-main/target/classes/assets/ui/css/tankApp.css
20:39:18.206 [FXGL Background Thread 1 ] DEBUG GameApplicationServi - Initializing application scenes
20:39:18.210 [FXGL Background Thread 1 ] DEBUG GameWorld            - Game world initialized
20:39:18.243 [FXGL Background Thread 1 ] DEBUG PhysicsWorld         - Physics world initialized: appHeight=672, physics.ppm=50.0
20:39:18.243 [FXGL Background Thread 1 ] DEBUG PhysicsWorld         - Using strategy: BRUTE_FORCE
20:39:18.246 [FXGL Background Thread 1 ] DEBUG GameScene            - Game scene initialized: 816x672
20:39:18.248 [FXGL Background Thread 1 ] DEBUG FXGLAssetLoaderServi - Loading from file system: file:/E:/javaGame/FXGL_Tank-main/target/classes/assets/textures/ui/logo.png
20:39:18.266 [FXGL Background Thread 1 ] DEBUG FXGLAssetLoaderServi - Loading from file system: file:/E:/javaGame/FXGL_Tank-main/target/classes/assets/textures/ui/icon.png
20:39:18.273 [FXGL Background Thread 1 ] DEBUG FXGLAssetLoaderServi - Loading from file system: file:/E:/javaGame/FXGL_Tank-main/target/classes/assets/textures/ui/tankLoading.png
20:39:18.296 [FXGL Background Thread 1 ] DEBUG FXGLAssetLoaderServi - Loading from file system: file:/E:/javaGame/FXGL_Tank-main/target/classes/assets/textures/ui/fxgl.png
20:39:18.336 [FXGL Background Thread 1 ] DEBUG FXGL.DefaultMenu     - createMenuBodyGameMenu()
20:39:18.343 [FXGL Background Thread 1 ] DEBUG FXGL.DefaultMenu     - createOptionsMenu()
20:39:18.350 [FXGL Background Thread 1 ] DEBUG FXGLAssetLoaderServi - Loading from file system: jar:file:///D:/MAVEN/localRepository/com/github/almasb/fxgl/17.1/fxgl-17.1.jar!/fxglassets/textures/particles/smoke.png
20:39:18.416 [FXGL Background Thread 1 ] DEBUG FXGLAssetLoaderServi - Loading from file system: jar:file:///D:/MAVEN/localRepository/com/github/almasb/fxgl/17.1/fxgl-17.1.jar!/fxglassets/textures/particles/trace_horizontal.png
20:39:18.435 [FXGL Background Thread 1 ] DEBUG GameApplicationServi - Application scenes initialized
20:39:18.445 [FXGL Background Thread 1 ] DEBUG SystemBundleService  - Loading FXGL system data
20:39:18.448 [FXGL Background Thread 1 ] DEBUG FileSystemAccess     - Reading from: E:\javaGame\FXGL_Tank-main\system\fxgl.bundle
20:39:18.452 [FXGL Background Thread 1 ] DEBUG SystemBundleService  - Bundle FXGL: {}
20:39:18.452 [FXGL Background Thread 1 ] DEBUG UpdaterService       - Checking for updates
20:39:18.455 [FXGL Background Thread 4 ] DEBUG FXGLApplication      - Loading fonts
20:39:18.455 [FXGL Background Thread 1 ] DEBUG FXGLApplication      - Loading default localization
20:39:18.455 [FXGL Background Thread 4 ] DEBUG FXGLAssetLoaderServi - Loading from file system: jar:file:///D:/MAVEN/localRepository/com/github/almasb/fxgl/17.1/fxgl-17.1.jar!/fxglassets/ui/fonts/VarelaRound-Regular.ttf
20:39:18.455 [FXGL Background Thread 1 ] DEBUG FXGLAssetLoaderServi - Loading from file system: jar:file:///D:/MAVEN/localRepository/com/github/almasb/fxgl/17.1/fxgl-17.1.jar!/fxglassets/languages/english.lang
20:39:18.503 [FXGL Background Thread 1 ] INFO  FXGLApplication      - FXGL initialization took: 0.331 sec
20:39:18.508 [FXGL Background Thread 4 ] DEBUG FXGLAssetLoaderServi - Loading from file system: jar:file:///D:/MAVEN/localRepository/com/github/almasb/fxgl/17.1/fxgl-17.1.jar!/fxglassets/ui/fonts/Abel-Regular.ttf
20:39:18.511 [JavaFX Application Thread] DEBUG Input                - Registered new binding: action0 - W
20:39:18.511 [JavaFX Application Thread] DEBUG Input                - Registered new binding: action1 - Up
20:39:18.511 [JavaFX Application Thread] DEBUG Input                - Registered new binding: action2 - S
20:39:18.512 [JavaFX Application Thread] DEBUG Input                - Registered new binding: action3 - Down
20:39:18.512 [JavaFX Application Thread] DEBUG Input                - Registered new binding: action4 - A
20:39:18.512 [JavaFX Application Thread] DEBUG Input                - Registered new binding: action5 - Left
20:39:18.513 [JavaFX Application Thread] DEBUG Input                - Registered new binding: action6 - D
20:39:18.513 [JavaFX Application Thread] DEBUG Input                - Registered new binding: action7 - Right
20:39:18.514 [JavaFX Application Thread] DEBUG Input                - Registered new binding: action8 - Space
20:39:18.514 [JavaFX Application Thread] DEBUG Input                - Registered new binding: action9 - F
20:39:18.514 [FXGL Background Thread 4 ] DEBUG FXGLAssetLoaderServi - Loading from file system: jar:file:///D:/MAVEN/localRepository/com/github/almasb/fxgl/17.1/fxgl-17.1.jar!/fxglassets/ui/fonts/TerminalLandMono-Regular.otf
20:39:18.521 [FXGL Background Thread 4 ] DEBUG FXGLAssetLoaderServi - Loading from file system: jar:file:///D:/MAVEN/localRepository/com/github/almasb/fxgl/17.1/fxgl-17.1.jar!/fxglassets/ui/fonts/Courier-Prime.ttf
20:39:18.523 [JavaFX Application Thread] DEBUG FXGLAssetLoaderServi - Loading from file system: file:/E:/javaGame/FXGL_Tank-main/target/classes/assets/textures/ui/cursor.png
20:39:18.525 [JavaFX Application Thread] DEBUG Input                - Registered new binding: Screenshot - CTRL+8
20:39:18.526 [JavaFX Application Thread] DEBUG Input                - Registered new binding: System info dump - CTRL+9
20:39:18.527 [JavaFX Application Thread] DEBUG Input                - Registered new binding: Restart - CTRL+R
20:39:18.527 [JavaFX Application Thread] DEBUG Input                - Registered new binding: Toggle Debug Camera - CTRL+7
20:39:18.532 [JavaFX Application Thread] DEBUG LoopRunner           - Starting loop
20:39:18.532 [JavaFX Application Thread] DEBUG LoopRunner           - Initializing JavaFX AnimationTimerLoop
20:39:18.535 [JavaFX Application Thread] DEBUG Input                - Clearing active input actions
20:39:18.540 [JavaFX Application Thread] DEBUG GameApplicationServi - Removing overlay from GameStartupScene and adding to FXGLMainMenuDummyScene
20:39:18.540 [JavaFX Application Thread] DEBUG PrimaryStageWindow   - GameStartupScene -> FXGLMainMenuDummyScene
20:39:18.540 [JavaFX Application Thread] DEBUG PrimaryStageWindow   - Push state: GameMainMenu
20:39:18.541 [JavaFX Application Thread] DEBUG FXGLAssetLoaderServi - Loading from file system: file:/E:/javaGame/FXGL_Tank-main/target/classes/assets/sounds/mainMenuLoad.wav
20:39:18.616 [JavaFX Application Thread] DEBUG Input                - Clearing active input actions
20:39:18.622 [JavaFX Application Thread] DEBUG GameApplicationServi - Removing overlay from FXGLMainMenuDummyScene and adding to GameMainMenu
20:39:18.622 [JavaFX Application Thread] DEBUG PrimaryStageWindow   - FXGLMainMenuDummyScene -> GameMainMenu
20:39:18.623 [JavaFX Application Thread] DEBUG FXGLApplication      - Registering font factories with UI factory
20:39:18.960 [FXGL Background Thread 2 ] INFO  UpdaterService       - Your current version:  17.1
20:39:18.961 [FXGL Background Thread 2 ] INFO  UpdaterService       - Latest stable version: 17.3
20:39:20.617 [JavaFX Application Thread] DEBUG FXGLAssetLoaderServi - Loading from file system: file:/E:/javaGame/FXGL_Tank-main/target/classes/assets/sounds/mainMenuHover.wav
20:39:21.455 [FXGL Background Thread 3 ] DEBUG Engine               - Logging environment variables
20:39:21.455 [FXGL Background Thread 3 ] DEBUG Engine               - achievements: []
20:39:21.455 [FXGL Background Thread 3 ] DEBUG Engine               - actualHeight: 672.0
20:39:21.455 [FXGL Background Thread 3 ] DEBUG Engine               - actualHeightProperty: ReadOnlyDoubleProperty [value: 672.0]
20:39:21.455 [FXGL Background Thread 3 ] DEBUG Engine               - actualWidth: 816.0
20:39:21.455 [FXGL Background Thread 3 ] DEBUG Engine               - actualWidthProperty: ReadOnlyDoubleProperty [value: 816.0]
20:39:21.455 [FXGL Background Thread 3 ] DEBUG Engine               - appIcon: ui/icon.png
20:39:21.455 [FXGL Background Thread 3 ] DEBUG Engine               - applicationMode: DEVELOPER
20:39:21.455 [FXGL Background Thread 3 ] DEBUG Engine               - cSSList: [fxgl_dark.css, tankApp.css]
20:39:21.455 [FXGL Background Thread 3 ] DEBUG Engine               - collisionDetectionStrategy: BRUTE_FORCE
20:39:21.455 [FXGL Background Thread 3 ] DEBUG Engine               - configClass: Optional.empty
20:39:21.455 [FXGL Background Thread 3 ] DEBUG Engine               - credits: []
20:39:21.456 [FXGL Background Thread 3 ] DEBUG Engine               - defaultCursor: CursorInfo(imageName=ui/cursor.png, hotspotX=0.0, hotspotY=0.0)
20:39:21.456 [FXGL Background Thread 3 ] DEBUG Engine               - devBBoxColorProperty: ObjectProperty [value: 0xff0000ff]
20:39:21.456 [FXGL Background Thread 3 ] DEBUG Engine               - devEnableDebugCameraProperty: BooleanProperty [value: false]
20:39:21.456 [FXGL Background Thread 3 ] DEBUG Engine               - devSensorColorProperty: ObjectProperty [value: 0xffff00ff]
20:39:21.457 [FXGL Background Thread 3 ] DEBUG Engine               - devShowBBoxProperty: BooleanProperty [value: false]
20:39:21.457 [FXGL Background Thread 3 ] DEBUG Engine               - devShowPositionProperty: BooleanProperty [value: false]
20:39:21.457 [FXGL Background Thread 3 ] DEBUG Engine               - enabledMenuItems: []
20:39:21.457 [FXGL Background Thread 3 ] DEBUG Engine               - engineServices: [class com.almasb.fxgl.app.services.FXGLAssetLoaderService, class com.almasb.fxgl.app.FXGLApplication$GameApplicationService, class com.almasb.fxgl.app.services.FXGLDialogService, class com.almasb.fxgl.app.services.IOTaskExecutorService, class com.almasb.fxgl.io.FileSystemService, class com.almasb.fxgl.localization.LocalizationService, class com.almasb.fxgl.app.services.SystemBundleService, class com.almasb.fxgl.profile.SaveLoadService, class com.almasb.fxgl.ui.FXGLUIFactoryServiceProvider, class com.almasb.fxgl.ui.FXGLDialogFactoryServiceProvider, class com.almasb.fxgl.audio.AudioPlayer, class com.almasb.fxgl.notification.impl.NotificationServiceProvider, class com.almasb.fxgl.achievement.AchievementService, class com.almasb.fxgl.cutscene.CutsceneService, class com.almasb.fxgl.minigames.MiniGameService, class com.almasb.fxgl.net.NetService, class com.almasb.fxgl.app.services.UpdaterService, class com.almasb.fxgl.dev.DevService]
20:39:21.457 [FXGL Background Thread 3 ] DEBUG Engine               - fontGame: Abel-Regular.ttf
20:39:21.457 [FXGL Background Thread 3 ] DEBUG Engine               - fontMono: TerminalLandMono-Regular.otf
20:39:21.457 [FXGL Background Thread 3 ] DEBUG Engine               - fontText: Courier-Prime.ttf
20:39:21.457 [FXGL Background Thread 3 ] DEBUG Engine               - fontUI: VarelaRound-Regular.ttf
20:39:21.457 [FXGL Background Thread 3 ] DEBUG Engine               - fullScreen: BooleanProperty [value: false]
20:39:21.457 [FXGL Background Thread 3 ] DEBUG Engine               - gameDifficulty: MEDIUM
20:39:21.457 [FXGL Background Thread 3 ] DEBUG Engine               - gameDifficultyProperty: ObjectProperty [value: MEDIUM]
20:39:21.457 [FXGL Background Thread 3 ] DEBUG Engine               - globalMusicVolume: 0.5
20:39:21.457 [FXGL Background Thread 3 ] DEBUG Engine               - globalMusicVolumeProperty: DoubleProperty [value: 0.5]
20:39:21.457 [FXGL Background Thread 3 ] DEBUG Engine               - globalSoundVolume: 0.5
20:39:21.457 [FXGL Background Thread 3 ] DEBUG Engine               - globalSoundVolumeProperty: DoubleProperty [value: 0.5]
20:39:21.457 [FXGL Background Thread 3 ] DEBUG Engine               - height: 672
20:39:21.457 [FXGL Background Thread 3 ] DEBUG Engine               - is3D: false
20:39:21.457 [FXGL Background Thread 3 ] DEBUG Engine               - isAndroid: false
20:39:21.457 [FXGL Background Thread 3 ] DEBUG Engine               - isBrowser: false
20:39:21.457 [FXGL Background Thread 3 ] DEBUG Engine               - isClickFeedbackEnabled: false
20:39:21.457 [FXGL Background Thread 3 ] DEBUG Engine               - isCloseConfirmation: false
20:39:21.457 [FXGL Background Thread 3 ] DEBUG Engine               - isDesktop: true
20:39:21.457 [FXGL Background Thread 3 ] DEBUG Engine               - isDeveloperMenuEnabled: false
20:39:21.457 [FXGL Background Thread 3 ] DEBUG Engine               - isEmbedded: false
20:39:21.457 [FXGL Background Thread 3 ] DEBUG Engine               - isEntityPreloadEnabled: true
20:39:21.457 [FXGL Background Thread 3 ] DEBUG Engine               - isExperimentalTiledLargeMap: false
20:39:21.457 [FXGL Background Thread 3 ] DEBUG Engine               - isFileSystemWriteAllowed: true
20:39:21.457 [FXGL Background Thread 3 ] DEBUG Engine               - isFullScreenAllowed: false
20:39:21.457 [FXGL Background Thread 3 ] DEBUG Engine               - isFullScreenFromStart: false
20:39:21.457 [FXGL Background Thread 3 ] DEBUG Engine               - isGameMenuEnabled: true
20:39:21.457 [FXGL Background Thread 3 ] DEBUG Engine               - isIOS: false
20:39:21.457 [FXGL Background Thread 3 ] DEBUG Engine               - isIntroEnabled: false
20:39:21.457 [FXGL Background Thread 3 ] DEBUG Engine               - isLinux: false
20:39:21.457 [FXGL Background Thread 3 ] DEBUG Engine               - isMac: false
20:39:21.457 [FXGL Background Thread 3 ] DEBUG Engine               - isMainMenuEnabled: true
20:39:21.457 [FXGL Background Thread 3 ] DEBUG Engine               - isManualResizeEnabled: false
20:39:21.457 [FXGL Background Thread 3 ] DEBUG Engine               - isMobile: false
20:39:21.457 [FXGL Background Thread 3 ] DEBUG Engine               - isNative: false
20:39:21.457 [FXGL Background Thread 3 ] DEBUG Engine               - isPauseMusicWhenMinimized: true
20:39:21.457 [FXGL Background Thread 3 ] DEBUG Engine               - isPreserveResizeRatio: false
20:39:21.457 [FXGL Background Thread 3 ] DEBUG Engine               - isProfilingEnabled: false
20:39:21.458 [FXGL Background Thread 3 ] DEBUG Engine               - isScaleAffectedOnResize: true
20:39:21.458 [FXGL Background Thread 3 ] DEBUG Engine               - isSingleStep: false
20:39:21.458 [FXGL Background Thread 3 ] DEBUG Engine               - isUserProfileEnabled: false
20:39:21.458 [FXGL Background Thread 3 ] DEBUG Engine               - isWindows: true
20:39:21.458 [FXGL Background Thread 3 ] DEBUG Engine               - language: ObjectProperty [value: ENGLISH]
20:39:21.458 [FXGL Background Thread 3 ] DEBUG Engine               - menuKey: ESCAPE
20:39:21.458 [FXGL Background Thread 3 ] DEBUG Engine               - mouseSensitivity: 0.2
20:39:21.458 [FXGL Background Thread 3 ] DEBUG Engine               - notificationViewClass: class com.almasb.fxgl.notification.view.XboxNotificationView
20:39:21.458 [FXGL Background Thread 3 ] DEBUG Engine               - pixelsPerMeter: 50.0
20:39:21.458 [FXGL Background Thread 3 ] DEBUG Engine               - platform: WINDOWS
20:39:21.458 [FXGL Background Thread 3 ] DEBUG Engine               - prefHeightProperty: ReadOnlyDoubleProperty [value: 672.0]
20:39:21.458 [FXGL Background Thread 3 ] DEBUG Engine               - prefWidthProperty: ReadOnlyDoubleProperty [value: 816.0]
20:39:21.458 [FXGL Background Thread 3 ] DEBUG Engine               - profileDir: profiles/
20:39:21.458 [FXGL Background Thread 3 ] DEBUG Engine               - profileName: StringProperty [value: DEFAULT]
20:39:21.458 [FXGL Background Thread 3 ] DEBUG Engine               - randomSeed: -1
20:39:21.459 [FXGL Background Thread 3 ] DEBUG Engine               - runtimeInfo: RuntimeInfo(platform=WINDOWS, version=17.1, build=24.03.2022 17.34)
20:39:21.459 [FXGL Background Thread 3 ] DEBUG Engine               - saveFileExt: sav
20:39:21.459 [FXGL Background Thread 3 ] DEBUG Engine               - scaledHeightProp$fxgl: DoubleProperty [bound, value: 672.0]
20:39:21.459 [FXGL Background Thread 3 ] DEBUG Engine               - scaledWidthProp$fxgl: DoubleProperty [bound, value: 816.0]
20:39:21.459 [FXGL Background Thread 3 ] DEBUG Engine               - sceneFactory: com.leewyatt.github.tank.TankApp$1@1bcd5627
20:39:21.459 [FXGL Background Thread 3 ] DEBUG Engine               - secondsIn24h: 60
20:39:21.459 [FXGL Background Thread 3 ] DEBUG Engine               - soundMenuBack: menu/back.wav
20:39:21.459 [FXGL Background Thread 3 ] DEBUG Engine               - soundMenuPress: menu/press.wav
20:39:21.459 [FXGL Background Thread 3 ] DEBUG Engine               - soundMenuSelect: menu/select.wav
20:39:21.459 [FXGL Background Thread 3 ] DEBUG Engine               - soundNotification: core/notification.wav
20:39:21.459 [FXGL Background Thread 3 ] DEBUG Engine               - stageStyle: DECORATED
20:39:21.459 [FXGL Background Thread 3 ] DEBUG Engine               - supportedLanguages: [ENGLISH, FRENCH, GERMAN, HUNGARIAN, RUSSIAN]
20:39:21.459 [FXGL Background Thread 3 ] DEBUG Engine               - ticksPerSecond: -1
20:39:21.459 [FXGL Background Thread 3 ] DEBUG Engine               - title: 2023 Tank
20:39:21.459 [FXGL Background Thread 3 ] DEBUG Engine               - urlGithub: https://github.com/AlmasB/FXGL
20:39:21.459 [FXGL Background Thread 3 ] DEBUG Engine               - urlLeaderboard: http://fxgl-top.herokuapp.com/
20:39:21.459 [FXGL Background Thread 3 ] DEBUG Engine               - urlPOM: https://raw.githubusercontent.com/AlmasB/FXGL/release/README.md
20:39:21.459 [FXGL Background Thread 3 ] DEBUG Engine               - userAppClass: class com.leewyatt.github.tank.TankApp
20:39:21.459 [FXGL Background Thread 3 ] DEBUG Engine               - version: Version 1.0
20:39:21.459 [FXGL Background Thread 3 ] DEBUG Engine               - versionCheckDays: 7
20:39:21.459 [FXGL Background Thread 3 ] DEBUG Engine               - width: 816
20:39:21.459 [FXGL Background Thread 3 ] DEBUG Engine               - Logging services
20:39:21.459 [FXGL Background Thread 3 ] DEBUG Engine               - class com.almasb.fxgl.app.services.FXGLAssetLoaderService
20:39:21.459 [FXGL Background Thread 3 ] DEBUG Engine               - class com.almasb.fxgl.app.FXGLApplication$GameApplicationService
20:39:21.459 [FXGL Background Thread 3 ] DEBUG Engine               - class com.almasb.fxgl.app.services.FXGLDialogService
20:39:21.459 [FXGL Background Thread 3 ] DEBUG Engine               - class com.almasb.fxgl.app.services.IOTaskExecutorService
20:39:21.459 [FXGL Background Thread 3 ] DEBUG Engine               - class com.almasb.fxgl.io.FileSystemService
20:39:21.459 [FXGL Background Thread 3 ] DEBUG Engine               - class com.almasb.fxgl.localization.LocalizationService
20:39:21.459 [FXGL Background Thread 3 ] DEBUG Engine               - class com.almasb.fxgl.app.services.SystemBundleService
20:39:21.459 [FXGL Background Thread 3 ] DEBUG Engine               - class com.almasb.fxgl.profile.SaveLoadService
20:39:21.459 [FXGL Background Thread 3 ] DEBUG Engine               - class com.almasb.fxgl.ui.FXGLUIFactoryServiceProvider
20:39:21.459 [FXGL Background Thread 3 ] DEBUG Engine               - class com.almasb.fxgl.ui.FXGLDialogFactoryServiceProvider
20:39:21.459 [FXGL Background Thread 3 ] DEBUG Engine               - class com.almasb.fxgl.audio.AudioPlayer
20:39:21.459 [FXGL Background Thread 3 ] DEBUG Engine               - class com.almasb.fxgl.notification.impl.NotificationServiceProvider
20:39:21.459 [FXGL Background Thread 3 ] DEBUG Engine               - class com.almasb.fxgl.achievement.AchievementService
20:39:21.459 [FXGL Background Thread 3 ] DEBUG Engine               - class com.almasb.fxgl.cutscene.CutsceneService
20:39:21.459 [FXGL Background Thread 3 ] DEBUG Engine               - class com.almasb.fxgl.minigames.MiniGameService
20:39:21.459 [FXGL Background Thread 3 ] DEBUG Engine               - class com.almasb.fxgl.net.NetService
20:39:21.459 [FXGL Background Thread 3 ] DEBUG Engine               - class com.almasb.fxgl.app.services.UpdaterService
20:39:21.459 [FXGL Background Thread 3 ] DEBUG Engine               - class com.almasb.fxgl.dev.DevService
20:39:23.859 [JavaFX Application Thread] DEBUG FXGLApplication      - Exiting FXGL
20:39:23.859 [JavaFX Application Thread] DEBUG LoopRunner           - Stopping loop
20:39:23.859 [JavaFX Application Thread] DEBUG SystemBundleService  - Saving FXGL system data
20:39:23.861 [JavaFX Application Thread] DEBUG FileSystemAccess     - Writing to: E:\javaGame\FXGL_Tank-main\system\fxgl.bundle
20:39:23.861 [JavaFX Application Thread] DEBUG Async                - Shutting down background threads
20:39:23.862 [JavaFX Application Thread] DEBUG PrimaryStageWindow   - Closing main window
20:39:23.889 [JavaFX Application Thread] DEBUG Logger               - Closing Logger
