21:53:10.561 [main                     ] DEBUG Logger               - Configured Logger
21:53:10.582 [main                     ] DEBUG GameApplication      - Logging settings
Title: 2023 Tank
Version: Version 1.0
Width: 816
Height: 672
Fullscreen: false
Intro: false
Profiling: false
Single step:false
App Mode: DEVELOPER
Menu Key: ESCAPE
Stage Style: DECORATED
Scene Factory: class com.leewyatt.github.tank.TankApp$1

21:53:10.954 [JavaFX Application Thread] DEBUG FXGLApplication      - Initializing FXGL
21:53:10.956 [JavaFX Application Thread] INFO  Engine               - FXGL-17.1 (24.03.2022 17.34) on WINDOWS (J:17.0.8 FX:18)
21:53:10.957 [JavaFX Application Thread] DEBUG Engine               - JRE Vendor Name: Oracle Corporation
21:53:10.957 [JavaFX Application Thread] DEBUG Engine               - Running on OS: Windows 11 version 10.0
21:53:10.957 [JavaFX Application Thread] DEBUG Engine               - Architecture: amd64
21:53:10.957 [JavaFX Application Thread] INFO  Engine               - Source code and latest versions at: https://github.com/AlmasB/FXGL
21:53:10.957 [JavaFX Application Thread] INFO  Engine               -       Ask questions and discuss at: https://github.com/AlmasB/FXGL/discussions
21:53:10.957 [JavaFX Application Thread] INFO  Engine               -              Join the FXGL chat at: https://gitter.im/AlmasB/FXGL
21:53:11.016 [JavaFX Application Thread] DEBUG PrimaryStageWindow   - Creating a JavaFX scene
21:53:11.039 [JavaFX Application Thread] DEBUG PrimaryStageWindow   - Target settings size: 816.0 x 672.0
21:53:11.039 [JavaFX Application Thread] DEBUG PrimaryStageWindow   - Scaled scene size:    816.0 x 672.0
21:53:11.039 [JavaFX Application Thread] DEBUG PrimaryStageWindow   - Scaled ratio: (1.0, 1.0)
21:53:11.040 [JavaFX Application Thread] DEBUG PrimaryStageWindow   - Set initial scene to GameStartupScene
21:53:11.044 [JavaFX Application Thread] DEBUG PrimaryStageWindow   - Opening main window
21:53:11.107 [JavaFX Application Thread] DEBUG PrimaryStageWindow   - Window border size: (16.0, 39.0)
21:53:11.107 [JavaFX Application Thread] DEBUG PrimaryStageWindow   - Scaled size: 816.0 x 672.0
21:53:11.107 [JavaFX Application Thread] DEBUG PrimaryStageWindow   - Scaled ratio: (1.0, 1.0)
21:53:11.107 [JavaFX Application Thread] DEBUG PrimaryStageWindow   - Scene size: 816.0 x 672.0
21:53:11.107 [JavaFX Application Thread] DEBUG PrimaryStageWindow   - Stage size: 832.0 x 711.0
21:53:11.113 [FXGL Background Thread 1 ] DEBUG Engine               - Initializing environment variables
21:53:11.138 [FXGL Background Thread 1 ] DEBUG FXGLAssetLoaderServi - User app class for loading assets: class com.leewyatt.github.tank.TankApp
21:53:11.138 [FXGL Background Thread 1 ] DEBUG GameApplicationServi - Applying CSS: fxgl_dark.css
21:53:11.138 [FXGL Background Thread 1 ] DEBUG FXGLAssetLoaderServi - Loading from file system: jar:file:///C:/Users/cheng/.m2/repository/com/github/almasb/fxgl/17.1/fxgl-17.1.jar!/fxglassets/ui/css/fxgl_dark.css
21:53:11.152 [FXGL Background Thread 1 ] DEBUG GameApplicationServi - Applying CSS: tankApp.css
21:53:11.153 [FXGL Background Thread 1 ] DEBUG FXGLAssetLoaderServi - Loading from file system: file:/E:/javaGame/test/tank/target/classes/assets/ui/css/tankApp.css
21:53:11.153 [FXGL Background Thread 1 ] DEBUG GameApplicationServi - Initializing application scenes
21:53:11.157 [FXGL Background Thread 1 ] DEBUG GameWorld            - Game world initialized
21:53:11.207 [FXGL Background Thread 1 ] DEBUG PhysicsWorld         - Physics world initialized: appHeight=672, physics.ppm=50.0
21:53:11.208 [FXGL Background Thread 1 ] DEBUG PhysicsWorld         - Using strategy: BRUTE_FORCE
21:53:11.211 [FXGL Background Thread 1 ] DEBUG GameScene            - Game scene initialized: 816x672
21:53:11.213 [FXGL Background Thread 1 ] DEBUG FXGLAssetLoaderServi - Loading from file system: file:/E:/javaGame/test/tank/target/classes/assets/textures/ui/logo.png
21:53:11.226 [FXGL Background Thread 1 ] DEBUG FXGLAssetLoaderServi - Loading from file system: file:/E:/javaGame/test/tank/target/classes/assets/textures/ui/icon.png
21:53:11.233 [FXGL Background Thread 1 ] DEBUG FXGLAssetLoaderServi - Loading from file system: file:/E:/javaGame/test/tank/target/classes/assets/textures/ui/tankLoading.png
21:53:11.253 [FXGL Background Thread 1 ] DEBUG FXGLAssetLoaderServi - Loading from file system: file:/E:/javaGame/test/tank/target/classes/assets/textures/ui/fxgl.png
21:53:11.283 [FXGL Background Thread 1 ] DEBUG FXGL.DefaultMenu     - createMenuBodyGameMenu()
21:53:11.290 [FXGL Background Thread 1 ] DEBUG FXGL.DefaultMenu     - createOptionsMenu()
21:53:11.296 [FXGL Background Thread 1 ] DEBUG FXGLAssetLoaderServi - Loading from file system: jar:file:///C:/Users/cheng/.m2/repository/com/github/almasb/fxgl/17.1/fxgl-17.1.jar!/fxglassets/textures/particles/smoke.png
21:53:11.364 [FXGL Background Thread 1 ] DEBUG FXGLAssetLoaderServi - Loading from file system: jar:file:///C:/Users/cheng/.m2/repository/com/github/almasb/fxgl/17.1/fxgl-17.1.jar!/fxglassets/textures/particles/trace_horizontal.png
21:53:11.386 [FXGL Background Thread 1 ] DEBUG GameApplicationServi - Application scenes initialized
21:53:11.400 [FXGL Background Thread 1 ] DEBUG SystemBundleService  - Loading FXGL system data
21:53:11.408 [FXGL Background Thread 1 ] DEBUG FileSystemAccess     - Reading from: E:\javaGame\test\tank\system\fxgl.bundle
21:53:11.416 [FXGL Background Thread 1 ] DEBUG SystemBundleService  - Bundle FXGL: {}
21:53:11.416 [FXGL Background Thread 1 ] DEBUG UpdaterService       - Checking for updates
21:53:11.423 [FXGL Background Thread 4 ] DEBUG FXGLApplication      - Loading fonts
21:53:11.423 [FXGL Background Thread 4 ] DEBUG FXGLAssetLoaderServi - Loading from file system: jar:file:///C:/Users/cheng/.m2/repository/com/github/almasb/fxgl/17.1/fxgl-17.1.jar!/fxglassets/ui/fonts/VarelaRound-Regular.ttf
21:53:11.424 [FXGL Background Thread 1 ] DEBUG FXGLApplication      - Loading default localization
21:53:11.425 [FXGL Background Thread 1 ] DEBUG FXGLAssetLoaderServi - Loading from file system: jar:file:///C:/Users/cheng/.m2/repository/com/github/almasb/fxgl/17.1/fxgl-17.1.jar!/fxglassets/languages/english.lang
21:53:11.443 [FXGL Background Thread 1 ] INFO  FXGLApplication      - FXGL initialization took: 0.330 sec
21:53:11.453 [JavaFX Application Thread] DEBUG Input                - Registered new binding: action0 - W
21:53:11.454 [JavaFX Application Thread] DEBUG Input                - Registered new binding: action1 - Up
21:53:11.454 [JavaFX Application Thread] DEBUG Input                - Registered new binding: action2 - S
21:53:11.454 [JavaFX Application Thread] DEBUG Input                - Registered new binding: action3 - Down
21:53:11.455 [JavaFX Application Thread] DEBUG Input                - Registered new binding: action4 - A
21:53:11.455 [JavaFX Application Thread] DEBUG Input                - Registered new binding: action5 - Left
21:53:11.455 [JavaFX Application Thread] DEBUG Input                - Registered new binding: action6 - D
21:53:11.456 [JavaFX Application Thread] DEBUG Input                - Registered new binding: action7 - Right
21:53:11.456 [JavaFX Application Thread] DEBUG Input                - Registered new binding: action8 - Space
21:53:11.456 [JavaFX Application Thread] DEBUG Input                - Registered new binding: action9 - F
21:53:11.459 [JavaFX Application Thread] DEBUG FXGLAssetLoaderServi - Loading from file system: file:/E:/javaGame/test/tank/target/classes/assets/textures/ui/cursor.png
21:53:11.464 [JavaFX Application Thread] DEBUG Input                - Registered new binding: Screenshot - CTRL+8
21:53:11.465 [JavaFX Application Thread] DEBUG Input                - Registered new binding: System info dump - CTRL+9
21:53:11.466 [JavaFX Application Thread] DEBUG Input                - Registered new binding: Restart - CTRL+R
21:53:11.469 [JavaFX Application Thread] DEBUG Input                - Registered new binding: Toggle Debug Camera - CTRL+7
21:53:11.473 [FXGL Background Thread 4 ] DEBUG FXGLAssetLoaderServi - Loading from file system: jar:file:///C:/Users/cheng/.m2/repository/com/github/almasb/fxgl/17.1/fxgl-17.1.jar!/fxglassets/ui/fonts/Abel-Regular.ttf
21:53:11.474 [JavaFX Application Thread] DEBUG LoopRunner           - Starting loop
21:53:11.474 [JavaFX Application Thread] DEBUG LoopRunner           - Initializing JavaFX AnimationTimerLoop
21:53:11.477 [JavaFX Application Thread] DEBUG Input                - Clearing active input actions
21:53:11.479 [FXGL Background Thread 4 ] DEBUG FXGLAssetLoaderServi - Loading from file system: jar:file:///C:/Users/cheng/.m2/repository/com/github/almasb/fxgl/17.1/fxgl-17.1.jar!/fxglassets/ui/fonts/TerminalLandMono-Regular.otf
21:53:11.482 [JavaFX Application Thread] DEBUG GameApplicationServi - Removing overlay from GameStartupScene and adding to FXGLMainMenuDummyScene
21:53:11.482 [JavaFX Application Thread] DEBUG PrimaryStageWindow   - GameStartupScene -> FXGLMainMenuDummyScene
21:53:11.482 [JavaFX Application Thread] DEBUG PrimaryStageWindow   - Push state: GameMainMenu
21:53:11.482 [JavaFX Application Thread] DEBUG FXGLAssetLoaderServi - Loading from file system: file:/E:/javaGame/test/tank/target/classes/assets/sounds/mainMenuLoad.wav
21:53:11.483 [FXGL Background Thread 4 ] DEBUG FXGLAssetLoaderServi - Loading from file system: jar:file:///C:/Users/cheng/.m2/repository/com/github/almasb/fxgl/17.1/fxgl-17.1.jar!/fxglassets/ui/fonts/Courier-Prime.ttf
21:53:11.555 [JavaFX Application Thread] DEBUG Input                - Clearing active input actions
21:53:11.559 [JavaFX Application Thread] DEBUG GameApplicationServi - Removing overlay from FXGLMainMenuDummyScene and adding to GameMainMenu
21:53:11.560 [JavaFX Application Thread] DEBUG PrimaryStageWindow   - FXGLMainMenuDummyScene -> GameMainMenu
21:53:11.612 [JavaFX Application Thread] DEBUG FXGLApplication      - Registering font factories with UI factory
21:53:11.894 [FXGL Background Thread 2 ] INFO  UpdaterService       - Your current version:  17.1
21:53:11.894 [FXGL Background Thread 2 ] INFO  UpdaterService       - Latest stable version: 17.3
21:53:13.557 [JavaFX Application Thread] DEBUG FXGLAssetLoaderServi - Loading from file system: file:/E:/javaGame/test/tank/target/classes/assets/sounds/mainMenuHover.wav
21:53:14.421 [FXGL Background Thread 3 ] DEBUG Engine               - Logging environment variables
21:53:14.421 [FXGL Background Thread 3 ] DEBUG Engine               - achievements: []
21:53:14.421 [FXGL Background Thread 3 ] DEBUG Engine               - actualHeight: 672.0
21:53:14.421 [FXGL Background Thread 3 ] DEBUG Engine               - actualHeightProperty: ReadOnlyDoubleProperty [value: 672.0]
21:53:14.421 [FXGL Background Thread 3 ] DEBUG Engine               - actualWidth: 816.0
21:53:14.421 [FXGL Background Thread 3 ] DEBUG Engine               - actualWidthProperty: ReadOnlyDoubleProperty [value: 816.0]
21:53:14.421 [FXGL Background Thread 3 ] DEBUG Engine               - appIcon: ui/icon.png
21:53:14.421 [FXGL Background Thread 3 ] DEBUG Engine               - applicationMode: DEVELOPER
21:53:14.421 [FXGL Background Thread 3 ] DEBUG Engine               - cSSList: [fxgl_dark.css, tankApp.css]
21:53:14.421 [FXGL Background Thread 3 ] DEBUG Engine               - collisionDetectionStrategy: BRUTE_FORCE
21:53:14.421 [FXGL Background Thread 3 ] DEBUG Engine               - configClass: Optional.empty
21:53:14.421 [FXGL Background Thread 3 ] DEBUG Engine               - credits: []
21:53:14.422 [FXGL Background Thread 3 ] DEBUG Engine               - defaultCursor: CursorInfo(imageName=ui/cursor.png, hotspotX=0.0, hotspotY=0.0)
21:53:14.422 [FXGL Background Thread 3 ] DEBUG Engine               - devBBoxColorProperty: ObjectProperty [value: 0xff0000ff]
21:53:14.422 [FXGL Background Thread 3 ] DEBUG Engine               - devEnableDebugCameraProperty: BooleanProperty [value: false]
21:53:14.422 [FXGL Background Thread 3 ] DEBUG Engine               - devSensorColorProperty: ObjectProperty [value: 0xffff00ff]
21:53:14.422 [FXGL Background Thread 3 ] DEBUG Engine               - devShowBBoxProperty: BooleanProperty [value: false]
21:53:14.422 [FXGL Background Thread 3 ] DEBUG Engine               - devShowPositionProperty: BooleanProperty [value: false]
21:53:14.422 [FXGL Background Thread 3 ] DEBUG Engine               - enabledMenuItems: []
21:53:14.422 [FXGL Background Thread 3 ] DEBUG Engine               - engineServices: [class com.almasb.fxgl.app.services.FXGLAssetLoaderService, class com.almasb.fxgl.app.FXGLApplication$GameApplicationService, class com.almasb.fxgl.app.services.FXGLDialogService, class com.almasb.fxgl.app.services.IOTaskExecutorService, class com.almasb.fxgl.io.FileSystemService, class com.almasb.fxgl.localization.LocalizationService, class com.almasb.fxgl.app.services.SystemBundleService, class com.almasb.fxgl.profile.SaveLoadService, class com.almasb.fxgl.ui.FXGLUIFactoryServiceProvider, class com.almasb.fxgl.ui.FXGLDialogFactoryServiceProvider, class com.almasb.fxgl.audio.AudioPlayer, class com.almasb.fxgl.notification.impl.NotificationServiceProvider, class com.almasb.fxgl.achievement.AchievementService, class com.almasb.fxgl.cutscene.CutsceneService, class com.almasb.fxgl.minigames.MiniGameService, class com.almasb.fxgl.net.NetService, class com.almasb.fxgl.app.services.UpdaterService, class com.almasb.fxgl.dev.DevService]
21:53:14.423 [FXGL Background Thread 3 ] DEBUG Engine               - fontGame: Abel-Regular.ttf
21:53:14.423 [FXGL Background Thread 3 ] DEBUG Engine               - fontMono: TerminalLandMono-Regular.otf
21:53:14.423 [FXGL Background Thread 3 ] DEBUG Engine               - fontText: Courier-Prime.ttf
21:53:14.423 [FXGL Background Thread 3 ] DEBUG Engine               - fontUI: VarelaRound-Regular.ttf
21:53:14.423 [FXGL Background Thread 3 ] DEBUG Engine               - fullScreen: BooleanProperty [value: false]
21:53:14.423 [FXGL Background Thread 3 ] DEBUG Engine               - gameDifficulty: MEDIUM
21:53:14.423 [FXGL Background Thread 3 ] DEBUG Engine               - gameDifficultyProperty: ObjectProperty [value: MEDIUM]
21:53:14.423 [FXGL Background Thread 3 ] DEBUG Engine               - globalMusicVolume: 0.5
21:53:14.423 [FXGL Background Thread 3 ] DEBUG Engine               - globalMusicVolumeProperty: DoubleProperty [value: 0.5]
21:53:14.423 [FXGL Background Thread 3 ] DEBUG Engine               - globalSoundVolume: 0.5
21:53:14.423 [FXGL Background Thread 3 ] DEBUG Engine               - globalSoundVolumeProperty: DoubleProperty [value: 0.5]
21:53:14.423 [FXGL Background Thread 3 ] DEBUG Engine               - height: 672
21:53:14.423 [FXGL Background Thread 3 ] DEBUG Engine               - is3D: false
21:53:14.423 [FXGL Background Thread 3 ] DEBUG Engine               - isAndroid: false
21:53:14.423 [FXGL Background Thread 3 ] DEBUG Engine               - isBrowser: false
21:53:14.423 [FXGL Background Thread 3 ] DEBUG Engine               - isClickFeedbackEnabled: false
21:53:14.423 [FXGL Background Thread 3 ] DEBUG Engine               - isCloseConfirmation: false
21:53:14.423 [FXGL Background Thread 3 ] DEBUG Engine               - isDesktop: true
21:53:14.423 [FXGL Background Thread 3 ] DEBUG Engine               - isDeveloperMenuEnabled: false
21:53:14.423 [FXGL Background Thread 3 ] DEBUG Engine               - isEmbedded: false
21:53:14.423 [FXGL Background Thread 3 ] DEBUG Engine               - isEntityPreloadEnabled: true
21:53:14.423 [FXGL Background Thread 3 ] DEBUG Engine               - isExperimentalTiledLargeMap: false
21:53:14.423 [FXGL Background Thread 3 ] DEBUG Engine               - isFileSystemWriteAllowed: true
21:53:14.423 [FXGL Background Thread 3 ] DEBUG Engine               - isFullScreenAllowed: false
21:53:14.423 [FXGL Background Thread 3 ] DEBUG Engine               - isFullScreenFromStart: false
21:53:14.423 [FXGL Background Thread 3 ] DEBUG Engine               - isGameMenuEnabled: true
21:53:14.423 [FXGL Background Thread 3 ] DEBUG Engine               - isIOS: false
21:53:14.423 [FXGL Background Thread 3 ] DEBUG Engine               - isIntroEnabled: false
21:53:14.423 [FXGL Background Thread 3 ] DEBUG Engine               - isLinux: false
21:53:14.423 [FXGL Background Thread 3 ] DEBUG Engine               - isMac: false
21:53:14.423 [FXGL Background Thread 3 ] DEBUG Engine               - isMainMenuEnabled: true
21:53:14.423 [FXGL Background Thread 3 ] DEBUG Engine               - isManualResizeEnabled: false
21:53:14.423 [FXGL Background Thread 3 ] DEBUG Engine               - isMobile: false
21:53:14.423 [FXGL Background Thread 3 ] DEBUG Engine               - isNative: false
21:53:14.423 [FXGL Background Thread 3 ] DEBUG Engine               - isPauseMusicWhenMinimized: true
21:53:14.423 [FXGL Background Thread 3 ] DEBUG Engine               - isPreserveResizeRatio: false
21:53:14.423 [FXGL Background Thread 3 ] DEBUG Engine               - isProfilingEnabled: false
21:53:14.424 [FXGL Background Thread 3 ] DEBUG Engine               - isScaleAffectedOnResize: true
21:53:14.424 [FXGL Background Thread 3 ] DEBUG Engine               - isSingleStep: false
21:53:14.424 [FXGL Background Thread 3 ] DEBUG Engine               - isUserProfileEnabled: false
21:53:14.424 [FXGL Background Thread 3 ] DEBUG Engine               - isWindows: true
21:53:14.424 [FXGL Background Thread 3 ] DEBUG Engine               - language: ObjectProperty [value: ENGLISH]
21:53:14.424 [FXGL Background Thread 3 ] DEBUG Engine               - menuKey: ESCAPE
21:53:14.424 [FXGL Background Thread 3 ] DEBUG Engine               - mouseSensitivity: 0.2
21:53:14.424 [FXGL Background Thread 3 ] DEBUG Engine               - notificationViewClass: class com.almasb.fxgl.notification.view.XboxNotificationView
21:53:14.424 [FXGL Background Thread 3 ] DEBUG Engine               - pixelsPerMeter: 50.0
21:53:14.424 [FXGL Background Thread 3 ] DEBUG Engine               - platform: WINDOWS
21:53:14.424 [FXGL Background Thread 3 ] DEBUG Engine               - prefHeightProperty: ReadOnlyDoubleProperty [value: 672.0]
21:53:14.424 [FXGL Background Thread 3 ] DEBUG Engine               - prefWidthProperty: ReadOnlyDoubleProperty [value: 816.0]
21:53:14.424 [FXGL Background Thread 3 ] DEBUG Engine               - profileDir: profiles/
21:53:14.424 [FXGL Background Thread 3 ] DEBUG Engine               - profileName: StringProperty [value: DEFAULT]
21:53:14.424 [FXGL Background Thread 3 ] DEBUG Engine               - randomSeed: -1
21:53:14.424 [FXGL Background Thread 3 ] DEBUG Engine               - runtimeInfo: RuntimeInfo(platform=WINDOWS, version=17.1, build=24.03.2022 17.34)
21:53:14.424 [FXGL Background Thread 3 ] DEBUG Engine               - saveFileExt: sav
21:53:14.424 [FXGL Background Thread 3 ] DEBUG Engine               - scaledHeightProp$fxgl: DoubleProperty [bound, value: 672.0]
21:53:14.424 [FXGL Background Thread 3 ] DEBUG Engine               - scaledWidthProp$fxgl: DoubleProperty [bound, value: 816.0]
21:53:14.424 [FXGL Background Thread 3 ] DEBUG Engine               - sceneFactory: com.leewyatt.github.tank.TankApp$1@4c7952c1
21:53:14.424 [FXGL Background Thread 3 ] DEBUG Engine               - secondsIn24h: 60
21:53:14.424 [FXGL Background Thread 3 ] DEBUG Engine               - soundMenuBack: menu/back.wav
21:53:14.424 [FXGL Background Thread 3 ] DEBUG Engine               - soundMenuPress: menu/press.wav
21:53:14.424 [FXGL Background Thread 3 ] DEBUG Engine               - soundMenuSelect: menu/select.wav
21:53:14.424 [FXGL Background Thread 3 ] DEBUG Engine               - soundNotification: core/notification.wav
21:53:14.424 [FXGL Background Thread 3 ] DEBUG Engine               - stageStyle: DECORATED
21:53:14.424 [FXGL Background Thread 3 ] DEBUG Engine               - supportedLanguages: [ENGLISH, FRENCH, GERMAN, HUNGARIAN, RUSSIAN]
21:53:14.424 [FXGL Background Thread 3 ] DEBUG Engine               - ticksPerSecond: -1
21:53:14.424 [FXGL Background Thread 3 ] DEBUG Engine               - title: 2023 Tank
21:53:14.424 [FXGL Background Thread 3 ] DEBUG Engine               - urlGithub: https://github.com/AlmasB/FXGL
21:53:14.424 [FXGL Background Thread 3 ] DEBUG Engine               - urlLeaderboard: http://fxgl-top.herokuapp.com/
21:53:14.424 [FXGL Background Thread 3 ] DEBUG Engine               - urlPOM: https://raw.githubusercontent.com/AlmasB/FXGL/release/README.md
21:53:14.425 [FXGL Background Thread 3 ] DEBUG Engine               - userAppClass: class com.leewyatt.github.tank.TankApp
21:53:14.425 [FXGL Background Thread 3 ] DEBUG Engine               - version: Version 1.0
21:53:14.425 [FXGL Background Thread 3 ] DEBUG Engine               - versionCheckDays: 7
21:53:14.425 [FXGL Background Thread 3 ] DEBUG Engine               - width: 816
21:53:14.425 [FXGL Background Thread 3 ] DEBUG Engine               - Logging services
21:53:14.425 [FXGL Background Thread 3 ] DEBUG Engine               - class com.almasb.fxgl.app.services.FXGLAssetLoaderService
21:53:14.425 [FXGL Background Thread 3 ] DEBUG Engine               - class com.almasb.fxgl.app.FXGLApplication$GameApplicationService
21:53:14.425 [FXGL Background Thread 3 ] DEBUG Engine               - class com.almasb.fxgl.app.services.FXGLDialogService
21:53:14.425 [FXGL Background Thread 3 ] DEBUG Engine               - class com.almasb.fxgl.app.services.IOTaskExecutorService
21:53:14.425 [FXGL Background Thread 3 ] DEBUG Engine               - class com.almasb.fxgl.io.FileSystemService
21:53:14.425 [FXGL Background Thread 3 ] DEBUG Engine               - class com.almasb.fxgl.localization.LocalizationService
21:53:14.425 [FXGL Background Thread 3 ] DEBUG Engine               - class com.almasb.fxgl.app.services.SystemBundleService
21:53:14.425 [FXGL Background Thread 3 ] DEBUG Engine               - class com.almasb.fxgl.profile.SaveLoadService
21:53:14.425 [FXGL Background Thread 3 ] DEBUG Engine               - class com.almasb.fxgl.ui.FXGLUIFactoryServiceProvider
21:53:14.425 [FXGL Background Thread 3 ] DEBUG Engine               - class com.almasb.fxgl.ui.FXGLDialogFactoryServiceProvider
21:53:14.425 [FXGL Background Thread 3 ] DEBUG Engine               - class com.almasb.fxgl.audio.AudioPlayer
21:53:14.425 [FXGL Background Thread 3 ] DEBUG Engine               - class com.almasb.fxgl.notification.impl.NotificationServiceProvider
21:53:14.425 [FXGL Background Thread 3 ] DEBUG Engine               - class com.almasb.fxgl.achievement.AchievementService
21:53:14.425 [FXGL Background Thread 3 ] DEBUG Engine               - class com.almasb.fxgl.cutscene.CutsceneService
21:53:14.425 [FXGL Background Thread 3 ] DEBUG Engine               - class com.almasb.fxgl.minigames.MiniGameService
21:53:14.425 [FXGL Background Thread 3 ] DEBUG Engine               - class com.almasb.fxgl.net.NetService
21:53:14.425 [FXGL Background Thread 3 ] DEBUG Engine               - class com.almasb.fxgl.app.services.UpdaterService
21:53:14.425 [FXGL Background Thread 3 ] DEBUG Engine               - class com.almasb.fxgl.dev.DevService
21:53:15.139 [JavaFX Application Thread] DEBUG FXGLApplication      - Exiting FXGL
21:53:15.139 [JavaFX Application Thread] DEBUG LoopRunner           - Stopping loop
21:53:15.139 [JavaFX Application Thread] DEBUG SystemBundleService  - Saving FXGL system data
21:53:15.141 [JavaFX Application Thread] DEBUG FileSystemAccess     - Writing to: E:\javaGame\test\tank\system\fxgl.bundle
21:53:15.141 [JavaFX Application Thread] DEBUG Async                - Shutting down background threads
21:53:15.141 [JavaFX Application Thread] DEBUG PrimaryStageWindow   - Closing main window
21:53:15.170 [JavaFX Application Thread] DEBUG Logger               - Closing Logger
