21:31:14.984 [main                     ] DEBUG Logger               - Configured Logger
21:31:15.004 [main                     ] DEBUG GameApplication      - Logging settings
Title: 2023 Tank
Version: Version 1.0
Width: 816
Height: 672
Fullscreen: false
Intro: false
Profiling: false
Single step:false
App Mode: DEVELOPER
Menu Key: ESCAPE
Stage Style: DECORATED
Scene Factory: class com.leewyatt.github.tank.TankApp$1

21:31:15.401 [JavaFX Application Thread] DEBUG FXGLApplication      - Initializing FXGL
21:31:15.404 [JavaFX Application Thread] INFO  Engine               - FXGL-17.1 (24.03.2022 17.34) on WINDOWS (J:17.0.8 FX:18)
21:31:15.404 [JavaFX Application Thread] DEBUG Engine               - JRE Vendor Name: Oracle Corporation
21:31:15.404 [JavaFX Application Thread] DEBUG Engine               - Running on OS: Windows 11 version 10.0
21:31:15.404 [JavaFX Application Thread] DEBUG Engine               - Architecture: amd64
21:31:15.404 [JavaFX Application Thread] INFO  Engine               - Source code and latest versions at: https://github.com/AlmasB/FXGL
21:31:15.404 [JavaFX Application Thread] INFO  Engine               -       Ask questions and discuss at: https://github.com/AlmasB/FXGL/discussions
21:31:15.404 [JavaFX Application Thread] INFO  Engine               -              Join the FXGL chat at: https://gitter.im/AlmasB/FXGL
21:31:15.454 [JavaFX Application Thread] DEBUG PrimaryStageWindow   - Creating a JavaFX scene
21:31:15.477 [JavaFX Application Thread] DEBUG PrimaryStageWindow   - Target settings size: 816.0 x 672.0
21:31:15.477 [JavaFX Application Thread] DEBUG PrimaryStageWindow   - Scaled scene size:    816.0 x 672.0
21:31:15.477 [JavaFX Application Thread] DEBUG PrimaryStageWindow   - Scaled ratio: (1.0, 1.0)
21:31:15.478 [JavaFX Application Thread] DEBUG PrimaryStageWindow   - Set initial scene to GameStartupScene
21:31:15.480 [JavaFX Application Thread] DEBUG PrimaryStageWindow   - Opening main window
21:31:15.544 [JavaFX Application Thread] DEBUG PrimaryStageWindow   - Window border size: (16.0, 39.0)
21:31:15.545 [JavaFX Application Thread] DEBUG PrimaryStageWindow   - Scaled size: 816.0 x 672.0
21:31:15.545 [JavaFX Application Thread] DEBUG PrimaryStageWindow   - Scaled ratio: (1.0, 1.0)
21:31:15.545 [JavaFX Application Thread] DEBUG PrimaryStageWindow   - Scene size: 816.0 x 672.0
21:31:15.545 [JavaFX Application Thread] DEBUG PrimaryStageWindow   - Stage size: 832.0 x 711.0
21:31:15.551 [FXGL Background Thread 1 ] DEBUG Engine               - Initializing environment variables
21:31:15.573 [FXGL Background Thread 1 ] DEBUG FXGLAssetLoaderServi - User app class for loading assets: class com.leewyatt.github.tank.TankApp
21:31:15.573 [FXGL Background Thread 1 ] DEBUG GameApplicationServi - Applying CSS: fxgl_dark.css
21:31:15.574 [FXGL Background Thread 1 ] DEBUG FXGLAssetLoaderServi - Loading from file system: jar:file:///C:/Users/cheng/.m2/repository/com/github/almasb/fxgl/17.1/fxgl-17.1.jar!/fxglassets/ui/css/fxgl_dark.css
21:31:15.590 [FXGL Background Thread 1 ] DEBUG GameApplicationServi - Applying CSS: tankApp.css
21:31:15.591 [FXGL Background Thread 1 ] DEBUG FXGLAssetLoaderServi - Loading from file system: file:/E:/javaGame/test/tank/target/classes/assets/ui/css/tankApp.css
21:31:15.592 [FXGL Background Thread 1 ] DEBUG GameApplicationServi - Initializing application scenes
21:31:15.596 [FXGL Background Thread 1 ] DEBUG GameWorld            - Game world initialized
21:31:15.633 [FXGL Background Thread 1 ] DEBUG PhysicsWorld         - Physics world initialized: appHeight=672, physics.ppm=50.0
21:31:15.633 [FXGL Background Thread 1 ] DEBUG PhysicsWorld         - Using strategy: BRUTE_FORCE
21:31:15.637 [FXGL Background Thread 1 ] DEBUG GameScene            - Game scene initialized: 816x672
21:31:15.640 [FXGL Background Thread 1 ] DEBUG FXGLAssetLoaderServi - Loading from file system: file:/E:/javaGame/test/tank/target/classes/assets/textures/ui/logo.png
21:31:15.660 [FXGL Background Thread 1 ] DEBUG FXGLAssetLoaderServi - Loading from file system: file:/E:/javaGame/test/tank/target/classes/assets/textures/ui/icon.png
21:31:15.670 [FXGL Background Thread 1 ] DEBUG FXGLAssetLoaderServi - Loading from file system: file:/E:/javaGame/test/tank/target/classes/assets/textures/ui/tankLoading.png
21:31:15.694 [FXGL Background Thread 1 ] DEBUG FXGLAssetLoaderServi - Loading from file system: file:/E:/javaGame/test/tank/target/classes/assets/textures/ui/fxgl.png
21:31:15.728 [FXGL Background Thread 1 ] DEBUG FXGL.DefaultMenu     - createMenuBodyGameMenu()
21:31:15.734 [FXGL Background Thread 1 ] DEBUG FXGL.DefaultMenu     - createOptionsMenu()
21:31:15.739 [FXGL Background Thread 1 ] DEBUG FXGLAssetLoaderServi - Loading from file system: jar:file:///C:/Users/cheng/.m2/repository/com/github/almasb/fxgl/17.1/fxgl-17.1.jar!/fxglassets/textures/particles/smoke.png
21:31:15.808 [FXGL Background Thread 1 ] DEBUG FXGLAssetLoaderServi - Loading from file system: jar:file:///C:/Users/cheng/.m2/repository/com/github/almasb/fxgl/17.1/fxgl-17.1.jar!/fxglassets/textures/particles/trace_horizontal.png
21:31:15.825 [FXGL Background Thread 1 ] DEBUG GameApplicationServi - Application scenes initialized
21:31:15.831 [FXGL Background Thread 1 ] DEBUG SystemBundleService  - Loading FXGL system data
21:31:15.835 [FXGL Background Thread 1 ] DEBUG FileSystemAccess     - Reading from: E:\javaGame\test\tank\system\fxgl.bundle
21:31:15.840 [FXGL Background Thread 1 ] DEBUG SystemBundleService  - Bundle FXGL: {}
21:31:15.840 [FXGL Background Thread 1 ] DEBUG UpdaterService       - Checking for updates
21:31:15.842 [FXGL Background Thread 4 ] DEBUG FXGLApplication      - Loading fonts
21:31:15.843 [FXGL Background Thread 1 ] DEBUG FXGLApplication      - Loading default localization
21:31:15.843 [FXGL Background Thread 4 ] DEBUG FXGLAssetLoaderServi - Loading from file system: jar:file:///C:/Users/cheng/.m2/repository/com/github/almasb/fxgl/17.1/fxgl-17.1.jar!/fxglassets/ui/fonts/VarelaRound-Regular.ttf
21:31:15.843 [FXGL Background Thread 1 ] DEBUG FXGLAssetLoaderServi - Loading from file system: jar:file:///C:/Users/cheng/.m2/repository/com/github/almasb/fxgl/17.1/fxgl-17.1.jar!/fxglassets/languages/english.lang
21:31:15.886 [FXGL Background Thread 1 ] INFO  FXGLApplication      - FXGL initialization took: 0.335 sec
21:31:15.896 [FXGL Background Thread 4 ] DEBUG FXGLAssetLoaderServi - Loading from file system: jar:file:///C:/Users/cheng/.m2/repository/com/github/almasb/fxgl/17.1/fxgl-17.1.jar!/fxglassets/ui/fonts/Abel-Regular.ttf
21:31:15.901 [JavaFX Application Thread] DEBUG Input                - Registered new binding: action0 - W
21:31:15.901 [JavaFX Application Thread] DEBUG Input                - Registered new binding: action1 - Up
21:31:15.902 [JavaFX Application Thread] DEBUG Input                - Registered new binding: action2 - S
21:31:15.902 [JavaFX Application Thread] DEBUG Input                - Registered new binding: action3 - Down
21:31:15.903 [FXGL Background Thread 4 ] DEBUG FXGLAssetLoaderServi - Loading from file system: jar:file:///C:/Users/cheng/.m2/repository/com/github/almasb/fxgl/17.1/fxgl-17.1.jar!/fxglassets/ui/fonts/TerminalLandMono-Regular.otf
21:31:15.903 [JavaFX Application Thread] DEBUG Input                - Registered new binding: action4 - A
21:31:15.903 [JavaFX Application Thread] DEBUG Input                - Registered new binding: action5 - Left
21:31:15.904 [JavaFX Application Thread] DEBUG Input                - Registered new binding: action6 - D
21:31:15.904 [JavaFX Application Thread] DEBUG Input                - Registered new binding: action7 - Right
21:31:15.905 [JavaFX Application Thread] DEBUG Input                - Registered new binding: action8 - Space
21:31:15.905 [JavaFX Application Thread] DEBUG Input                - Registered new binding: action9 - F
21:31:15.908 [JavaFX Application Thread] DEBUG FXGLAssetLoaderServi - Loading from file system: file:/E:/javaGame/test/tank/target/classes/assets/textures/ui/cursor.png
21:31:15.909 [FXGL Background Thread 4 ] DEBUG FXGLAssetLoaderServi - Loading from file system: jar:file:///C:/Users/cheng/.m2/repository/com/github/almasb/fxgl/17.1/fxgl-17.1.jar!/fxglassets/ui/fonts/Courier-Prime.ttf
21:31:15.912 [JavaFX Application Thread] DEBUG Input                - Registered new binding: Screenshot - CTRL+8
21:31:15.913 [JavaFX Application Thread] DEBUG Input                - Registered new binding: System info dump - CTRL+9
21:31:15.913 [JavaFX Application Thread] DEBUG Input                - Registered new binding: Restart - CTRL+R
21:31:15.913 [JavaFX Application Thread] DEBUG Input                - Registered new binding: Toggle Debug Camera - CTRL+7
21:31:15.917 [JavaFX Application Thread] DEBUG LoopRunner           - Starting loop
21:31:15.917 [JavaFX Application Thread] DEBUG LoopRunner           - Initializing JavaFX AnimationTimerLoop
21:31:15.920 [JavaFX Application Thread] DEBUG Input                - Clearing active input actions
21:31:15.925 [JavaFX Application Thread] DEBUG GameApplicationServi - Removing overlay from GameStartupScene and adding to FXGLMainMenuDummyScene
21:31:15.925 [JavaFX Application Thread] DEBUG PrimaryStageWindow   - GameStartupScene -> FXGLMainMenuDummyScene
21:31:15.925 [JavaFX Application Thread] DEBUG PrimaryStageWindow   - Push state: GameMainMenu
21:31:15.925 [JavaFX Application Thread] DEBUG FXGLAssetLoaderServi - Loading from file system: file:/E:/javaGame/test/tank/target/classes/assets/sounds/mainMenuLoad.wav
21:31:15.989 [JavaFX Application Thread] DEBUG Input                - Clearing active input actions
21:31:15.992 [JavaFX Application Thread] DEBUG GameApplicationServi - Removing overlay from FXGLMainMenuDummyScene and adding to GameMainMenu
21:31:15.992 [JavaFX Application Thread] DEBUG PrimaryStageWindow   - FXGLMainMenuDummyScene -> GameMainMenu
21:31:15.992 [JavaFX Application Thread] DEBUG FXGLApplication      - Registering font factories with UI factory
21:31:16.577 [FXGL Background Thread 2 ] INFO  UpdaterService       - Your current version:  17.1
21:31:16.577 [FXGL Background Thread 2 ] INFO  UpdaterService       - Latest stable version: 17.3
21:31:17.324 [JavaFX Application Thread] DEBUG FXGLApplication      - Exiting FXGL
21:31:17.324 [JavaFX Application Thread] DEBUG LoopRunner           - Stopping loop
21:31:17.324 [JavaFX Application Thread] DEBUG SystemBundleService  - Saving FXGL system data
21:31:17.325 [JavaFX Application Thread] DEBUG FileSystemAccess     - Writing to: E:\javaGame\test\tank\system\fxgl.bundle
21:31:17.329 [JavaFX Application Thread] DEBUG Async                - Shutting down background threads
21:31:17.329 [JavaFX Application Thread] DEBUG PrimaryStageWindow   - Closing main window
21:31:17.343 [JavaFX Application Thread] DEBUG Logger               - Closing Logger
