20:19:31.349 [main                     ] DEBUG Logger               - Configured Logger
20:19:31.373 [main                     ] DEBUG GameApplication      - Logging settings
Title: 2023 Tank
Version: Version 1.0
Width: 816
Height: 672
Fullscreen: false
Intro: false
Profiling: false
Single step:false
App Mode: DEVELOPER
Menu Key: ESCAPE
Stage Style: DECORATED
Scene Factory: class com.leewyatt.github.tank.TankApp$1

20:19:31.735 [JavaFX Application Thread] DEBUG FXGLApplication      - Initializing FXGL
20:19:31.739 [JavaFX Application Thread] INFO  Engine               - FXGL-17.1 (24.03.2022 17.34) on WINDOWS (J:17.0.8 FX:18)
20:19:31.739 [JavaFX Application Thread] DEBUG Engine               - JRE Vendor Name: Oracle Corporation
20:19:31.740 [JavaFX Application Thread] DEBUG Engine               - Running on OS: Windows 11 version 10.0
20:19:31.740 [JavaFX Application Thread] DEBUG Engine               - Architecture: amd64
20:19:31.740 [JavaFX Application Thread] INFO  Engine               - Source code and latest versions at: https://github.com/AlmasB/FXGL
20:19:31.740 [JavaFX Application Thread] INFO  Engine               -       Ask questions and discuss at: https://github.com/AlmasB/FXGL/discussions
20:19:31.740 [JavaFX Application Thread] INFO  Engine               -              Join the FXGL chat at: https://gitter.im/AlmasB/FXGL
20:19:31.793 [JavaFX Application Thread] DEBUG PrimaryStageWindow   - Creating a JavaFX scene
20:19:31.817 [JavaFX Application Thread] DEBUG PrimaryStageWindow   - Target settings size: 816.0 x 672.0
20:19:31.817 [JavaFX Application Thread] DEBUG PrimaryStageWindow   - Scaled scene size:    816.0 x 672.0
20:19:31.817 [JavaFX Application Thread] DEBUG PrimaryStageWindow   - Scaled ratio: (1.0, 1.0)
20:19:31.818 [JavaFX Application Thread] DEBUG PrimaryStageWindow   - Set initial scene to GameStartupScene
20:19:31.821 [JavaFX Application Thread] DEBUG PrimaryStageWindow   - Opening main window
20:19:31.950 [JavaFX Application Thread] DEBUG PrimaryStageWindow   - Window border size: (16.0, 39.0)
20:19:31.950 [JavaFX Application Thread] DEBUG PrimaryStageWindow   - Scaled size: 816.0 x 672.0
20:19:31.950 [JavaFX Application Thread] DEBUG PrimaryStageWindow   - Scaled ratio: (1.0, 1.0)
20:19:31.950 [JavaFX Application Thread] DEBUG PrimaryStageWindow   - Scene size: 816.0 x 672.0
20:19:31.951 [JavaFX Application Thread] DEBUG PrimaryStageWindow   - Stage size: 832.0 x 711.0
20:19:31.955 [FXGL Background Thread 1 ] DEBUG Engine               - Initializing environment variables
20:19:31.976 [FXGL Background Thread 1 ] DEBUG FXGLAssetLoaderServi - User app class for loading assets: class com.leewyatt.github.tank.TankApp
20:19:31.976 [FXGL Background Thread 1 ] DEBUG GameApplicationServi - Applying CSS: fxgl_dark.css
20:19:31.977 [FXGL Background Thread 1 ] DEBUG FXGLAssetLoaderServi - Loading from file system: jar:file:///D:/MAVEN/localRepository/com/github/almasb/fxgl/17.1/fxgl-17.1.jar!/fxglassets/ui/css/fxgl_dark.css
20:19:31.994 [FXGL Background Thread 1 ] DEBUG GameApplicationServi - Applying CSS: tankApp.css
20:19:31.995 [FXGL Background Thread 1 ] DEBUG FXGLAssetLoaderServi - Loading from file system: file:/E:/javaGame/FXGL_Tank-main/target/classes/assets/ui/css/tankApp.css
20:19:31.996 [FXGL Background Thread 1 ] DEBUG GameApplicationServi - Initializing application scenes
20:19:32.000 [FXGL Background Thread 1 ] DEBUG GameWorld            - Game world initialized
20:19:32.043 [FXGL Background Thread 1 ] DEBUG PhysicsWorld         - Physics world initialized: appHeight=672, physics.ppm=50.0
20:19:32.044 [FXGL Background Thread 1 ] DEBUG PhysicsWorld         - Using strategy: BRUTE_FORCE
20:19:32.047 [FXGL Background Thread 1 ] DEBUG GameScene            - Game scene initialized: 816x672
20:19:32.049 [FXGL Background Thread 1 ] DEBUG FXGLAssetLoaderServi - Loading from file system: file:/E:/javaGame/FXGL_Tank-main/target/classes/assets/textures/ui/logo.png
20:19:32.062 [FXGL Background Thread 1 ] DEBUG FXGLAssetLoaderServi - Loading from file system: file:/E:/javaGame/FXGL_Tank-main/target/classes/assets/textures/ui/icon.png
20:19:32.072 [FXGL Background Thread 1 ] DEBUG FXGLAssetLoaderServi - Loading from file system: file:/E:/javaGame/FXGL_Tank-main/target/classes/assets/textures/ui/tankLoading.png
20:19:32.094 [FXGL Background Thread 1 ] DEBUG FXGLAssetLoaderServi - Loading from file system: file:/E:/javaGame/FXGL_Tank-main/target/classes/assets/textures/ui/fxgl.png
20:19:32.124 [FXGL Background Thread 1 ] DEBUG FXGL.DefaultMenu     - createMenuBodyGameMenu()
20:19:32.135 [FXGL Background Thread 1 ] DEBUG FXGL.DefaultMenu     - createOptionsMenu()
20:19:32.145 [FXGL Background Thread 1 ] DEBUG FXGLAssetLoaderServi - Loading from file system: jar:file:///D:/MAVEN/localRepository/com/github/almasb/fxgl/17.1/fxgl-17.1.jar!/fxglassets/textures/particles/smoke.png
20:19:32.209 [FXGL Background Thread 1 ] DEBUG FXGLAssetLoaderServi - Loading from file system: jar:file:///D:/MAVEN/localRepository/com/github/almasb/fxgl/17.1/fxgl-17.1.jar!/fxglassets/textures/particles/trace_horizontal.png
20:19:32.225 [FXGL Background Thread 1 ] DEBUG GameApplicationServi - Application scenes initialized
20:19:32.233 [FXGL Background Thread 1 ] DEBUG SystemBundleService  - Loading FXGL system data
20:19:32.236 [FXGL Background Thread 1 ] DEBUG FileSystemAccess     - Reading from: E:\javaGame\FXGL_Tank-main\system\fxgl.bundle
20:19:32.239 [FXGL Background Thread 1 ] DEBUG SystemBundleService  - Bundle FXGL: {}
20:19:32.239 [FXGL Background Thread 1 ] DEBUG UpdaterService       - Checking for updates
20:19:32.241 [FXGL Background Thread 4 ] DEBUG FXGLApplication      - Loading fonts
20:19:32.242 [FXGL Background Thread 1 ] DEBUG FXGLApplication      - Loading default localization
20:19:32.242 [FXGL Background Thread 4 ] DEBUG FXGLAssetLoaderServi - Loading from file system: jar:file:///D:/MAVEN/localRepository/com/github/almasb/fxgl/17.1/fxgl-17.1.jar!/fxglassets/ui/fonts/VarelaRound-Regular.ttf
20:19:32.242 [FXGL Background Thread 1 ] DEBUG FXGLAssetLoaderServi - Loading from file system: jar:file:///D:/MAVEN/localRepository/com/github/almasb/fxgl/17.1/fxgl-17.1.jar!/fxglassets/languages/english.lang
20:19:32.262 [FXGL Background Thread 1 ] INFO  FXGLApplication      - FXGL initialization took: 0.306 sec
20:19:32.270 [JavaFX Application Thread] DEBUG Input                - Registered new binding: action0 - W
20:19:32.271 [JavaFX Application Thread] DEBUG Input                - Registered new binding: action1 - Up
20:19:32.271 [JavaFX Application Thread] DEBUG Input                - Registered new binding: action2 - S
20:19:32.272 [JavaFX Application Thread] DEBUG Input                - Registered new binding: action3 - Down
20:19:32.272 [JavaFX Application Thread] DEBUG Input                - Registered new binding: action4 - A
20:19:32.273 [JavaFX Application Thread] DEBUG Input                - Registered new binding: action5 - Left
20:19:32.273 [JavaFX Application Thread] DEBUG Input                - Registered new binding: action6 - D
20:19:32.273 [JavaFX Application Thread] DEBUG Input                - Registered new binding: action7 - Right
20:19:32.274 [JavaFX Application Thread] DEBUG Input                - Registered new binding: action8 - Space
20:19:32.274 [JavaFX Application Thread] DEBUG Input                - Registered new binding: action9 - F
20:19:32.278 [JavaFX Application Thread] DEBUG FXGLAssetLoaderServi - Loading from file system: file:/E:/javaGame/FXGL_Tank-main/target/classes/assets/textures/ui/cursor.png
20:19:32.281 [JavaFX Application Thread] DEBUG Input                - Registered new binding: Screenshot - CTRL+8
20:19:32.282 [JavaFX Application Thread] DEBUG Input                - Registered new binding: System info dump - CTRL+9
20:19:32.283 [JavaFX Application Thread] DEBUG Input                - Registered new binding: Restart - CTRL+R
20:19:32.285 [JavaFX Application Thread] DEBUG Input                - Registered new binding: Toggle Debug Camera - CTRL+7
20:19:32.289 [JavaFX Application Thread] DEBUG LoopRunner           - Starting loop
20:19:32.289 [JavaFX Application Thread] DEBUG LoopRunner           - Initializing JavaFX AnimationTimerLoop
20:19:32.292 [FXGL Background Thread 4 ] DEBUG FXGLAssetLoaderServi - Loading from file system: jar:file:///D:/MAVEN/localRepository/com/github/almasb/fxgl/17.1/fxgl-17.1.jar!/fxglassets/ui/fonts/Abel-Regular.ttf
20:19:32.292 [JavaFX Application Thread] DEBUG Input                - Clearing active input actions
20:19:32.297 [JavaFX Application Thread] DEBUG GameApplicationServi - Removing overlay from GameStartupScene and adding to FXGLMainMenuDummyScene
20:19:32.297 [JavaFX Application Thread] DEBUG PrimaryStageWindow   - GameStartupScene -> FXGLMainMenuDummyScene
20:19:32.297 [JavaFX Application Thread] DEBUG PrimaryStageWindow   - Push state: GameMainMenu
20:19:32.297 [JavaFX Application Thread] DEBUG FXGLAssetLoaderServi - Loading from file system: file:/E:/javaGame/FXGL_Tank-main/target/classes/assets/sounds/mainMenuLoad.wav
20:19:32.297 [FXGL Background Thread 4 ] DEBUG FXGLAssetLoaderServi - Loading from file system: jar:file:///D:/MAVEN/localRepository/com/github/almasb/fxgl/17.1/fxgl-17.1.jar!/fxglassets/ui/fonts/TerminalLandMono-Regular.otf
20:19:32.302 [FXGL Background Thread 4 ] DEBUG FXGLAssetLoaderServi - Loading from file system: jar:file:///D:/MAVEN/localRepository/com/github/almasb/fxgl/17.1/fxgl-17.1.jar!/fxglassets/ui/fonts/Courier-Prime.ttf
20:19:32.366 [JavaFX Application Thread] DEBUG Input                - Clearing active input actions
20:19:32.369 [JavaFX Application Thread] DEBUG GameApplicationServi - Removing overlay from FXGLMainMenuDummyScene and adding to GameMainMenu
20:19:32.369 [JavaFX Application Thread] DEBUG PrimaryStageWindow   - FXGLMainMenuDummyScene -> GameMainMenu
20:19:32.425 [JavaFX Application Thread] DEBUG FXGLApplication      - Registering font factories with UI factory
20:19:32.811 [FXGL Background Thread 2 ] INFO  UpdaterService       - Your current version:  17.1
20:19:32.811 [FXGL Background Thread 2 ] INFO  UpdaterService       - Latest stable version: 17.3
20:19:34.368 [JavaFX Application Thread] DEBUG FXGLAssetLoaderServi - Loading from file system: file:/E:/javaGame/FXGL_Tank-main/target/classes/assets/sounds/mainMenuHover.wav
20:19:35.242 [FXGL Background Thread 3 ] DEBUG Engine               - Logging environment variables
20:19:35.242 [FXGL Background Thread 3 ] DEBUG Engine               - achievements: []
20:19:35.242 [FXGL Background Thread 3 ] DEBUG Engine               - actualHeight: 672.0
20:19:35.242 [FXGL Background Thread 3 ] DEBUG Engine               - actualHeightProperty: ReadOnlyDoubleProperty [value: 672.0]
20:19:35.242 [FXGL Background Thread 3 ] DEBUG Engine               - actualWidth: 816.0
20:19:35.242 [FXGL Background Thread 3 ] DEBUG Engine               - actualWidthProperty: ReadOnlyDoubleProperty [value: 816.0]
20:19:35.242 [FXGL Background Thread 3 ] DEBUG Engine               - appIcon: ui/icon.png
20:19:35.242 [FXGL Background Thread 3 ] DEBUG Engine               - applicationMode: DEVELOPER
20:19:35.242 [FXGL Background Thread 3 ] DEBUG Engine               - cSSList: [fxgl_dark.css, tankApp.css]
20:19:35.242 [FXGL Background Thread 3 ] DEBUG Engine               - collisionDetectionStrategy: BRUTE_FORCE
20:19:35.242 [FXGL Background Thread 3 ] DEBUG Engine               - configClass: Optional.empty
20:19:35.242 [FXGL Background Thread 3 ] DEBUG Engine               - credits: []
20:19:35.243 [FXGL Background Thread 3 ] DEBUG Engine               - defaultCursor: CursorInfo(imageName=ui/cursor.png, hotspotX=0.0, hotspotY=0.0)
20:19:35.243 [FXGL Background Thread 3 ] DEBUG Engine               - devBBoxColorProperty: ObjectProperty [value: 0xff0000ff]
20:19:35.243 [FXGL Background Thread 3 ] DEBUG Engine               - devEnableDebugCameraProperty: BooleanProperty [value: false]
20:19:35.243 [FXGL Background Thread 3 ] DEBUG Engine               - devSensorColorProperty: ObjectProperty [value: 0xffff00ff]
20:19:35.244 [FXGL Background Thread 3 ] DEBUG Engine               - devShowBBoxProperty: BooleanProperty [value: false]
20:19:35.244 [FXGL Background Thread 3 ] DEBUG Engine               - devShowPositionProperty: BooleanProperty [value: false]
20:19:35.244 [FXGL Background Thread 3 ] DEBUG Engine               - enabledMenuItems: []
20:19:35.244 [FXGL Background Thread 3 ] DEBUG Engine               - engineServices: [class com.almasb.fxgl.app.services.FXGLAssetLoaderService, class com.almasb.fxgl.app.FXGLApplication$GameApplicationService, class com.almasb.fxgl.app.services.FXGLDialogService, class com.almasb.fxgl.app.services.IOTaskExecutorService, class com.almasb.fxgl.io.FileSystemService, class com.almasb.fxgl.localization.LocalizationService, class com.almasb.fxgl.app.services.SystemBundleService, class com.almasb.fxgl.profile.SaveLoadService, class com.almasb.fxgl.ui.FXGLUIFactoryServiceProvider, class com.almasb.fxgl.ui.FXGLDialogFactoryServiceProvider, class com.almasb.fxgl.audio.AudioPlayer, class com.almasb.fxgl.notification.impl.NotificationServiceProvider, class com.almasb.fxgl.achievement.AchievementService, class com.almasb.fxgl.cutscene.CutsceneService, class com.almasb.fxgl.minigames.MiniGameService, class com.almasb.fxgl.net.NetService, class com.almasb.fxgl.app.services.UpdaterService, class com.almasb.fxgl.dev.DevService]
20:19:35.244 [FXGL Background Thread 3 ] DEBUG Engine               - fontGame: Abel-Regular.ttf
20:19:35.244 [FXGL Background Thread 3 ] DEBUG Engine               - fontMono: TerminalLandMono-Regular.otf
20:19:35.244 [FXGL Background Thread 3 ] DEBUG Engine               - fontText: Courier-Prime.ttf
20:19:35.244 [FXGL Background Thread 3 ] DEBUG Engine               - fontUI: VarelaRound-Regular.ttf
20:19:35.244 [FXGL Background Thread 3 ] DEBUG Engine               - fullScreen: BooleanProperty [value: false]
20:19:35.244 [FXGL Background Thread 3 ] DEBUG Engine               - gameDifficulty: MEDIUM
20:19:35.244 [FXGL Background Thread 3 ] DEBUG Engine               - gameDifficultyProperty: ObjectProperty [value: MEDIUM]
20:19:35.244 [FXGL Background Thread 3 ] DEBUG Engine               - globalMusicVolume: 0.5
20:19:35.244 [FXGL Background Thread 3 ] DEBUG Engine               - globalMusicVolumeProperty: DoubleProperty [value: 0.5]
20:19:35.244 [FXGL Background Thread 3 ] DEBUG Engine               - globalSoundVolume: 0.5
20:19:35.244 [FXGL Background Thread 3 ] DEBUG Engine               - globalSoundVolumeProperty: DoubleProperty [value: 0.5]
20:19:35.244 [FXGL Background Thread 3 ] DEBUG Engine               - height: 672
20:19:35.244 [FXGL Background Thread 3 ] DEBUG Engine               - is3D: false
20:19:35.244 [FXGL Background Thread 3 ] DEBUG Engine               - isAndroid: false
20:19:35.244 [FXGL Background Thread 3 ] DEBUG Engine               - isBrowser: false
20:19:35.244 [FXGL Background Thread 3 ] DEBUG Engine               - isClickFeedbackEnabled: false
20:19:35.244 [FXGL Background Thread 3 ] DEBUG Engine               - isCloseConfirmation: false
20:19:35.244 [FXGL Background Thread 3 ] DEBUG Engine               - isDesktop: true
20:19:35.244 [FXGL Background Thread 3 ] DEBUG Engine               - isDeveloperMenuEnabled: false
20:19:35.244 [FXGL Background Thread 3 ] DEBUG Engine               - isEmbedded: false
20:19:35.244 [FXGL Background Thread 3 ] DEBUG Engine               - isEntityPreloadEnabled: true
20:19:35.244 [FXGL Background Thread 3 ] DEBUG Engine               - isExperimentalTiledLargeMap: false
20:19:35.244 [FXGL Background Thread 3 ] DEBUG Engine               - isFileSystemWriteAllowed: true
20:19:35.244 [FXGL Background Thread 3 ] DEBUG Engine               - isFullScreenAllowed: false
20:19:35.244 [FXGL Background Thread 3 ] DEBUG Engine               - isFullScreenFromStart: false
20:19:35.244 [FXGL Background Thread 3 ] DEBUG Engine               - isGameMenuEnabled: true
20:19:35.244 [FXGL Background Thread 3 ] DEBUG Engine               - isIOS: false
20:19:35.244 [FXGL Background Thread 3 ] DEBUG Engine               - isIntroEnabled: false
20:19:35.244 [FXGL Background Thread 3 ] DEBUG Engine               - isLinux: false
20:19:35.244 [FXGL Background Thread 3 ] DEBUG Engine               - isMac: false
20:19:35.244 [FXGL Background Thread 3 ] DEBUG Engine               - isMainMenuEnabled: true
20:19:35.244 [FXGL Background Thread 3 ] DEBUG Engine               - isManualResizeEnabled: false
20:19:35.244 [FXGL Background Thread 3 ] DEBUG Engine               - isMobile: false
20:19:35.244 [FXGL Background Thread 3 ] DEBUG Engine               - isNative: false
20:19:35.244 [FXGL Background Thread 3 ] DEBUG Engine               - isPauseMusicWhenMinimized: true
20:19:35.244 [FXGL Background Thread 3 ] DEBUG Engine               - isPreserveResizeRatio: false
20:19:35.244 [FXGL Background Thread 3 ] DEBUG Engine               - isProfilingEnabled: false
20:19:35.245 [FXGL Background Thread 3 ] DEBUG Engine               - isScaleAffectedOnResize: true
20:19:35.245 [FXGL Background Thread 3 ] DEBUG Engine               - isSingleStep: false
20:19:35.245 [FXGL Background Thread 3 ] DEBUG Engine               - isUserProfileEnabled: false
20:19:35.245 [FXGL Background Thread 3 ] DEBUG Engine               - isWindows: true
20:19:35.245 [FXGL Background Thread 3 ] DEBUG Engine               - language: ObjectProperty [value: ENGLISH]
20:19:35.245 [FXGL Background Thread 3 ] DEBUG Engine               - menuKey: ESCAPE
20:19:35.245 [FXGL Background Thread 3 ] DEBUG Engine               - mouseSensitivity: 0.2
20:19:35.245 [FXGL Background Thread 3 ] DEBUG Engine               - notificationViewClass: class com.almasb.fxgl.notification.view.XboxNotificationView
20:19:35.245 [FXGL Background Thread 3 ] DEBUG Engine               - pixelsPerMeter: 50.0
20:19:35.245 [FXGL Background Thread 3 ] DEBUG Engine               - platform: WINDOWS
20:19:35.245 [FXGL Background Thread 3 ] DEBUG Engine               - prefHeightProperty: ReadOnlyDoubleProperty [value: 672.0]
20:19:35.245 [FXGL Background Thread 3 ] DEBUG Engine               - prefWidthProperty: ReadOnlyDoubleProperty [value: 816.0]
20:19:35.245 [FXGL Background Thread 3 ] DEBUG Engine               - profileDir: profiles/
20:19:35.245 [FXGL Background Thread 3 ] DEBUG Engine               - profileName: StringProperty [value: DEFAULT]
20:19:35.245 [FXGL Background Thread 3 ] DEBUG Engine               - randomSeed: -1
20:19:35.246 [FXGL Background Thread 3 ] DEBUG Engine               - runtimeInfo: RuntimeInfo(platform=WINDOWS, version=17.1, build=24.03.2022 17.34)
20:19:35.246 [FXGL Background Thread 3 ] DEBUG Engine               - saveFileExt: sav
20:19:35.246 [FXGL Background Thread 3 ] DEBUG Engine               - scaledHeightProp$fxgl: DoubleProperty [bound, value: 672.0]
20:19:35.246 [FXGL Background Thread 3 ] DEBUG Engine               - scaledWidthProp$fxgl: DoubleProperty [bound, value: 816.0]
20:19:35.246 [FXGL Background Thread 3 ] DEBUG Engine               - sceneFactory: com.leewyatt.github.tank.TankApp$1@7d3c87a
20:19:35.246 [FXGL Background Thread 3 ] DEBUG Engine               - secondsIn24h: 60
20:19:35.246 [FXGL Background Thread 3 ] DEBUG Engine               - soundMenuBack: menu/back.wav
20:19:35.246 [FXGL Background Thread 3 ] DEBUG Engine               - soundMenuPress: menu/press.wav
20:19:35.246 [FXGL Background Thread 3 ] DEBUG Engine               - soundMenuSelect: menu/select.wav
20:19:35.246 [FXGL Background Thread 3 ] DEBUG Engine               - soundNotification: core/notification.wav
20:19:35.246 [FXGL Background Thread 3 ] DEBUG Engine               - stageStyle: DECORATED
20:19:35.246 [FXGL Background Thread 3 ] DEBUG Engine               - supportedLanguages: [ENGLISH, FRENCH, GERMAN, HUNGARIAN, RUSSIAN]
20:19:35.246 [FXGL Background Thread 3 ] DEBUG Engine               - ticksPerSecond: -1
20:19:35.246 [FXGL Background Thread 3 ] DEBUG Engine               - title: 2023 Tank
20:19:35.246 [FXGL Background Thread 3 ] DEBUG Engine               - urlGithub: https://github.com/AlmasB/FXGL
20:19:35.246 [FXGL Background Thread 3 ] DEBUG Engine               - urlLeaderboard: http://fxgl-top.herokuapp.com/
20:19:35.246 [FXGL Background Thread 3 ] DEBUG Engine               - urlPOM: https://raw.githubusercontent.com/AlmasB/FXGL/release/README.md
20:19:35.246 [FXGL Background Thread 3 ] DEBUG Engine               - userAppClass: class com.leewyatt.github.tank.TankApp
20:19:35.246 [FXGL Background Thread 3 ] DEBUG Engine               - version: Version 1.0
20:19:35.246 [FXGL Background Thread 3 ] DEBUG Engine               - versionCheckDays: 7
20:19:35.246 [FXGL Background Thread 3 ] DEBUG Engine               - width: 816
20:19:35.246 [FXGL Background Thread 3 ] DEBUG Engine               - Logging services
20:19:35.246 [FXGL Background Thread 3 ] DEBUG Engine               - class com.almasb.fxgl.app.services.FXGLAssetLoaderService
20:19:35.246 [FXGL Background Thread 3 ] DEBUG Engine               - class com.almasb.fxgl.app.FXGLApplication$GameApplicationService
20:19:35.246 [FXGL Background Thread 3 ] DEBUG Engine               - class com.almasb.fxgl.app.services.FXGLDialogService
20:19:35.246 [FXGL Background Thread 3 ] DEBUG Engine               - class com.almasb.fxgl.app.services.IOTaskExecutorService
20:19:35.246 [FXGL Background Thread 3 ] DEBUG Engine               - class com.almasb.fxgl.io.FileSystemService
20:19:35.246 [FXGL Background Thread 3 ] DEBUG Engine               - class com.almasb.fxgl.localization.LocalizationService
20:19:35.246 [FXGL Background Thread 3 ] DEBUG Engine               - class com.almasb.fxgl.app.services.SystemBundleService
20:19:35.246 [FXGL Background Thread 3 ] DEBUG Engine               - class com.almasb.fxgl.profile.SaveLoadService
20:19:35.246 [FXGL Background Thread 3 ] DEBUG Engine               - class com.almasb.fxgl.ui.FXGLUIFactoryServiceProvider
20:19:35.246 [FXGL Background Thread 3 ] DEBUG Engine               - class com.almasb.fxgl.ui.FXGLDialogFactoryServiceProvider
20:19:35.246 [FXGL Background Thread 3 ] DEBUG Engine               - class com.almasb.fxgl.audio.AudioPlayer
20:19:35.246 [FXGL Background Thread 3 ] DEBUG Engine               - class com.almasb.fxgl.notification.impl.NotificationServiceProvider
20:19:35.246 [FXGL Background Thread 3 ] DEBUG Engine               - class com.almasb.fxgl.achievement.AchievementService
20:19:35.246 [FXGL Background Thread 3 ] DEBUG Engine               - class com.almasb.fxgl.cutscene.CutsceneService
20:19:35.246 [FXGL Background Thread 3 ] DEBUG Engine               - class com.almasb.fxgl.minigames.MiniGameService
20:19:35.246 [FXGL Background Thread 3 ] DEBUG Engine               - class com.almasb.fxgl.net.NetService
20:19:35.246 [FXGL Background Thread 3 ] DEBUG Engine               - class com.almasb.fxgl.app.services.UpdaterService
20:19:35.246 [FXGL Background Thread 3 ] DEBUG Engine               - class com.almasb.fxgl.dev.DevService
20:19:45.877 [JavaFX Application Thread] DEBUG FXGLApplication      - Exiting FXGL
20:19:45.877 [JavaFX Application Thread] DEBUG LoopRunner           - Stopping loop
20:19:45.877 [JavaFX Application Thread] DEBUG SystemBundleService  - Saving FXGL system data
20:19:45.878 [JavaFX Application Thread] DEBUG FileSystemAccess     - Writing to: E:\javaGame\FXGL_Tank-main\system\fxgl.bundle
20:19:45.879 [JavaFX Application Thread] DEBUG Async                - Shutting down background threads
20:19:45.879 [JavaFX Application Thread] DEBUG PrimaryStageWindow   - Closing main window
20:19:45.911 [JavaFX Application Thread] DEBUG Logger               - Closing Logger
